"../../../Engine/Content/BasicShapes/BasicShapeMaterial.uasset" 0
"../../../Engine/Content/Functions/Engine_MaterialFunctions01/Opacity/CameraDepthFade.uasset" 1
"../../../Engine/Content/EngineMaterials/T_Default_Material_Grid_M.uasset" 2
"../../../Engine/Content/EngineMaterials/T_Default_Material_Grid_N.uasset" 3
"../../../Engine/Content/EngineMaterials/WorldGridMaterial.uasset" 4
"../../../Engine/Content/BasicShapes/Cube.uasset" 5
"../../../TechNoia/Content/ClickThis.uasset" 6
"../../../TechNoia/Content/FirstPerson/Character/Mesh/SK_Mannequin_Arms_Skeleton.uasset" 7
"../../../TechNoia/Content/FirstPerson/Animations/FirstPerson_Idle.uasset" 8
"../../../TechNoia/Content/FirstPerson/Animations/FirstPerson_JumpEnd.uasset" 9
"../../../TechNoia/Content/FirstPerson/Animations/FirstPerson_JumpLoop.uasset" 10
"../../../TechNoia/Content/FirstPerson/Animations/FirstPerson_JumpStart.uasset" 11
"../../../TechNoia/Content/FirstPerson/Animations/FirstPerson_Run.uasset" 12
"../../../Engine/Content/EditorBlueprintResources/StandardMacros.uasset" 13
"../../../TechNoia/Content/FirstPerson/Animations/FirstPerson_AnimBP.uasset" 14
"../../../TechNoia/Content/FirstPerson/Animations/FirstPerson_Fire.uasset" 15
"../../../TechNoia/Content/FirstPerson/Animations/FirstPersonFire_Montage.uasset" 16
"../../../Engine/Content/EngineMeshes/Humanoid.uasset" 17
"../../../TechNoia/Content/Lucie/Lucie_Main_Skeleton.uasset" 18
"../../../TechNoia/Content/Lucie/Lucie_Animations/ThirdPerson_Jump.uasset" 19
"../../../TechNoia/Content/Lucie/Lucie_Animations/ThirdPersonJump_Loop.uasset" 20
"../../../TechNoia/Content/Lucie/Lucie_Animations/ThirdPersonJump_Start.uasset" 21
"../../../TechNoia/Content/Lucie/Lucie_Animations/ThirdPersonIdle.uasset" 22
"../../../TechNoia/Content/Lucie/Lucie_Animations/ThirdPersonRun.uasset" 23
"../../../TechNoia/Content/Lucie/Lucie_Animations/ThirdPersonWalk.uasset" 24
"../../../TechNoia/Content/Lucie/Lucie_Animations/ThirdPerson_IdleRun_2D.uasset" 25
"../../../TechNoia/Content/Lucie/Lucie_Animations/Lucie_AnimBP.uasset" 26
"../../../TechNoia/Content/FirstPerson/Meshes/BaseMaterial.uasset" 27
"../../../TechNoia/Content/FirstPerson/Meshes/FirstPersonProjectileMaterial.uasset" 28
"../../../TechNoia/Content/FirstPerson/Meshes/FirstPersonProjectileMesh.uasset" 29
"../../../TechNoia/Content/FirstPersonBP/Blueprints/FirstPersonProjectile.uasset" 30
"../../../TechNoia/Content/SurvivorVision/Blueprints/BPInt_SurvivorVision_Character.uasset" 31
"../../../TechNoia/Content/SurvivorVision/Blueprints/BPInt_SurvivorVision_Controller.uasset" 32
"../../../TechNoia/Content/SurvivorVision/Materials/SurvivorVision/Functions/MPC_SurvivorVisionParameters.uasset" 33
"../../../TechNoia/Content/SurvivorVision/Textures/SurvivorVision/T_ObjectIndicator.uasset" 34
"../../../TechNoia/Content/SurvivorVision/Materials/SurvivorVision/Parents/M_ObjectIndicator.uasset" 35
"../../../TechNoia/Content/SurvivorVision/Blueprints/Widgets/ItemIndicator.uasset" 36
"../../../TechNoia/Content/SurvivorVision/Blueprints/Widgets/SurvivorVisionHUD.uasset" 37
"../../../TechNoia/Content/SurvivorVision/Blueprints/E_DynamicHighlights.uasset" 38
"../../../TechNoia/Content/SurvivorVision/Blueprints/SurvivorVisionManager.uasset" 39
"../../../TechNoia/Content/Fonts/Thorne-n.uasset" 40
"../../../TechNoia/Content/Fonts/Thorne-n_Font.uasset" 41
"../../../TechNoia/Content/Menus/MenuAssets/TechNoiaGameOver.uasset" 42
"../../../TechNoia/Content/Menus/MenuAssets/TechNoiaLogo_MenuMat1.uasset" 43
"../../../TechNoia/Content/Menus/GameOverRealWorldWidget.uasset" 44
"../../../TechNoia/Content/Menus/GameOverWidget.uasset" 45
"../../../TechNoia/Content/Menus/PauseMenu.uasset" 46
"../../../TechNoia/Content/TechNoia_GI.uasset" 47
"../../../TechNoia/Content/Sounds/Barry.uasset" 48
"../../../TechNoia/Content/Sounds/Matt.uasset" 49
"../../../TechNoia/Content/Sounds/VoiceOver/MegaBlocksIntro_UE.uasset" 50
"../../../TechNoia/Content/Sounds/VoiceOver/DW_MegaBlocksIntro.uasset" 51
"../../../TechNoia/Content/SurvivorVision/Materials/SurvivorVision/Parents/M_InitialPulse.uasset" 52
"../../../TechNoia/Content/SurvivorVision/Materials/SurvivorVision/Children/MI_InitialPulse_Default.uasset" 53
"../../../Engine/Content/Functions/Engine_MaterialFunctions02/Utility/BreakOutFloat3Components.uasset" 54
"../../../Engine/Content/Functions/Engine_MaterialFunctions02/Utility/MakeFloat4.uasset" 55
"../../../TechNoia/Content/SurvivorVision/Materials/SurvivorVision/Functions/MF_CalculateEdgeShift.uasset" 56
"../../../TechNoia/Content/SurvivorVision/Materials/SurvivorVision/Functions/MF_EdgeDetectionBase.uasset" 57
"../../../TechNoia/Content/SurvivorVision/Materials/SurvivorVision/Functions/MF_Fill.uasset" 58
"../../../TechNoia/Content/SurvivorVision/Materials/SurvivorVision/Functions/MF_Opacity.uasset" 59
"../../../TechNoia/Content/SurvivorVision/Materials/SurvivorVision/Functions/MF_OutlineFunctions.uasset" 60
"../../../TechNoia/Content/SurvivorVision/Materials/SurvivorVision/Functions/MF_TotalEdgeDetection.uasset" 61
"../../../TechNoia/Content/SurvivorVision/Materials/SurvivorVision/Functions/MF_Outline.uasset" 62
"../../../TechNoia/Content/SurvivorVision/Materials/SurvivorVision/Functions/MF_Pulsate.uasset" 63
"../../../TechNoia/Content/SurvivorVision/Textures/SurvivorVision/T_FillTexture.uasset" 64
"../../../TechNoia/Content/SurvivorVision/Materials/SurvivorVision/Parents/M_SurvivorVision.uasset" 65
"../../../TechNoia/Content/SurvivorVision/Materials/SurvivorVision/Children/MI_SurvivorVision_Default.uasset" 66
"../../../Engine/Content/EngineMaterials/DefaultMaterial.uasset" 67
"../../../Engine/Content/BasicShapes/Sphere.uasset" 68
"../../../TechNoia/Content/FirstPerson/Audio/FirstPersonTemplateWeaponFire02.uasset" 69
"../../../Engine/Content/Functions/Engine_MaterialFunctions02/Utility/BlendAngleCorrectedNormals.uasset" 70
"../../../Engine/Content/Functions/MaterialLayerFunctions/MatLayerBlend_NormalBlend.uasset" 71
"../../../Engine/Content/Functions/MaterialLayerFunctions/MatLayerBlend_Simple.uasset" 72
"../../../TechNoia/Content/FirstPerson/Character/Materials/MaterialLayers/T_ML_Rubber_Blue_01_D.uasset" 73
"../../../TechNoia/Content/FirstPerson/Character/Materials/MaterialLayers/T_ML_Rubber_Blue_01_N.uasset" 74
"../../../TechNoia/Content/FirstPerson/Character/Materials/MaterialLayers/ML_GlossyBlack_Latex_UE4.uasset" 75
"../../../TechNoia/Content/FirstPerson/Character/Materials/MaterialLayers/ML_Plastic_Shiny_Beige.uasset" 76
"../../../TechNoia/Content/FirstPerson/Character/Textures/UE4_LOGO_CARD.uasset" 77
"../../../TechNoia/Content/FirstPerson/Character/Materials/MaterialLayers/ML_Plastic_Shiny_Beige_LOGO.uasset" 78
"../../../TechNoia/Content/FirstPerson/Character/Materials/MaterialLayers/T_ML_Aluminum01.uasset" 79
"../../../TechNoia/Content/FirstPerson/Character/Materials/MaterialLayers/T_ML_Aluminum01_N.uasset" 80
"../../../TechNoia/Content/FirstPerson/Character/Materials/MaterialLayers/ML_SoftMetal_UE4.uasset" 81
"../../../TechNoia/Content/FirstPerson/Character/Textures/UE4_Mannequin__normals.uasset" 82
"../../../TechNoia/Content/FirstPerson/Character/Textures/UE4_Mannequin_MAT_MASKA.uasset" 83
"../../../TechNoia/Content/FirstPerson/Character/Materials/M_UE4Man_Body.uasset" 84
"../../../TechNoia/Content/FirstPerson/Character/Mesh/SK_Mannequin_Arms_PhysicsAsset.uasset" 85
"../../../TechNoia/Content/FirstPerson/Character/Mesh/SK_Mannequin_Arms.uasset" 86
"../../../TechNoia/Content/FirstPerson/FPWeapon/Materials/MaterialLayers/T_ML_Rubber_Blue_01_D.uasset" 87
"../../../TechNoia/Content/FirstPerson/FPWeapon/Materials/MaterialLayers/T_ML_Rubber_Blue_01_N.uasset" 88
"../../../TechNoia/Content/FirstPerson/FPWeapon/Materials/MaterialLayers/ML_GlossyBlack_Latex_UE4.uasset" 89
"../../../TechNoia/Content/FirstPerson/FPWeapon/Materials/MaterialLayers/ML_Plastic_Shiny_Beige.uasset" 90
"../../../TechNoia/Content/FirstPerson/FPWeapon/Materials/MaterialLayers/ML_Screen.uasset" 91
"../../../TechNoia/Content/FirstPerson/FPWeapon/Materials/MaterialLayers/T_ML_Aluminum01.uasset" 92
"../../../TechNoia/Content/FirstPerson/FPWeapon/Materials/MaterialLayers/T_ML_Aluminum01_N.uasset" 93
"../../../TechNoia/Content/FirstPerson/FPWeapon/Materials/MaterialLayers/ML_SoftMetal_UE4.uasset" 94
"../../../TechNoia/Content/FirstPerson/FPWeapon/Textures/T_FPGun_M.uasset" 95
"../../../TechNoia/Content/FirstPerson/FPWeapon/Textures/T_FPGun_N.uasset" 96
"../../../TechNoia/Content/FirstPerson/FPWeapon/Materials/M_FPGun.uasset" 97
"../../../TechNoia/Content/FirstPerson/FPWeapon/Mesh/SK_FPGun_Skeleton.uasset" 98
"../../../TechNoia/Content/FirstPerson/FPWeapon/Mesh/SK_FPGun.uasset" 99
"../../../TechNoia/Content/HUD/InteractHackHUD.uasset" 100
"../../../TechNoia/Content/Lucie/Material__25.uasset" 101
"../../../TechNoia/Content/Lucie/Lucie_Main_PhysicsAsset.uasset" 102
"../../../TechNoia/Content/Lucie/Lucie_Main.uasset" 103
"../../../TechNoia/Content/FirstPersonBP/Blueprints/FirstPersonCharacter.uasset" 104
"../../../TechNoia/Content/Assets/Env_Textures/AreaLocked.uasset" 105
"../../../TechNoia/Content/Assets/Env_Textures/AreaLocked_Mat.uasset" 106
"../../../Engine/Content/BasicShapes/Plane.uasset" 107
"../../../TechNoia/Content/ObjectsBP/LockedArea_BP.uasset" 108
"../../../TechNoia/Content/Materials/BasicMaterials/BasicTerminalMat.uasset" 109
"../../../TechNoia/Content/ObjectsBP/TerminalBP.uasset" 110
"../../../TechNoia/Content/FirstPersonBP/Blueprints/FirstPersonCharacter_backup.uasset" 111
"../../../TechNoia/Content/FirstPerson/Textures/FirstPersonCrosshair.uasset" 112
"../../../TechNoia/Content/FirstPersonBP/Blueprints/FirstPersonHUD.uasset" 113
"../../../TechNoia/Content/FirstPersonBP/Blueprints/FirstPersonGameMode.uasset" 114
"../../../TechNoia/Content/FirstPersonBP/Blueprints/FPController.uasset" 115
"../../../TechNoia/Content/Geometry/Meshes/CubeMaterial.uasset" 116
"../../../TechNoia/Content/Geometry/Meshes/1M_Cube_Chamfer.uasset" 117
"../../../TechNoia/Content/Geometry/Meshes/TemplateFloor.uasset" 118
"../../../TechNoia/Content/HUD/InteractHackDoneHUD.uasset" 119
"../../../TechNoia/Content/HUD/GUI_Assets/TerminalScreen.uasset" 120
"../../../TechNoia/Content/HUD/GUI_Assets/Batterybar/BatteryBar_Bar.uasset" 121
"../../../TechNoia/Content/HUD/GUI_Assets/Batterybar/BatteryBar_Bar2.uasset" 122
"../../../TechNoia/Content/HUD/GUI_Assets/Batterybar/BatteryBar_Bar3.uasset" 123
"../../../TechNoia/Content/HUD/GUI_Assets/Batterybar/BatteryBar_Bar4.uasset" 124
"../../../TechNoia/Content/Outline/Materials/GlowOutline.uasset" 125
"../../../TechNoia/Content/Outline/Materials/GlowOutline_Off.uasset" 126
"../../../TechNoia/Content/Meshes/DoorMesh.uasset" 127
"../../../TechNoia/Content/LevelObjects/Door.uasset" 128
"../../../TechNoia/Content/LevelObjects/Door2.uasset" 129
"../../../TechNoia/Content/LevelObjects/Door_BP.uasset" 130
"../../../TechNoia/Content/Outline/Materials/GlowOutline_Interact.uasset" 131
"../../../TechNoia/Content/LevelObjects/PowerHack_BP.uasset" 132
"../../../TechNoia/Content/Mannequin/Character/Mesh/UE4_Mannequin_Skeleton.uasset" 133
"../../../TechNoia/Content/Mannequin/Animations/ThirdPersonJump_End.uasset" 134
"../../../TechNoia/Content/Menus/MenuAssets/TechNoiaLogo.uasset" 135
"../../../TechNoia/Content/Menus/MenuAssets/TechNoiaLogo_Mat.uasset" 136
"../../../TechNoia/Content/MixamoAnimPack/Mixamo_Alpha/Anims/Mixamo_Alpha_Skeleton.uasset" 137
"../../../TechNoia/Content/MixamoAnimPack/Mixamo_Alpha/Anims/mixamo_jump.uasset" 138
"../../../TechNoia/Content/MixamoAnimPack/Mixamo_Alpha/Anims/mixamo_runningJump.uasset" 139
"../../../TechNoia/Content/MixamoAnimPack/Mixamo_Alpha/Anims/mixamo_Shooting.uasset" 140
"../../../TechNoia/Content/MixamoAnimPack/Mixamo_Alpha/Anims/mixamo_idle.uasset" 141
"../../../TechNoia/Content/MixamoAnimPack/Mixamo_Alpha/Anims/mixamo_run.uasset" 142
"../../../TechNoia/Content/MixamoAnimPack/Mixamo_Alpha/Anims/mixamo_walk.uasset" 143
"../../../TechNoia/Content/MixamoAnimPack/Mixamo_Alpha/Anims/MixamoBlend_Alpha_1D.uasset" 144
"../../../TechNoia/Content/MixamoAnimPack/MixamoCharacter_Master.uasset" 145
"../../../TechNoia/Content/MixamoAnimPack/Mixamo_Alpha/Anims/MixamoAnimBP_Alpha.uasset" 146
"../../../TechNoia/Content/MixamoAnimPack/Mixamo_Alpha/Materials/Alpha_Body_MAT.uasset" 147
"../../../TechNoia/Content/MixamoAnimPack/Mixamo_Alpha/Materials/Alpha_Joints_MAT.uasset" 148
"../../../TechNoia/Content/MixamoAnimPack/Mixamo_Alpha/Mesh/Maximo_Alpha_Physics.uasset" 149
"../../../TechNoia/Content/MixamoAnimPack/Mixamo_Alpha/Mesh/Maximo_Alpha.uasset" 150
"../../../TechNoia/Content/MixamoAnimPack/Mixamo_Alpha/Mixamo_Alpha.uasset" 151
"../../../TechNoia/Content/MixamoAnimPack/MixamoGame.uasset" 152
"../../../TechNoia/Content/MixamoAnimPack/Mixamo_Adam/Anims/Mixamo_Adam_Skeleton.uasset" 153
"../../../TechNoia/Content/MixamoAnimPack/Mixamo_Adam/Anims/Mixamo_Adam_jump.uasset" 154
"../../../TechNoia/Content/MixamoAnimPack/Mixamo_Adam/Anims/Mixamo_Adam_Running_Jump.uasset" 155
"../../../TechNoia/Content/MixamoAnimPack/Mixamo_Adam/Anims/Mixamo_Adam_Shooting.uasset" 156
"../../../TechNoia/Content/MixamoAnimPack/Mixamo_Adam/Anims/Mixamo_Adam_idle.uasset" 157
"../../../TechNoia/Content/MixamoAnimPack/Mixamo_Adam/Anims/Mixamo_Adam_run.uasset" 158
"../../../TechNoia/Content/MixamoAnimPack/Mixamo_Adam/Anims/Mixamo_Adam_walk.uasset" 159
"../../../TechNoia/Content/MixamoAnimPack/Mixamo_Adam/Anims/MixamoBlend_Adam_1D.uasset" 160
"../../../TechNoia/Content/MixamoAnimPack/Mixamo_Adam/Anims/MixamoAnimBP_Adam.uasset" 161
"../../../TechNoia/Content/MixamoAnimPack/Mixamo_Adam/Materials/GC_Clothes_COL_2k.uasset" 162
"../../../TechNoia/Content/MixamoAnimPack/Mixamo_Adam/Materials/GC_Clothes_mask_2k.uasset" 163
"../../../TechNoia/Content/MixamoAnimPack/Mixamo_Adam/Materials/GC_Clothes_NM_2k.uasset" 164
"../../../TechNoia/Content/MixamoAnimPack/Mixamo_Adam/Materials/M_Maximo_Adam_Body.uasset" 165
"../../../TechNoia/Content/MixamoAnimPack/Mixamo_Adam/Materials/GC_Skin_COL_2k_diffuse.uasset" 166
"../../../TechNoia/Content/MixamoAnimPack/Mixamo_Adam/Materials/GC_Skin_Mask_2k.uasset" 167
"../../../TechNoia/Content/MixamoAnimPack/Mixamo_Adam/Materials/GC_Skin_NM_2k.uasset" 168
"../../../TechNoia/Content/MixamoAnimPack/Mixamo_Adam/Materials/M_Maximo_Adam_Face.uasset" 169
"../../../TechNoia/Content/MixamoAnimPack/Mixamo_Adam/Mesh/Maximo_Adam.uasset" 170
"../../../TechNoia/Content/MixamoAnimPack/Mixamo_Adam/Mixamo_Adam.uasset" 171
"../../../TechNoia/Content/MixamoAnimPack/Mixamo_Adam/Anims/Mixamo_Adam_Sword_Slash.uasset" 172
"../../../TechNoia/Content/MixamoAnimPack/Mixamo_Adam/Materials/M_Maximo_Adam_Clothes.uasset" 173
"../../../TechNoia/Content/MixamoAnimPack/Mixamo_Adam/Materials/M_Maximo_Adam_Skin.uasset" 174
"../../../TechNoia/Content/MixamoAnimPack/Mixamo_Adam/Mesh/Adam_PhysicsAsset.uasset" 175
"../../../TechNoia/Content/MixamoAnimPack/Mixamo_Alpha/Anims/mixamo_Sword_Swing.uasset" 176
"../../../TechNoia/Content/MixamoAnimPack/Mixamo_Alpha/Materials/Alpha_Body.uasset" 177
"../../../TechNoia/Content/MixamoAnimPack/Mixamo_Alpha/Materials/Alpha_Joints.uasset" 178
"../../../TechNoia/Content/MixamoAnimPack/Mixamo_ExoRed/Anims/ExoRed_Skeleton.uasset" 179
"../../../TechNoia/Content/MixamoAnimPack/Mixamo_ExoRed/Anims/Exo_Jump_Copy.uasset" 180
"../../../TechNoia/Content/MixamoAnimPack/Mixamo_ExoRed/Anims/Exo_Running_Jump_Copy.uasset" 181
"../../../TechNoia/Content/MixamoAnimPack/Mixamo_ExoRed/Anims/Exo_Shooting_Copy.uasset" 182
"../../../TechNoia/Content/MixamoAnimPack/Mixamo_ExoRed/Anims/Exo_Idle_Copy.uasset" 183
"../../../TechNoia/Content/MixamoAnimPack/Mixamo_ExoRed/Anims/Exo_Run_Copy.uasset" 184
"../../../TechNoia/Content/MixamoAnimPack/Mixamo_ExoRed/Anims/Exo_Walk_Copy.uasset" 185
"../../../TechNoia/Content/MixamoAnimPack/Mixamo_ExoRed/Anims/MixamoBlend_ExoRed_1D.uasset" 186
"../../../TechNoia/Content/MixamoAnimPack/Mixamo_ExoRed/Anims/MixamoAnimBP_ExoRed.uasset" 187
"../../../TechNoia/Content/MixamoAnimPack/Mixamo_ExoRed/Materials/EXO_normal.uasset" 188
"../../../TechNoia/Content/MixamoAnimPack/Mixamo_ExoRed/Materials/RED_EXO_diffuse.uasset" 189
"../../../TechNoia/Content/MixamoAnimPack/Mixamo_ExoRed/Materials/RED_EXO_mask.uasset" 190
"../../../TechNoia/Content/MixamoAnimPack/Mixamo_ExoRed/Materials/Exo_Red_Armor.uasset" 191
"../../../TechNoia/Content/MixamoAnimPack/Mixamo_ExoRed/Materials/BODY_mask.uasset" 192
"../../../TechNoia/Content/MixamoAnimPack/Mixamo_ExoRed/Materials/BODY_normal.uasset" 193
"../../../TechNoia/Content/MixamoAnimPack/Mixamo_ExoRed/Materials/RED_BODY_diffuse.uasset" 194
"../../../TechNoia/Content/MixamoAnimPack/Mixamo_ExoRed/Materials/Exo_Red_Bod.uasset" 195
"../../../TechNoia/Content/MixamoAnimPack/Mixamo_ExoRed/Mesh/ExoRed_PhysicsAsset.uasset" 196
"../../../TechNoia/Content/MixamoAnimPack/Mixamo_ExoRed/Mesh/Maximo_ExoRed.uasset" 197
"../../../TechNoia/Content/MixamoAnimPack/Mixamo_ExoRed/Mixamo_ExoRed.uasset" 198
"../../../TechNoia/Content/MixamoAnimPack/Mixamo_ExoRed/Anims/Exo_Sword_Swing_Copy.uasset" 199
"../../../TechNoia/Content/MixamoAnimPack/Mixamo_Ganfault/Anims/Mixamo_Ganfault_Skeleton.uasset" 200
"../../../TechNoia/Content/MixamoAnimPack/Mixamo_Ganfault/Anims/Mixamo_Ganfault__jump.uasset" 201
"../../../TechNoia/Content/MixamoAnimPack/Mixamo_Ganfault/Anims/Mixamo_Ganfault_Jump.uasset" 202
"../../../TechNoia/Content/MixamoAnimPack/Mixamo_Ganfault/Anims/Mixamo_Ganfault_Sword_Slash.uasset" 203
"../../../TechNoia/Content/MixamoAnimPack/Mixamo_Ganfault/Anims/Mixamo_Ganfault_idle.uasset" 204
"../../../TechNoia/Content/MixamoAnimPack/Mixamo_Ganfault/Anims/Mixamo_Ganfault_Run.uasset" 205
"../../../TechNoia/Content/MixamoAnimPack/Mixamo_Ganfault/Anims/Mixamo_Ganfault_Walk.uasset" 206
"../../../TechNoia/Content/MixamoAnimPack/Mixamo_Ganfault/Anims/MixamoBlend_Ganfault_1D.uasset" 207
"../../../TechNoia/Content/MixamoAnimPack/Mixamo_Ganfault/Anims/MixamoAnimBP_GanFaul.uasset" 208
"../../../TechNoia/Content/MixamoAnimPack/Mixamo_Ganfault/Materials/Ganfaul_diffuse.uasset" 209
"../../../TechNoia/Content/MixamoAnimPack/Mixamo_Ganfault/Materials/Ganfaul_glow.uasset" 210
"../../../TechNoia/Content/MixamoAnimPack/Mixamo_Ganfault/Materials/Ganfaul_mask.uasset" 211
"../../../TechNoia/Content/MixamoAnimPack/Mixamo_Ganfault/Materials/Ganfaul_normal.uasset" 212
"../../../TechNoia/Content/MixamoAnimPack/Mixamo_Ganfault/Materials/Ganfaul_Mat.uasset" 213
"../../../TechNoia/Content/MixamoAnimPack/Mixamo_Ganfault/Materials/Ganfaul_Mat_Inst.uasset" 214
"../../../TechNoia/Content/MixamoAnimPack/Mixamo_Ganfault/Mesh/Mixamo_Ganfault_Aure_Physics.uasset" 215
"../../../TechNoia/Content/MixamoAnimPack/Mixamo_Ganfault/Mesh/Mixamo_Ganfault_Aure.uasset" 216
"../../../TechNoia/Content/MixamoAnimPack/Mixamo_Ganfault/Mixamo_Ganfault.uasset" 217
"../../../TechNoia/Content/MixamoAnimPack/Mixamo_Ganfault/Anims/Mixamo_Ganfault_Shooting.uasset" 218
"../../../TechNoia/Content/MixamoAnimPack/Mixamo_Ganfault/Materials/Ganfaul_specular.uasset" 219
"../../../TechNoia/Content/MixamoAnimPack/Mixamo_Goblin/Anims/Mixamo_Goblin_Skeleton.uasset" 220
"../../../TechNoia/Content/MixamoAnimPack/Mixamo_Goblin/Anims/MixamoAnimBP_Goblin.uasset" 221
"../../../TechNoia/Content/MixamoAnimPack/Mixamo_Goblin/Materials/goblin_diffuse.uasset" 222
"../../../TechNoia/Content/MixamoAnimPack/Mixamo_Goblin/Materials/goblin_mask.uasset" 223
"../../../TechNoia/Content/MixamoAnimPack/Mixamo_Goblin/Materials/goblin_normal.uasset" 224
"../../../TechNoia/Content/MixamoAnimPack/Mixamo_Goblin/Materials/Goblin_mat.uasset" 225
"../../../TechNoia/Content/MixamoAnimPack/Mixamo_Goblin/Mesh/Mixamo_Goblin.uasset" 226
"../../../TechNoia/Content/MixamoAnimPack/Mixamo_Goblin/Mixamo_Goblin.uasset" 227
"../../../TechNoia/Content/MixamoAnimPack/Mixamo_Goblin/Anims/Mixamo_Goblin_idle.uasset" 228
"../../../TechNoia/Content/MixamoAnimPack/Mixamo_Goblin/Anims/Mixamo_Goblin_Run.uasset" 229
"../../../TechNoia/Content/MixamoAnimPack/Mixamo_Goblin/Anims/Mixamo_Goblin_Walk.uasset" 230
"../../../TechNoia/Content/MixamoAnimPack/Mixamo_Goblin/Anims/MixamoBlend_Goblin_1D.uasset" 231
"../../../TechNoia/Content/MixamoAnimPack/Mixamo_Goblin/Anims/Mixamo_Goblin_jump.uasset" 232
"../../../TechNoia/Content/MixamoAnimPack/Mixamo_Goblin/Anims/Mixamo_Goblin_Running_Jump.uasset" 233
"../../../TechNoia/Content/MixamoAnimPack/Mixamo_Goblin/Anims/Mixamo_Goblin_Shooting.uasset" 234
"../../../TechNoia/Content/MixamoAnimPack/Mixamo_Goblin/Anims/Mixamo_Goblin_Sword_slash.uasset" 235
"../../../TechNoia/Content/MixamoAnimPack/Mixamo_Goblin/Materials/goblin_specular.uasset" 236
"../../../TechNoia/Content/MixamoAnimPack/Mixamo_Goblin/Mesh/Goblin_PhysicsAsset.uasset" 237
"../../../TechNoia/Content/MixamoAnimPack/Mixamo_Heraklios/Anims/Mixamo_Heraklios_Skeleton.uasset" 238
"../../../TechNoia/Content/MixamoAnimPack/Mixamo_Heraklios/Anims/Mixamo_Heraklios_jump.uasset" 239
"../../../TechNoia/Content/MixamoAnimPack/Mixamo_Heraklios/Anims/Mixamo_Heraklios_Running_Jump.uasset" 240
"../../../TechNoia/Content/MixamoAnimPack/Mixamo_Heraklios/Anims/Mixamo_Heraklios_Sword_Slash.uasset" 241
"../../../TechNoia/Content/MixamoAnimPack/Mixamo_Heraklios/Anims/Mixamo_Heraklios_idle.uasset" 242
"../../../TechNoia/Content/MixamoAnimPack/Mixamo_Heraklios/Anims/Mixamo_Heraklios_Run.uasset" 243
"../../../TechNoia/Content/MixamoAnimPack/Mixamo_Heraklios/Anims/Mixamo_Heraklios_Walk.uasset" 244
"../../../TechNoia/Content/MixamoAnimPack/Mixamo_Heraklios/Anims/MixamoBlend_Heraklios_1D.uasset" 245
"../../../TechNoia/Content/MixamoAnimPack/Mixamo_Heraklios/Anims/MixamoAnimBP_Heraklios.uasset" 246
"../../../TechNoia/Content/MixamoAnimPack/Mixamo_Heraklios/Materials/battalion-leader-heraklios_diffuse.uasset" 247
"../../../TechNoia/Content/MixamoAnimPack/Mixamo_Heraklios/Materials/battalion-leader-heraklios_mask.uasset" 248
"../../../TechNoia/Content/MixamoAnimPack/Mixamo_Heraklios/Materials/battalion-leader-heraklios_normal.uasset" 249
"../../../TechNoia/Content/MixamoAnimPack/Mixamo_Heraklios/Materials/Heraklios_Mat.uasset" 250
"../../../TechNoia/Content/MixamoAnimPack/Mixamo_Heraklios/Materials/Heraklios_Mat_Inst.uasset" 251
"../../../TechNoia/Content/MixamoAnimPack/Mixamo_Heraklios/Mesh/Mixamo_Heraklios_Physics.uasset" 252
"../../../TechNoia/Content/MixamoAnimPack/Mixamo_Heraklios/Mesh/Mixamo_Heraklios.uasset" 253
"../../../TechNoia/Content/MixamoAnimPack/Mixamo_Heraklios/Mixamo_Heraklios.uasset" 254
"../../../TechNoia/Content/MixamoAnimPack/Mixamo_Heraklios/Anims/Mixamo_Heraklios_Shooting.uasset" 255
"../../../TechNoia/Content/MixamoAnimPack/Mixamo_Jill/Anims/Jill_Skeleton.uasset" 256
"../../../TechNoia/Content/MixamoAnimPack/Mixamo_Jill/Anims/Jill_jump.uasset" 257
"../../../TechNoia/Content/MixamoAnimPack/Mixamo_Jill/Anims/Jill_Running_Jump.uasset" 258
"../../../TechNoia/Content/MixamoAnimPack/Mixamo_Jill/Anims/Jill_Sword_Slash.uasset" 259
"../../../TechNoia/Content/MixamoAnimPack/Mixamo_Jill/Anims/Jill_idle.uasset" 260
"../../../TechNoia/Content/MixamoAnimPack/Mixamo_Jill/Anims/Jill_Run.uasset" 261
"../../../TechNoia/Content/MixamoAnimPack/Mixamo_Jill/Anims/Jill_Walk.uasset" 262
"../../../TechNoia/Content/MixamoAnimPack/Mixamo_Jill/Anims/MixamoBlend_Jill_1D.uasset" 263
"../../../TechNoia/Content/MixamoAnimPack/Mixamo_Jill/Anims/MixamoAnimBP_Jill.uasset" 264
"../../../TechNoia/Content/MixamoAnimPack/Mixamo_Jill/Materials/Jill_HiMidRes_diffuse.uasset" 265
"../../../TechNoia/Content/MixamoAnimPack/Mixamo_Jill/Materials/Jill_HiMidRes_mask.uasset" 266
"../../../TechNoia/Content/MixamoAnimPack/Mixamo_Jill/Materials/Jill_HiMidRes_normal.uasset" 267
"../../../TechNoia/Content/MixamoAnimPack/Mixamo_Jill/Materials/Jill_Mat.uasset" 268
"../../../TechNoia/Content/MixamoAnimPack/Mixamo_Jill/Mesh/Jill_Physics.uasset" 269
"../../../TechNoia/Content/MixamoAnimPack/Mixamo_Jill/Mesh/Jill.uasset" 270
"../../../TechNoia/Content/MixamoAnimPack/Mixamo_Jill/Mixamo_Jill.uasset" 271
"../../../TechNoia/Content/MixamoAnimPack/Mixamo_Jill/Anims/Jill_Shooting.uasset" 272
"../../../TechNoia/Content/MixamoAnimPack/Mixamo_Kachujin/Anims/Kachujin_G_Rosales_Skeleton.uasset" 273
"../../../TechNoia/Content/MixamoAnimPack/Mixamo_Kachujin/Anims/Kachujin_G_Rosales_jump.uasset" 274
"../../../TechNoia/Content/MixamoAnimPack/Mixamo_Kachujin/Anims/Kachujin_G_Rosales_Running_Jump.uasset" 275
"../../../TechNoia/Content/MixamoAnimPack/Mixamo_Kachujin/Anims/Kachujin_G_Rosales_Sword_Swing.uasset" 276
"../../../TechNoia/Content/MixamoAnimPack/Mixamo_Kachujin/Anims/Kachujin_G_Rosales_idle.uasset" 277
"../../../TechNoia/Content/MixamoAnimPack/Mixamo_Kachujin/Anims/Kachujin_G_Rosales_Run.uasset" 278
"../../../TechNoia/Content/MixamoAnimPack/Mixamo_Kachujin/Anims/Kachujin_G_Rosales_Walk.uasset" 279
"../../../TechNoia/Content/MixamoAnimPack/Mixamo_Kachujin/Anims/MixamoBlend_Kachujin_1D.uasset" 280
"../../../TechNoia/Content/MixamoAnimPack/Mixamo_Kachujin/Anims/MixamoAnimBP_Kachujin.uasset" 281
"../../../TechNoia/Content/MixamoAnimPack/Mixamo_Kachujin/Materials/Kachujin_diffuse.uasset" 282
"../../../TechNoia/Content/MixamoAnimPack/Mixamo_Kachujin/Materials/Kachujin_Mask.uasset" 283
"../../../TechNoia/Content/MixamoAnimPack/Mixamo_Kachujin/Materials/Kachujin_normal.uasset" 284
"../../../TechNoia/Content/MixamoAnimPack/Mixamo_Kachujin/Materials/Kachujin_Mat.uasset" 285
"../../../TechNoia/Content/MixamoAnimPack/Mixamo_Kachujin/Mesh/Kachujin_G_Rosales_Physics.uasset" 286
"../../../TechNoia/Content/MixamoAnimPack/Mixamo_Kachujin/Mesh/Kachujin_G_Rosales.uasset" 287
"../../../TechNoia/Content/MixamoAnimPack/Mixamo_Kachujin/Mixamo_Kachujin.uasset" 288
"../../../TechNoia/Content/MixamoAnimPack/Mixamo_Kachujin/Anims/Kachujin_G_Rosales_Shooting.uasset" 289
"../../../TechNoia/Content/MixamoAnimPack/Mixamo_Kachujin/Materials/Kachujin_specular.uasset" 290
"../../../TechNoia/Content/MixamoAnimPack/Mixamo_Maria/Anims/Maria_J_J_Ong_Skeleton.uasset" 291
"../../../TechNoia/Content/MixamoAnimPack/Mixamo_Maria/Anims/Maria_J_J_Ong_jump.uasset" 292
"../../../TechNoia/Content/MixamoAnimPack/Mixamo_Maria/Anims/Maria_J_J_Ong_Running_Jump.uasset" 293
"../../../TechNoia/Content/MixamoAnimPack/Mixamo_Maria/Anims/Maria_J_J_Ong_Sword_Swing.uasset" 294
"../../../TechNoia/Content/MixamoAnimPack/Mixamo_Maria/Anims/Maria_J_J_Ong_idle.uasset" 295
"../../../TechNoia/Content/MixamoAnimPack/Mixamo_Maria/Anims/Maria_J_J_Ong_Run.uasset" 296
"../../../TechNoia/Content/MixamoAnimPack/Mixamo_Maria/Anims/Maria_J_J_Ong_Walk.uasset" 297
"../../../TechNoia/Content/MixamoAnimPack/Mixamo_Maria/Anims/MixamoBlend_Maria_1D.uasset" 298
"../../../TechNoia/Content/MixamoAnimPack/Mixamo_Maria/Anims/MixamoAnimBP_Maria.uasset" 299
"../../../TechNoia/Content/MixamoAnimPack/Mixamo_Maria/Materials/maria_diffuse.uasset" 300
"../../../TechNoia/Content/MixamoAnimPack/Mixamo_Maria/Materials/maria_mask.uasset" 301
"../../../TechNoia/Content/MixamoAnimPack/Mixamo_Maria/Materials/maria_normal.uasset" 302
"../../../TechNoia/Content/MixamoAnimPack/Mixamo_Maria/Materials/Maria_Mat.uasset" 303
"../../../TechNoia/Content/MixamoAnimPack/Mixamo_Maria/Mesh/Maria_PhysicsAssets.uasset" 304
"../../../TechNoia/Content/MixamoAnimPack/Mixamo_Maria/Mesh/Maximo_Maria.uasset" 305
"../../../TechNoia/Content/MixamoAnimPack/Mixamo_Maria/Mixamo_Maria.uasset" 306
"../../../TechNoia/Content/MixamoAnimPack/Mixamo_Maria/Anims/Maria_J_J_Ong_Shooting.uasset" 307
"../../../TechNoia/Content/MixamoAnimPack/Mixamo_Maw/Anims/Maw_J_Laygo_Skeleton.uasset" 308
"../../../TechNoia/Content/MixamoAnimPack/Mixamo_Maw/Anims/Maw_J_Laygo_jump.uasset" 309
"../../../TechNoia/Content/MixamoAnimPack/Mixamo_Maw/Anims/Maw_J_Laygo_Running_Jump.uasset" 310
"../../../TechNoia/Content/MixamoAnimPack/Mixamo_Maw/Anims/Maw_J_Laygo_Sword_Swing.uasset" 311
"../../../TechNoia/Content/MixamoAnimPack/Mixamo_Maw/Anims/Maw_J_Laygo_idle.uasset" 312
"../../../TechNoia/Content/MixamoAnimPack/Mixamo_Maw/Anims/Maw_J_Laygo_Run.uasset" 313
"../../../TechNoia/Content/MixamoAnimPack/Mixamo_Maw/Anims/Maw_J_Laygo_Walk.uasset" 314
"../../../TechNoia/Content/MixamoAnimPack/Mixamo_Maw/Anims/MixamoBlend_Maw_1D.uasset" 315
"../../../TechNoia/Content/MixamoAnimPack/Mixamo_Maw/Anims/MixamoAnimBP_Maw.uasset" 316
"../../../TechNoia/Content/MixamoAnimPack/Mixamo_Maw/Materials/MAW_diffuse.uasset" 317
"../../../TechNoia/Content/MixamoAnimPack/Mixamo_Maw/Materials/MAW_glow.uasset" 318
"../../../TechNoia/Content/MixamoAnimPack/Mixamo_Maw/Materials/MAW_mask.uasset" 319
"../../../TechNoia/Content/MixamoAnimPack/Mixamo_Maw/Materials/MAW_normal.uasset" 320
"../../../TechNoia/Content/MixamoAnimPack/Mixamo_Maw/Materials/Maw_Mat.uasset" 321
"../../../TechNoia/Content/MixamoAnimPack/Mixamo_Maw/Mesh/Maw_J_Laygo_Physics.uasset" 322
"../../../TechNoia/Content/MixamoAnimPack/Mixamo_Maw/Mesh/Maw_J_Laygo.uasset" 323
"../../../TechNoia/Content/MixamoAnimPack/Mixamo_Maw/Mixamo_Maw.uasset" 324
"../../../TechNoia/Content/MixamoAnimPack/Mixamo_Maw/Anims/Maw_J_Laygo_Shooting.uasset" 325
"../../../TechNoia/Content/MixamoAnimPack/Mixamo_Mortimer/Anims/Mortimer_Skeleton.uasset" 326
"../../../TechNoia/Content/MixamoAnimPack/Mixamo_Mortimer/Anims/Mortimer_jump.uasset" 327
"../../../TechNoia/Content/MixamoAnimPack/Mixamo_Mortimer/Anims/Mortimer_Running_Jump.uasset" 328
"../../../TechNoia/Content/MixamoAnimPack/Mixamo_Mortimer/Anims/Mortimer_Sword_Slash.uasset" 329
"../../../TechNoia/Content/MixamoAnimPack/Mixamo_Mortimer/Anims/Mortimer_idle.uasset" 330
"../../../TechNoia/Content/MixamoAnimPack/Mixamo_Mortimer/Anims/Mortimer_Run.uasset" 331
"../../../TechNoia/Content/MixamoAnimPack/Mixamo_Mortimer/Anims/Mortimer_Walk.uasset" 332
"../../../TechNoia/Content/MixamoAnimPack/Mixamo_Mortimer/Anims/MixamoBlend_Mortimer_1D.uasset" 333
"../../../TechNoia/Content/MixamoAnimPack/Mixamo_Mortimer/Anims/MixamoAnimBP_Mortimer.uasset" 334
"../../../TechNoia/Content/MixamoAnimPack/Mixamo_Mortimer/Materials/Mortimer_diffuse.uasset" 335
"../../../TechNoia/Content/MixamoAnimPack/Mixamo_Mortimer/Materials/Mortimer_normal.uasset" 336
"../../../TechNoia/Content/MixamoAnimPack/Mixamo_Mortimer/Materials/Mort_Alpha.uasset" 337
"../../../TechNoia/Content/MixamoAnimPack/Mixamo_Mortimer/Materials/Mortimer_mask.uasset" 338
"../../../TechNoia/Content/MixamoAnimPack/Mixamo_Mortimer/Materials/Mort_Mat.uasset" 339
"../../../TechNoia/Content/MixamoAnimPack/Mixamo_Mortimer/Mesh/Mortimer_Physics.uasset" 340
"../../../TechNoia/Content/MixamoAnimPack/Mixamo_Mortimer/Mesh/Mortimer.uasset" 341
"../../../TechNoia/Content/MixamoAnimPack/Mixamo_Mortimer/Mixamo_Mortimer.uasset" 342
"../../../TechNoia/Content/MixamoAnimPack/Mixamo_Mortimer/Anims/Mortimer_Shooting.uasset" 343
"../../../TechNoia/Content/MixamoAnimPack/Mixamo_Mortimer/Materials/Mortimer_specular.uasset" 344
"../../../TechNoia/Content/MixamoAnimPack/Mixamo_SWAT/Anims/SWAT_Skeleton.uasset" 345
"../../../TechNoia/Content/MixamoAnimPack/Mixamo_SWAT/Anims/Maximo_Swat_Shooting.uasset" 346
"../../../TechNoia/Content/MixamoAnimPack/Mixamo_SWAT/Anims/Maximo_Swat_Sword_Slash.uasset" 347
"../../../TechNoia/Content/MixamoAnimPack/Mixamo_SWAT/Anims/Maximo_Swat_Idle.uasset" 348
"../../../TechNoia/Content/MixamoAnimPack/Mixamo_SWAT/Anims/Maximo_Swat_Swat_Run.uasset" 349
"../../../TechNoia/Content/MixamoAnimPack/Mixamo_SWAT/Anims/Maximo_Swat_Walk.uasset" 350
"../../../TechNoia/Content/MixamoAnimPack/Mixamo_SWAT/Anims/MixamoBlend_SWAT_1D.uasset" 351
"../../../TechNoia/Content/Controller/NewForceFeedbackEffect.uasset" 352
"../../../TechNoia/Content/TopDownBP/Blueprints/ArrowDef.uasset" 353
"../../../TechNoia/Content/TopDownBP/Blueprints/ArrowDef_Mat.uasset" 354
"../../../Engine/Content/Functions/Engine_MaterialFunctions01/Density/ExponentialDensity.uasset" 355
"../../../Engine/Content/Functions/Engine_MaterialFunctions01/Gradient/RadialGradientExponential.uasset" 356
"../../../TechNoia/Content/TopDownBP/Blueprints/M_Cursor_Decal.uasset" 357
"../../../TechNoia/Content/HUD/GUI_Assets/Batterybar/BatteryBar_Bar5.uasset" 358
"../../../TechNoia/Content/HUD/GUI_Assets/Batterybar/BatteryBar_bg.uasset" 359
"../../../TechNoia/Content/HUD/GUI_Assets/Batterybar/BatteryBar_Top.uasset" 360
"../../../TechNoia/Content/HUD/GUI_Assets/Batterybar/BatteryFG.uasset" 361
"../../../TechNoia/Content/HUD/MainHUD.uasset" 362
"../../../TechNoia/Content/TopDownBP/Blueprints/ArrowMat.uasset" 363
"../../../TechNoia/Content/TopDownBP/Blueprints/Arrow3D.uasset" 364
"../../../TechNoia/Content/TopDownBP/Blueprints/lambert1.uasset" 365
"../../../TechNoia/Content/TopDownBP/Blueprints/ArrowPlane.uasset" 366
"../../../TechNoia/Content/TopDownBP/Blueprints/TopDownCharacter.uasset" 367
"../../../TechNoia/Content/TopDownBP/Blueprints/Ai_Elements/Ai_Blackboard.uasset" 368
"../../../TechNoia/Content/TopDownBP/Blueprints/Ai_Elements/ServiceSensePlayer.uasset" 369
"../../../TechNoia/Content/TopDownBP/Blueprints/Ai_Elements/TaskAttack.uasset" 370
"../../../TechNoia/Content/TopDownBP/Blueprints/Ai_Elements/TaskRandomPoint.uasset" 371
"../../../TechNoia/Content/TopDownBP/Blueprints/Ai_Elements/TaskShoot.uasset" 372
"../../../TechNoia/Content/TopDownBP/Blueprints/Ai_Elements/TaskShootStop.uasset" 373
"../../../TechNoia/Content/TopDownBP/Blueprints/Ai_Elements/TaskStopAttack.uasset" 374
"../../../TechNoia/Content/TopDownBP/Blueprints/Ai_Elements/Ai_BehaviourTree.uasset" 375
"../../../TechNoia/Content/TopDownBP/Blueprints/Ai_Elements/PatrolPoints.uasset" 376
"../../../TechNoia/Content/TopDownBP/Blueprints/Ai_Elements/ServiceFollowPath.uasset" 377
"../../../TechNoia/Content/TopDownBP/Blueprints/Ai_Elements/TaskIteratePatrolPoint.uasset" 378
"../../../TechNoia/Content/TopDownBP/Blueprints/Ai_Elements/AI_PatrolPath.uasset" 379
"../../../TechNoia/Content/TopDownBP/Blueprints/Ai_Elements/Ai_Controller.uasset" 380
"../../../TechNoia/Content/MixamoAnimPack/Mixamo_SWAT/Materials/Swat_new_diffuse.uasset" 381
"../../../TechNoia/Content/MixamoAnimPack/Mixamo_SWAT/Materials/Swat_new_mask.uasset" 382
"../../../TechNoia/Content/MixamoAnimPack/Mixamo_SWAT/Materials/Swat_Mat.uasset" 383
"../../../TechNoia/Content/MixamoAnimPack/Mixamo_SWAT/Mesh/SWAT_Physics.uasset" 384
"../../../TechNoia/Content/MixamoAnimPack/Mixamo_SWAT/Mesh/Maximo_SWAT.uasset" 385
"../../../TechNoia/Content/TopDownBP/Blueprints/Ai_Elements/Ai_Character.uasset" 386
"../../../TechNoia/Content/MixamoAnimPack/Mixamo_SWAT/Anims/MixamoAnimBP_SWAT.uasset" 387
"../../../TechNoia/Content/MixamoAnimPack/Mixamo_SWAT/Mixamo_Swat.uasset" 388
"../../../TechNoia/Content/MixamoAnimPack/Mixamo_SWAT/Anims/Maximo_Swat_Running_Jump.uasset" 389
"../../../TechNoia/Content/MixamoAnimPack/Mixamo_SWAT/Anims/Maximo_Swat_Swat_Jump.uasset" 390
"../../../TechNoia/Content/MixamoAnimPack/Mixamo_SWAT/Materials/Soldier_new-1.uasset" 391
"../../../TechNoia/Content/MixamoAnimPack/Mixamo_SWAT/Materials/Soldier_Mat.uasset" 392
"../../../TechNoia/Content/MixamoAnimPack/Mixamo_Vampire/Anims/Maximo_Vampire_Skeleton.uasset" 393
"../../../TechNoia/Content/MixamoAnimPack/Mixamo_Vampire/Anims/Maximo_Vampire_jump.uasset" 394
"../../../TechNoia/Content/MixamoAnimPack/Mixamo_Vampire/Anims/Maximo_Vampire_Running_Jump.uasset" 395
"../../../TechNoia/Content/MixamoAnimPack/Mixamo_Vampire/Anims/Maximo_Vampire_Sword_Swing.uasset" 396
"../../../TechNoia/Content/MixamoAnimPack/Mixamo_Vampire/Anims/Maximo_Vampire_idle.uasset" 397
"../../../TechNoia/Content/MixamoAnimPack/Mixamo_Vampire/Anims/Maximo_Vampire_Run.uasset" 398
"../../../TechNoia/Content/MixamoAnimPack/Mixamo_Vampire/Anims/Maximo_Vampire_Walk.uasset" 399
"../../../TechNoia/Content/MixamoAnimPack/Mixamo_Vampire/Anims/MixamoBlend_Vampire_1D.uasset" 400
"../../../TechNoia/Content/MixamoAnimPack/Mixamo_Vampire/Anims/MixamoAnimBP_Vampire.uasset" 401
"../../../TechNoia/Content/MixamoAnimPack/Mixamo_Vampire/Materials/Vampire_diffuse.uasset" 402
"../../../TechNoia/Content/MixamoAnimPack/Mixamo_Vampire/Materials/Vampire_emission.uasset" 403
"../../../TechNoia/Content/MixamoAnimPack/Mixamo_Vampire/Materials/Vampire_masks.uasset" 404
"../../../TechNoia/Content/MixamoAnimPack/Mixamo_Vampire/Materials/Vampire_normal.uasset" 405
"../../../TechNoia/Content/MixamoAnimPack/Mixamo_Vampire/Materials/Vamp_alpha_Mat.uasset" 406
"../../../TechNoia/Content/MixamoAnimPack/Mixamo_Vampire/Materials/Vamp_Mat.uasset" 407
"../../../TechNoia/Content/MixamoAnimPack/Mixamo_Vampire/Mesh/Vampire_A_Lusth_Physics.uasset" 408
"../../../TechNoia/Content/MixamoAnimPack/Mixamo_Vampire/Mesh/Vampire_A_Lusth.uasset" 409
"../../../TechNoia/Content/MixamoAnimPack/Mixamo_Vampire/Mixamo_Vampire.uasset" 410
"../../../TechNoia/Content/MixamoAnimPack/Mixamo_Vampire/Anims/Maximo_Vampire_Shooting.uasset" 411
"../../../TechNoia/Content/MixamoAnimPack/Mixamo_Vampire/Materials/Vampire_specular.uasset" 412
"../../../TechNoia/Content/MixamoAnimPack/Mixamo_Vanguard/Anims/Vanguard_by_T__Choonyung_Skeleton.uasset" 413
"../../../TechNoia/Content/MixamoAnimPack/Mixamo_Vanguard/Anims/Vanguard_by_T__Choonyung_jump.uasset" 414
"../../../TechNoia/Content/MixamoAnimPack/Mixamo_Vanguard/Anims/Vanguard_by_T__Choonyung_Running_Jump.uasset" 415
"../../../TechNoia/Content/MixamoAnimPack/Mixamo_Vanguard/Anims/Vanguard_by_T__Choonyung_Shooting.uasset" 416
"../../../TechNoia/Content/MixamoAnimPack/Mixamo_Vanguard/Anims/Vanguard_by_T__Choonyung_idle.uasset" 417
"../../../TechNoia/Content/MixamoAnimPack/Mixamo_Vanguard/Anims/Vanguard_by_T__Choonyung_Run.uasset" 418
"../../../TechNoia/Content/MixamoAnimPack/Mixamo_Vanguard/Anims/Vanguard_by_T__Choonyung_Walk.uasset" 419
"../../../TechNoia/Content/MixamoAnimPack/Mixamo_Vanguard/Anims/MixamoBlend_Vanguard_1D.uasset" 420
"../../../TechNoia/Content/MixamoAnimPack/Mixamo_Vanguard/Anims/MixamoAnimBP_Vanguard.uasset" 421
"../../../TechNoia/Content/MixamoAnimPack/Mixamo_Vanguard/Material/vanguard_diffuse.uasset" 422
"../../../TechNoia/Content/MixamoAnimPack/Mixamo_Vanguard/Material/vanguard_mask.uasset" 423
"../../../TechNoia/Content/MixamoAnimPack/Mixamo_Vanguard/Material/vanguard_normal.uasset" 424
"../../../TechNoia/Content/MixamoAnimPack/Mixamo_Vanguard/Material/Vanguard_Mat.uasset" 425
"../../../TechNoia/Content/MixamoAnimPack/Mixamo_Vanguard/Mesh/Vanguard_by_T__Choonyung_Physics.uasset" 426
"../../../TechNoia/Content/MixamoAnimPack/Mixamo_Vanguard/Mesh/Vanguard_by_T__Choonyung.uasset" 427
"../../../TechNoia/Content/MixamoAnimPack/Mixamo_Vanguard/Mixamo_Vanguard.uasset" 428
"../../../TechNoia/Content/MixamoAnimPack/Mixamo_Vanguard/Anims/Vanguard_by_T__Choonyung_Sword_Swing.uasset" 429
"../../../TechNoia/Content/MixamoAnimPack/Mixamo_Vanguard/Material/vanguard_specular.uasset" 430
"../../../TechNoia/Content/MixamoAnimPack/Mixamo_Zoe/Anims/Mixamo_Zoe_Skeleton.uasset" 431
"../../../TechNoia/Content/MixamoAnimPack/Mixamo_Zoe/Anims/Mixamo_Zoe_jump.uasset" 432
"../../../TechNoia/Content/MixamoAnimPack/Mixamo_Zoe/Anims/Mixamo_Zoe_Running_Jump.uasset" 433
"../../../TechNoia/Content/MixamoAnimPack/Mixamo_Zoe/Anims/Mixamo_Zoe_Shooting.uasset" 434
"../../../TechNoia/Content/MixamoAnimPack/Mixamo_Zoe/Anims/Mixamo_Zoe_idle.uasset" 435
"../../../TechNoia/Content/MixamoAnimPack/Mixamo_Zoe/Anims/Mixamo_Zoe_Run.uasset" 436
"../../../TechNoia/Content/MixamoAnimPack/Mixamo_Zoe/Anims/Mixamo_Zoe_Walk.uasset" 437
"../../../TechNoia/Content/MixamoAnimPack/Mixamo_Zoe/Anims/MixamoBlend_Zoe_1D.uasset" 438
"../../../TechNoia/Content/MixamoAnimPack/Mixamo_Zoe/Anims/MixamoAnimBP_Zoe.uasset" 439
"../../../TechNoia/Content/MixamoAnimPack/Mixamo_Zoe/Materials/Zoe_Skin_COL.uasset" 440
"../../../TechNoia/Content/MixamoAnimPack/Mixamo_Zoe/Materials/Zoe_Skin_Mask.uasset" 441
"../../../TechNoia/Content/MixamoAnimPack/Mixamo_Zoe/Materials/Zoe_Skin_NM.uasset" 442
"../../../TechNoia/Content/MixamoAnimPack/Mixamo_Zoe/Materials/Zoe_body_mat.uasset" 443
"../../../TechNoia/Content/MixamoAnimPack/Mixamo_Zoe/Materials/Zoe_Clothes_COL.uasset" 444
"../../../TechNoia/Content/MixamoAnimPack/Mixamo_Zoe/Materials/Zoe_Clothes_Mask.uasset" 445
"../../../TechNoia/Content/MixamoAnimPack/Mixamo_Zoe/Materials/Zoe_Clothes_NM.uasset" 446
"../../../TechNoia/Content/MixamoAnimPack/Mixamo_Zoe/Materials/Zoe_Skin_Mat.uasset" 447
"../../../TechNoia/Content/MixamoAnimPack/Mixamo_Zoe/Mesh/Zoe_Physics.uasset" 448
"../../../TechNoia/Content/MixamoAnimPack/Mixamo_Zoe/Mesh/Mixamo_Zoe.uasset" 449
"../../../TechNoia/Content/MixamoAnimPack/Mixamo_Zoe/Mixamo_Zoe.uasset" 450
"../../../TechNoia/Content/MixamoAnimPack/Mixamo_Zoe/Anims/Mixamo_Zoe_Sword_Slash.uasset" 451
"../../../TechNoia/Content/MixamoAnimPack/Mixamo_Zoe/Materials/Zoe_Clothes_Spec.uasset" 452
"../../../TechNoia/Content/MixamoAnimPack/Mixamo_Zoe/Materials/Zoe_Skin_Spec.uasset" 453
"../../../TechNoia/Content/Assets/Env_Textures/AreaMegaBlocks.uasset" 454
"../../../TechNoia/Content/Assets/Env_Textures/MegaBlocksBanner_Mat1.uasset" 455
"../../../TechNoia/Content/ObjectsBP/MegaBlocksBanner_BP.uasset" 456
"../../../Engine/Content/BasicShapes/Cylinder.uasset" 457
"../../../TechNoia/Content/ObjectsBP/TelepadDestinationBP.uasset" 458
"../../../TechNoia/Content/Outline/Effects/TechMat1.uasset" 459
"../../../TechNoia/Content/Outline/Materials/CollectGlow.uasset" 460
"../../../TechNoia/Content/Outline/Materials/GlowOutline_Inst1.uasset" 461
"../../../TechNoia/Content/Outline/Materials/Materials/SobelEdge/MI_SobelEdge.uasset" 462
"../../../TechNoia/Content/Outline/Materials/Materials/SobelEdge/MF_SceneDepthOffset.uasset" 463
"../../../TechNoia/Content/Outline/Materials/Materials/SobelEdge/M_SobelEdge.uasset" 464
"../../../TechNoia/Content/Outline/Materials/Materials/SobelEdge/M_SobelEdge_Inst.uasset" 465
"../../../TechNoia/Content/Splash/EdSplash.uasset" 466
"../../../TechNoia/Content/Splash/Splash.uasset" 467
"../../../TechNoia/Content/SurvivorVision/Meshes/Mannequin/UE4_Mannequin_Skeleton.uasset" 468
"../../../TechNoia/Content/SurvivorVision/Animations/ThirdPersonJump_End.uasset" 469
"../../../TechNoia/Content/SurvivorVision/Materials/SurvivorVision/Children/MI_ObjectIndicator_Default.uasset" 470
"../../../TechNoia/Content/TopDownBP/Blueprints/ArrowDef2.uasset" 471
"../../../TechNoia/Content/TopDownBP/Cam/Camera.uasset" 472
"../../../TechNoia/Content/TopDownBP/Cam/NewBlueprint.uasset" 473
"../../../Engine/Content/EditorLandscapeResources/DataLayer.uasset" 474
"../../../Engine/Content/EditorMaterials/GizmoMaterial.uasset" 475
"../../../Engine/Content/EditorMaterials/MAT_Groups_Toggle.uasset" 476
"../../../Engine/Content/EditorMaterials/MAT_Groups_Visibility.uasset" 477
"../../../Engine/Content/EditorMaterials/PreviewShadowIndicator.uasset" 478
"../../../Engine/Content/EditorMaterials/PreviewShadowIndicatorMaterial.uasset" 479
"../../../Engine/Content/EditorMaterials/MatineeGroups/MAT_ColorTrack.uasset" 480
"../../../Engine/Content/EditorMaterials/MatineeGroups/MAT_Groups_Anim.uasset" 481
"../../../Engine/Content/EditorMaterials/MatineeGroups/MAT_Groups_AudioMaster.uasset" 482
"../../../Engine/Content/EditorMaterials/MatineeGroups/MAT_Groups_Director.uasset" 483
"../../../Engine/Content/EditorMaterials/MatineeGroups/MAT_Groups_Event.uasset" 484
"../../../Engine/Content/EditorMaterials/MatineeGroups/MAT_Groups_Fade.uasset" 485
"../../../Engine/Content/EditorMaterials/MatineeGroups/MAT_Groups_Float.uasset" 486
"../../../Engine/Content/EditorMaterials/MatineeGroups/MAT_Groups_Move.uasset" 487
"../../../Engine/Content/EditorMaterials/MatineeGroups/MAT_Groups_Slomo.uasset" 488
"../../../Engine/Content/EditorMaterials/MatineeGroups/MAT_Groups_Sound.uasset" 489
"../../../Engine/Content/EditorMaterials/MatineeGroups/MAT_Groups_Vector.uasset" 490
"../../../Engine/Content/EditorMaterials/ParticleSystems/PSysThumbnail_NoImage.uasset" 491
"../../../Engine/Content/EditorMaterials/ParticleSystems/PSysThumbnail_OOD.uasset" 492
"../../../Engine/Content/EditorMaterials/Camera/CineMat.uasset" 493
"../../../Engine/Content/EditorMaterials/Camera/MI_CineMat_Rig.uasset" 494
"../../../Engine/Content/EditorMeshes/Camera/SM_CraneRig_Arm.uasset" 495
"../../../Engine/Content/EditorMeshes/Camera/SM_CraneRig_Base.uasset" 496
"../../../Engine/Content/EditorMeshes/Camera/SM_CraneRig_Body.uasset" 497
"../../../Engine/Content/EditorMeshes/Camera/SM_CraneRig_Mount.uasset" 498
"../../../Engine/Content/EditorMeshes/Camera/SM_RailRig_Mount.uasset" 499
"../../../Engine/Content/EditorMeshes/Camera/SM_RailRig_Track.uasset" 500
"../../../Engine/Content/EditorMeshes/ColorCalibrator/M_ChromeBall.uasset" 501
"../../../Engine/Content/EditorMeshes/ColorCalibrator/M_ClearCoat.uasset" 502
"../../../Engine/Content/EditorMeshes/ColorCalibrator/M_ClearCoatBlack.uasset" 503
"../../../Engine/Content/EditorMeshes/ColorCalibrator/Color_checker.uasset" 504
"../../../Engine/Content/EditorMeshes/ColorCalibrator/M_ColorGrid.uasset" 505
"../../../Engine/Content/EditorMeshes/ColorCalibrator/M_GreyBall.uasset" 506
"../../../Engine/Content/EditorMeshes/ColorCalibrator/SM_ColorCalibrator.uasset" 507
"../../../Engine/Content/EditorResources/BSPVertex.uasset" 508
"../../../Engine/Content/EditorResources/EmptyActor.uasset" 509
"../../../Engine/Content/EditorResources/S_Actor.uasset" 510
"../../../Engine/Content/EditorResources/S_Trigger.uasset" 511
"../../../Engine/Content/EditorResources/LightIcons/S_LightError.uasset" 512
"../../../Engine/Content/EditorResources/SequenceRecorder/Countdown.uasset" 513
"../../../Engine/Content/EditorResources/SequenceRecorder/RecordingIndicator.uasset" 514
"../../../Engine/Content/EditorSounds/Notifications/CompileFailed.uasset" 515
"../../../Engine/Content/EditorSounds/Notifications/CompileFailed_Cue.uasset" 516
"../../../Engine/Content/EditorSounds/Notifications/CompileSuccess.uasset" 517
"../../../Engine/Content/EditorSounds/Notifications/CompileStart_Cue.uasset" 518
"../../../Engine/Content/EditorSounds/Notifications/CompileSuccess_Cue.uasset" 519
"../../../Engine/Content/EngineDamageTypes/DmgTypeBP_Environmental.uasset" 520
"../../../Engine/Content/EngineDebugMaterials/HeatmapGradient.uasset" 521
"../../../Engine/Content/EngineDebugMaterials/BoneWeightMaterial.uasset" 522
"../../../Engine/Content/EngineDebugMaterials/ClothMaterial.uasset" 523
"../../../Engine/Content/EngineDebugMaterials/ClothMaterial_WF.uasset" 524
"../../../Engine/Content/EngineDebugMaterials/DebugEditorMaterial.uasset" 525
"../../../Engine/Content/EngineDebugMaterials/DebugMeshMaterial.uasset" 526
"../../../Engine/Content/EngineDebugMaterials/GeomMaterial.uasset" 527
"../../../Engine/Content/EngineFonts/Faces/RobotoBold.uasset" 528
"../../../Engine/Content/EngineFonts/Faces/RobotoBoldItalic.uasset" 529
"../../../Engine/Content/EngineFonts/Faces/RobotoItalic.uasset" 530
"../../../Engine/Content/EngineFonts/Faces/RobotoLight.uasset" 531
"../../../Engine/Content/EngineFonts/Faces/RobotoRegular.uasset" 532
"../../../Engine/Content/EngineFonts/Roboto.uasset" 533
"../../../Engine/Content/EngineFonts/Faces/RobotoTiny.uasset" 534
"../../../Engine/Content/EngineFonts/RobotoTiny.uasset" 535
"../../../Engine/Content/EngineMaterials/DefaultBloomKernel.uasset" 536
"../../../Engine/Content/EngineMaterials/DefaultBokeh.uasset" 537
"../../../Engine/Content/EngineMaterials/DefaultDiffuse.uasset" 538
"../../../Engine/Content/EngineMaterials/DefaultDeferredDecalMaterial.uasset" 539
"../../../Engine/Content/EngineMaterials/DefaultLightFunctionMaterial.uasset" 540
"../../../Engine/Content/EngineMaterials/DefaultPhysicalMaterial.uasset" 541
"../../../Engine/Content/Functions/Engine_MaterialFunctions02/Utility/BreakOutFloat2Components.uasset" 542
"../../../Engine/Content/EngineMaterials/DefaultPostProcessMaterial.uasset" 543
"../../../Engine/Content/EngineMaterials/DefaultWhiteGrid.uasset" 544
"../../../Engine/Content/EngineMaterials/EditorBrushMaterial.uasset" 545
"../../../Engine/Content/EngineMaterials/Good64x64TilingNoiseHighFreq.uasset" 546
"../../../Engine/Content/EngineMaterials/MiniFont.uasset" 547
"../../../Engine/Content/EngineMaterials/InvalidLightmapSettings.uasset" 548
"../../../Engine/Content/EngineMaterials/M_InvalidLightmapSettings.uasset" 549
"../../../Engine/Content/Functions/Engine_MaterialFunctions02/WorldPositionOffset/CameraOffset.uasset" 550
"../../../Engine/Content/EngineMaterials/PhAT_JointLimitMaterial.uasset" 551
"../../../Engine/Content/EngineMaterials/PreintegratedSkinBRDF.uasset" 552
"../../../Engine/Content/EngineMaterials/RemoveSurfaceMaterial.uasset" 553
"../../../Engine/Content/EngineMaterials/WeightMapPlaceholderTexture.uasset" 554
"../../../Engine/Content/EngineResources/WhiteSquareTexture.uasset" 555
"../../../Engine/Content/EngineMaterials/Widget3DPassThrough.uasset" 556
"../../../Engine/Content/EngineMaterials/Widget3DPassThrough_Masked.uasset" 557
"../../../Engine/Content/EngineMaterials/Widget3DPassThrough_Opaque.uasset" 558
"../../../Engine/Content/EngineMaterials/Widget3DPassThrough_Masked_OneSided.uasset" 559
"../../../Engine/Content/EngineMaterials/Widget3DPassThrough_Opaque_OneSided.uasset" 560
"../../../Engine/Content/EngineMaterials/Widget3DPassThrough_Translucent.uasset" 561
"../../../Engine/Content/EngineMaterials/Widget3DPassThrough_Translucent_OneSided.uasset" 562
"../../../Engine/Content/EngineMeshes/Cube.uasset" 563
"../../../Engine/Content/EngineMeshes/Cylinder.uasset" 564
"../../../Engine/Content/EngineMeshes/Sphere.uasset" 565
"../../../Engine/Content/EngineResources/Black.uasset" 566
"../../../Engine/Content/EngineResources/DefaultTexture.uasset" 567
"../../../Engine/Content/EngineResources/DefaultTextureCube.uasset" 568
"../../../Engine/Content/EngineResources/GradientTexture0.uasset" 569
"../../../Engine/Content/EngineSounds/Master.uasset" 570
"../../../Engine/Content/Functions/Engine_MaterialFunctions01/Shading/ConvertFromDiffSpec.uasset" 571
"../../../Engine/Content/Functions/Engine_MaterialFunctions01/Shading/PowerToRoughness.uasset" 572
"../../../Engine/Content/Maps/Templates/Thumbnails/Default.uasset" 573
"../../../Engine/Content/Maps/Templates/Thumbnails/VR-Basic.uasset" 574
"../../../Engine/Content/MobileResources/T_MobileControls_texture.uasset" 575
"../../../Engine/Content/MobileResources/T_MobileMenu2.uasset" 576
"../../../Engine/Content/MobileResources/HUD/AnalogHat.uasset" 577
"../../../Engine/Content/MobileResources/HUD/VirtualJoystick_Background.uasset" 578
"../../../Engine/Content/MobileResources/HUD/VirtualJoystick_Thumb.uasset" 579
"../../../Engine/Content/MobileResources/HUD/DefaultVirtualJoysticks.uasset" 580
"../../../Engine/Content/MobileResources/HUD/LeftVirtualJoystickOnly.uasset" 581
"../../../Engine/Content/MobileResources/HUD/MobileHUDButton1_off.uasset" 582
"../../../Engine/Content/MobileResources/HUD/MobileHUDButton1_on.uasset" 583
"../../../Engine/Content/MobileResources/HUD/MobileHUDButton2_off.uasset" 584
"../../../Engine/Content/MobileResources/HUD/MobileHUDButton2_on.uasset" 585
"../../../Engine/Content/MobileResources/HUD/MobileHUDButton3.uasset" 586
"../../../Engine/Content/MobileResources/HUD/MobileHUDButtonFire.uasset" 587
"../../../Engine/Content/MobileResources/HUD/MobileHUDDirectionPad.uasset" 588
"../../../Engine/Content/MobileResources/HUD/MobileHUDDirectionPad2.uasset" 589
"../../../Engine/Content/MobileResources/HUD/MobileHUDDirectionPad3.uasset" 590
"../../../Engine/Content/MobileResources/HUD/MobileHUDDirectionStick.uasset" 591
"../../../Engine/Content/MobileResources/HUD/T_Castle_ThumbstickInner.uasset" 592
"../../../Engine/Content/MobileResources/HUD/T_Castle_ThumbstickOutter.uasset" 593
"../../../Engine/Content/Tutorial/ContentIntroCurve.uasset" 594
"../../../Engine/Content/Tutorial/Basics/TutorialAssets/icon_tab_Levels_40x.uasset" 595
"../../../Engine/Content/Tutorial/BlueprintTutorials/TutorialAssets/BlueprintInterface_64x.uasset" 596
"../../../Engine/Content/Tutorial/BlueprintTutorials/TutorialAssets/BlueprintMacroLibrary_64x.uasset" 597
"../../../Engine/Content/Tutorial/BlueprintTutorials/TutorialAssets/Blueprint_64x.uasset" 598
"../../../Engine/Content/Tutorial/BlueprintTutorials/TutorialAssets/Tutorial_BP_Interface.uasset" 599
"../../../Engine/Content/Tutorial/Foliage/TutorialAssets/Foliage.uasset" 600
"../../../Engine/Content/Tutorial/Landscape/TutorialAssets/Landscape.uasset" 601
"../../../Engine/Content/Tutorial/Mobile/TutorialAssets/android_Icon.uasset" 602
"../../../Engine/Content/Tutorial/Paper2D/TutorialAssets/Paper2DFlipbook_TutorialIcon.uasset" 603
"../../../Engine/Content/Tutorial/Paper2D/TutorialAssets/Paper2DSprite_TutorialIcon.uasset" 604
"../../../Engine/Content/Tutorial/SubEditors/TutorialAssets/icon_Editor_Preferences_General_40x.uasset" 605
"../../../Engine/Content/Tutorial/SubEditors/TutorialAssets/icon_ShowSkeletalMeshes_40x.uasset" 606
"../../../Engine/Content/Tutorial/SubEditors/TutorialAssets/TutorialMaterial.uasset" 607
"../../../Engine/Content/Tutorial/SubEditors/TutorialAssets/T_SmokeSubUV_8X8.uasset" 608
"../../../Engine/Content/Tutorial/SubEditors/TutorialAssets/T_soft_smoke.uasset" 609
"../../../Engine/Content/Tutorial/SubEditors/TutorialAssets/M_smoke_subUV_blackbody.uasset" 610
"../../../Engine/Content/Tutorial/SubEditors/TutorialAssets/TutorialParticleSystem.uasset" 611
"../../../Engine/Content/VREditor/Devices/Generic/GenericHMDMaterial.uasset" 612
"../../../Engine/Content/VREditor/Devices/Generic/GenericHMD.uasset" 613
"../../../Engine/Content/VREditor/FloatingText/LineMaterial.uasset" 614
"../../../Engine/Content/VREditor/FloatingText/JointSphere.uasset" 615
"../../../Engine/Content/VREditor/FloatingText/LineSegmentCylinder.uasset" 616
"../../../Engine/Content/VREditor/Fonts/VRText_RobotoLarge.uasset" 617
"../../../Engine/Content/VREditor/Fonts/VRTextMaterial.uasset" 618
"../../../Engine/Content/VREditor/Fonts/TranslucentVRTextMaterial.uasset" 619
"../../../Engine/Content/VREditor/LaserPointer/CursorPointer.uasset" 620
"../../../Engine/Content/VREditor/LaserPointer/VR_LaserPower_01.uasset" 621
"../../../Engine/Content/VREditor/TransformGizmo/TransformGizmoMaterial.uasset" 622
"../../../Engine/Content/VREditor/LaserPointer/HoverMaterial.uasset" 623
"../../../Engine/Content/VREditor/TransformGizmo/TranslucentTransformGizmoMaterial.uasset" 624
"../../../Engine/Content/VREditor/LaserPointer/TranslucentHoverMaterial.uasset" 625
"../../../Engine/Content/VREditor/LaserPointer/HoverMesh.uasset" 626
"../../../Engine/Content/VREditor/LaserPointer/LaserPointerMaterial.uasset" 627
"../../../Engine/Content/VREditor/LaserPointer/LaserPointerMaterialInst.uasset" 628
"../../../Engine/Content/VREditor/LaserPointer/TranslucentLaserPointerMaterialInst.uasset" 629
"../../../Engine/Content/VREditor/LaserPointer/LaserPointerMesh.uasset" 630
"../../../Engine/Content/VREditor/LaserPointer/LaserPointerMesh_End.uasset" 631
"../../../Engine/Content/VREditor/LaserPointer/LaserPointerMesh_Start.uasset" 632
"../../../Engine/Content/Functions/Engine_MaterialFunctions02/Math/Transform3x3Matrix.uasset" 633
"../../../Engine/Content/Functions/Engine_MaterialFunctions02/SplitComponents.uasset" 634
"../../../Engine/Content/Functions/Engine_MaterialFunctions02/Utility/MakeFloat3.uasset" 635
"../../../Engine/Content/VREditor/SnapGrid/SnapGridMaterial.uasset" 636
"../../../Engine/Content/VREditor/SnapGrid/SnapGridPlaneMesh.uasset" 637
"../../../Engine/Content/VREditor/Sounds/VR_teleport.uasset" 638
"../../../Engine/Content/VREditor/Sounds/UI/Click_on_Button_Cue.uasset" 639
"../../../Engine/Content/VREditor/Sounds/UI/Dockable_Window_Close.uasset" 640
"../../../Engine/Content/VREditor/Sounds/UI/Dockable_Window_Drop.uasset" 641
"../../../Engine/Content/VREditor/Sounds/UI/Dockable_Window_Open.uasset" 642
"../../../Engine/Content/VREditor/Sounds/UI/Dockable_Window_Pick_Up.uasset" 643
"../../../Engine/Content/VREditor/Sounds/UI/Drop_Item_From_ContentBrowser.uasset" 644
"../../../Engine/Content/VREditor/Sounds/UI/Floating_UI_Open-001.uasset" 645
"../../../Engine/Content/VREditor/Sounds/UI/Gizmo_Handle_Clicked.uasset" 646
"../../../Engine/Content/VREditor/Sounds/UI/Object_PickUp.uasset" 647
"../../../Engine/Content/VREditor/Sounds/UI/Object_Snaps_To_Another_Actor.uasset" 648
"../../../Engine/Content/VREditor/Sounds/UI/Object_Snaps_To_Grid.uasset" 649
"../../../Engine/Content/VREditor/Sounds/UI/Radial_Menu_FadeOut.uasset" 650
"../../../Engine/Content/VREditor/Sounds/UI/Scaling_Down.uasset" 651
"../../../Engine/Content/VREditor/Sounds/UI/Scaling_Up.uasset" 652
"../../../Engine/Content/VREditor/Sounds/UI/Selection_Changes.uasset" 653
"../../../Engine/Content/VREditor/Sounds/UI/Teleport_Mode_Entered.uasset" 654
"../../../Engine/Content/VREditor/Teleport/TeleportDirectionMaterial.uasset" 655
"../../../Engine/Content/VREditor/Teleport/TeleportDirectionMaterial_Inst.uasset" 656
"../../../Engine/Content/VREditor/Teleport/TeleportDirectionMesh.uasset" 657
"../../../Engine/Content/VREditor/TransformGizmo/BoundingBoxCorner.uasset" 658
"../../../Engine/Content/VREditor/TransformGizmo/BoundingBoxEdge.uasset" 659
"../../../Engine/Content/VREditor/TransformGizmo/PlaneTranslationHandle.uasset" 660
"../../../Engine/Content/VREditor/TransformGizmo/RotationHandleFull.uasset" 661
"../../../Engine/Content/VREditor/TransformGizmo/RotationHandleIndicator.uasset" 662
"../../../Engine/Content/VREditor/TransformGizmo/RotationHandleQuarter.uasset" 663
"../../../Engine/Content/VREditor/TransformGizmo/Main.uasset" 664
"../../../Engine/Content/VREditor/TransformGizmo/Xray.uasset" 665
"../../../Engine/Content/VREditor/TransformGizmo/SM_Dialog_Close.uasset" 666
"../../../Engine/Content/VREditor/TransformGizmo/SM_Dialog_Move.uasset" 667
"../../../Engine/Content/VREditor/TransformGizmo/SM_Sequencer_Key.uasset" 668
"../../../Engine/Content/VREditor/TransformGizmo/SM_Sequencer_Node.uasset" 669
"../../../Engine/Content/VREditor/TransformGizmo/StartRotationHandleIndicator.uasset" 670
"../../../Engine/Content/VREditor/TransformGizmo/TranslucentTransformGizmoMaterial_Inst.uasset" 671
"../../../Engine/Content/VREditor/TransformGizmo/TransformGizmoFreeRotation.uasset" 672
"../../../Engine/Content/VREditor/TransformGizmo/TransformGizmoMaterial_Inst.uasset" 673
"../../../Engine/Content/VREditor/TransformGizmo/TranslateArrowHandle.uasset" 674
"../../../Engine/Content/VREditor/TransformGizmo/UniformScaleHandle.uasset" 675
"../../../Engine/Content/VREditor/UI/KeyDiskMaterial.uasset" 676
"../../../Engine/Content/VREditor/UI/DiscMaterial.uasset" 677
"../../../Engine/Content/VREditor/UI/SM_Radial_Disk.uasset" 678
"../../../Engine/Content/Functions/Engine_MaterialFunctions01/Gradient/RadialGradient.uasset" 679
"../../../Engine/Content/VREditor/WorldMovementGrid/SimpleGrid.uasset" 680
"../../../Engine/Content/VREditor/WorldMovementGrid/GridMaterial.uasset" 681
"../../../Engine/Content/VREditor/WorldMovementGrid/GridPostProcess.uasset" 682
"../../../Engine/Content/EditorLandscapeResources/FlattenHeightMat.uasset" 683
"../../../Engine/Content/VREditor/WorldMovementGrid/PlaneMesh.uasset" 684
"../../../Engine/Plugins/2D/Paper2D/Content/PlaceholderTextures/DummySpriteTexture.uasset" 685
"../../../Engine/Plugins/2D/Paper2D/Content/DummySprite.uasset" 686
"../../../Engine/Plugins/2D/Paper2D/Content/DefaultPaperTerrainMaterial.uasset" 687
"../../../Engine/Plugins/2D/Paper2D/Content/DefaultSpriteMaterial.uasset" 688
"../../../Engine/Plugins/2D/Paper2D/Content/MaskedUnlitSpriteMaterial.uasset" 689
"../../../Engine/Plugins/2D/Paper2D/Content/OpaqueUnlitSpriteMaterial.uasset" 690
"../../../Engine/Plugins/Media/MediaCompositing/Content/DefaultMediaPlaneMaterial.uasset" 691
"../../../Engine/Content/Functions/Engine_MaterialFunctions01/Texturing/ScaleUVsByCenter.uasset" 692
"../../../Engine/Plugins/Runtime/AppleARKit/Content/ARKitCameraMaterial.uasset" 693
"../../../Engine/Plugins/Runtime/Oculus/OculusVR/Content/Textures/GearVRController_AO.uasset" 694
"../../../Engine/Plugins/Runtime/Oculus/OculusVR/Content/Textures/GearVRController_Color.uasset" 695
"../../../Engine/Plugins/Runtime/Oculus/OculusVR/Content/Textures/GearVRController_Normal.uasset" 696
"../../../Engine/Plugins/Runtime/Oculus/OculusVR/Content/Materials/GearVRControllerMaterial.uasset" 697
"../../../Engine/Plugins/Runtime/Oculus/OculusVR/Content/Meshes/GearVrController.uasset" 698
"../../../TechNoia/Content/Menus/MenuAssets/StoryIntro.uasset" 699
"../../../TechNoia/Content/Menus/IntroStoryWidget.uasset" 700
"../../../TechNoia/Content/Sounds/VoiceOver/IntroBritish2UE.uasset" 701
"../../../TechNoia/Content/Sounds/VoiceOver/IntroBritishUE.uasset" 702
"../../../TechNoia/Content/Maps/IntroStory2Map.umap" 703
"../../../Engine/Content/EngineSky/C_Sky_Cloud_Color.uasset" 704
"../../../Engine/Content/EngineSky/C_Sky_Horizon_Color.uasset" 705
"../../../Engine/Content/EngineSky/C_Sky_Zenith_Color.uasset" 706
"../../../Engine/Content/EngineSky/T_Sky_Blue.uasset" 707
"../../../Engine/Content/EngineSky/T_Sky_Clouds_M.uasset" 708
"../../../Engine/Content/EngineSky/T_Sky_Stars.uasset" 709
"../../../Engine/Content/EngineSky/M_Sky_Panning_Clouds2.uasset" 710
"../../../Engine/Content/EngineSky/SM_SkySphere.uasset" 711
"../../../Engine/Content/EngineSky/BP_Sky_Sphere.uasset" 712
"../../../TechNoia/Content/Maps/IntroStoryMap_BuiltData.uasset" 713
"../../../Engine/Content/MapTemplates/SM_Template_Map_Floor.uasset" 714
"../../../TechNoia/Content/Maps/IntroStoryMap.umap" 715
"../../../TechNoia/Content/Maps/MainMenuMap_BuiltData.uasset" 716
"../../../TechNoia/Content/Outline/Materials/GroundMat.uasset" 717
"../../../TechNoia/Content/Outline/Materials/GlowOutline_Inst.uasset" 718
"../../../TechNoia/Content/Outline/Materials/Highlight.uasset" 719
"../../../TechNoia/Content/Outline/Materials/Highlight_Inst.uasset" 720
"../../../TechNoia/Content/Menus/MenuAssets/TechNoiaLogo_MenuMat.uasset" 721
"../../../TechNoia/Content/Menus/MainMenuWidget.uasset" 722
"../../../TechNoia/Content/Geometry/Meshes/1M_Cube.uasset" 723
"../../../TechNoia/Content/Outline/Effects/TechMat.uasset" 724
"../../../TechNoia/Content/Outline/Effects/TechParticles.uasset" 725
"../../../TechNoia/Content/Sounds/IntroLogo2.uasset" 726
"../../../TechNoia/Content/Maps/MainMenuMap.umap" 727
"../../../TechNoia/Content/TopDownBP/Blueprints/TopDownController.uasset" 728
"../../../TechNoia/Content/TopDownBP/Blueprints/TopDownGameMode.uasset" 729
"../../../TechNoia/Content/Maps/MainMenuMap1.umap" 730
"../../../TechNoia/Content/Mannequin/Animations/ThirdPerson_Jump.uasset" 731
"../../../TechNoia/Content/Mannequin/Animations/ThirdPersonJump_Loop.uasset" 732
"../../../TechNoia/Content/Mannequin/Animations/ThirdPersonJump_Start.uasset" 733
"../../../TechNoia/Content/Mannequin/Animations/ThirdPersonIdle.uasset" 734
"../../../TechNoia/Content/Mannequin/Animations/ThirdPersonRun.uasset" 735
"../../../TechNoia/Content/Mannequin/Animations/ThirdPersonWalk.uasset" 736
"../../../TechNoia/Content/Mannequin/Animations/ThirdPerson_IdleRun_2D.uasset" 737
"../../../TechNoia/Content/Mannequin/Animations/ThirdPerson_AnimBP.uasset" 738
"../../../TechNoia/Content/Mannequin/Character/Materials/MaterialLayers/T_ML_Rubber_Blue_01_D.uasset" 739
"../../../TechNoia/Content/Mannequin/Character/Materials/MaterialLayers/T_ML_Rubber_Blue_01_N.uasset" 740
"../../../TechNoia/Content/Mannequin/Character/Materials/MaterialLayers/ML_GlossyBlack_Latex_UE4.uasset" 741
"../../../TechNoia/Content/Mannequin/Character/Materials/MaterialLayers/ML_Plastic_Shiny_Beige.uasset" 742
"../../../TechNoia/Content/Mannequin/Character/Textures/UE4_LOGO_CARD.uasset" 743
"../../../TechNoia/Content/Mannequin/Character/Materials/MaterialLayers/ML_Plastic_Shiny_Beige_LOGO.uasset" 744
"../../../TechNoia/Content/Mannequin/Character/Materials/MaterialLayers/T_ML_Aluminum01.uasset" 745
"../../../TechNoia/Content/Mannequin/Character/Materials/MaterialLayers/T_ML_Aluminum01_N.uasset" 746
"../../../TechNoia/Content/Mannequin/Character/Materials/MaterialLayers/ML_SoftMetal_UE4.uasset" 747
"../../../TechNoia/Content/Mannequin/Character/Textures/UE4_Mannequin__normals.uasset" 748
"../../../TechNoia/Content/Mannequin/Character/Textures/UE4_Mannequin_MAT_MASKA.uasset" 749
"../../../TechNoia/Content/Mannequin/Character/Materials/M_UE4Man_BodyEnemy.uasset" 750
"../../../TechNoia/Content/Mannequin/Character/Materials/M_UE4Man_Body.uasset" 751
"../../../TechNoia/Content/Mannequin/Character/Textures/UE4Man_Logo_N.uasset" 752
"../../../TechNoia/Content/Mannequin/Character/Materials/M_UE4Man_ChestLogo.uasset" 753
"../../../TechNoia/Content/Mannequin/Character/Mesh/SK_Mannequin_PhysicsAsset.uasset" 754
"../../../TechNoia/Content/Mannequin/Character/Mesh/SK_Mannequin.uasset" 755
"../../../TechNoia/Content/TopDownBP/Blueprints/EnemyBP.uasset" 756
"../../../TechNoia/Content/LevelObjects/GameOverTriggerBox.uasset" 757
"../../../Engine/Content/Functions/Engine_MaterialFunctions01/Gradient/LinearGradient.uasset" 758
"../../../TechNoia/Content/ObjectsBP/CameraGradient.uasset" 759
"../../../Engine/Content/BasicShapes/Cone.uasset" 760
"../../../TechNoia/Content/ObjectsBP/CameraTrackerBP.uasset" 761
"../../../TechNoia/Content/Outline/Materials/GlowOutline_Yellow.uasset" 762
"../../../TechNoia/Content/ObjectsBP/Checkpoint_BP.uasset" 763
"../../../TechNoia/Content/Assets/Env_Textures/AreaToxic.uasset" 764
"../../../TechNoia/Content/Assets/Env_Textures/ToxicBanner_Mat.uasset" 765
"../../../TechNoia/Content/ObjectsBP/ToxicBanner_BP.uasset" 766
"../../../TechNoia/Content/SurvivorVision/Blueprints/SurvivorVisionCharacter.uasset" 767
"../../../TechNoia/Content/SurvivorVision/Blueprints/SurvivorVisionController.uasset" 768
"../../../TechNoia/Content/SurvivorVision/Blueprints/SurvivorVisionGameMode.uasset" 769
"../../../TechNoia/Content/Maps/MainWorld_BuiltData.uasset" 770
"../../../TechNoia/Content/Assets/Env_Textures/CheckpointText.uasset" 771
"../../../TechNoia/Content/Assets/Env_Textures/CheckpointText_Mat1.uasset" 772
"../../../TechNoia/Content/Assets/Env_Textures/Movement_Jump.uasset" 773
"../../../TechNoia/Content/Assets/Env_Textures/Movement_Jump_Mat1.uasset" 774
"../../../TechNoia/Content/Assets/Env_Textures/Movement_Turn.uasset" 775
"../../../TechNoia/Content/Assets/Env_Textures/Movement_Turn_Mat.uasset" 776
"../../../TechNoia/Content/Assets/Env_Textures/Movement_Vision.uasset" 777
"../../../TechNoia/Content/Assets/Env_Textures/Movement_Vision_Mat.uasset" 778
"../../../TechNoia/Content/Assets/Env_Textures/Movement_Walk.uasset" 779
"../../../TechNoia/Content/Assets/Env_Textures/Movement_Walk_Mat.uasset" 780
"../../../TechNoia/Content/Assets/Env_Textures/Movement_WrongWay.uasset" 781
"../../../TechNoia/Content/Assets/Env_Textures/Movement_WrongWay_Mat.uasset" 782
"../../../TechNoia/Content/Materials/ToxicMat.uasset" 783
"../../../TechNoia/Content/Outline/Effects/TechParticlesOrange.uasset" 784
"../../../TechNoia/Content/Maps/MainWorld.umap" 785
"../../../TechNoia/Content/LevelObjects/DangerBlock.uasset" 786
"../../../TechNoia/Content/LevelObjects/Key01_Blueprint.uasset" 787
"../../../TechNoia/Content/Assets/TekWorldObjects/Battery/BatteryBase.uasset" 788
"../../../TechNoia/Content/Assets/TekWorldObjects/Battery/BatteryTop.uasset" 789
"../../../TechNoia/Content/Assets/TekWorldObjects/Battery/Battery.uasset" 790
"../../../TechNoia/Content/ObjectsBP/Battery.uasset" 791
"../../../TechNoia/Content/LevelObjects/Door3.uasset" 792
"../../../TechNoia/Content/ObjectsBP/Door_TypesBP.uasset" 793
"../../../TechNoia/Content/Assets/TekWorldObjects/Key/KeyMat.uasset" 794
"../../../TechNoia/Content/Assets/TekWorldObjects/Key/Key.uasset" 795
"../../../TechNoia/Content/ObjectsBP/Key.uasset" 796
"../../../TechNoia/Content/Menus/MenuAssets/TechNoiaGameWon.uasset" 797
"../../../TechNoia/Content/Menus/MenuAssets/TechNoiaWon_Mat.uasset" 798
"../../../TechNoia/Content/Menus/GameWonWidget.uasset" 799
"../../../TechNoia/Content/ObjectsBP/LevelComplete.uasset" 800
"../../../TechNoia/Content/Maps/TekVoidMaps/TekVoid_01_BuiltData.uasset" 801
"../../../Engine/Content/Functions/Engine_MaterialFunctions02/Utility/VectorLength.uasset" 802
"../../../TechNoia/Content/Materials/MF_ConvolveTexture.uasset" 803
"../../../TechNoia/Content/Materials/MF_ExtractDepth.uasset" 804
"../../../TechNoia/Content/Materials/MF_SampleSceneTextureNeighbourUVs.uasset" 805
"../../../TechNoia/Content/Materials/PP_Outliner_M.uasset" 806
"../../../TechNoia/Content/Materials/PP_Outliner_Inst.uasset" 807
"../../../TechNoia/Content/Outline/Materials/GlowOutline_Pink.uasset" 808
"../../../TechNoia/Content/Maps/TekVoidMaps/TekVoid_01.umap" 809
"../../../TechNoia/Content/Materials/PP_Outliner_Inst1.uasset" 810
"../../../TechNoia/Content/Maps/TekVoidMaps/TekVoid_01_00.umap" 811
"../../../TechNoia/Content/Maps/TekVoidMaps/TekVoid_01_backup.umap" 812
"../../../TechNoia/Content/Maps/TekVoidMaps/TekVoid_01_last.umap" 813
"../../../TechNoia/Content/Maps/TekVoidMaps/TekVoid_01_unfunctional.umap" 814
"../../../TechNoia/Content/ObjectsBP/TelepadBP.uasset" 815
"../../../TechNoia/Content/Maps/TekVoidMaps/TekVoid_02_BuiltData.uasset" 816
"../../../TechNoia/Content/Maps/TekVoidMaps/TekVoid_02.umap" 817
"../../../TechNoia/Content/Maps/TekVoidMaps/TekVoid_03_BuiltData.uasset" 818
"../../../TechNoia/Content/Maps/TekVoidMaps/TekVoid_03.umap" 819
"../../../TechNoia/Content/TekVoid_bad.umap" 820
"../../../TechNoia/Content/SurvivorVision/Animations/ThirdPerson_Jump.uasset" 821
"../../../TechNoia/Content/SurvivorVision/Animations/ThirdPersonJump_Loop.uasset" 822
"../../../TechNoia/Content/SurvivorVision/Animations/ThirdPersonJump_Start.uasset" 823
"../../../TechNoia/Content/SurvivorVision/Animations/ThirdPersonIdle.uasset" 824
"../../../TechNoia/Content/SurvivorVision/Animations/ThirdPersonRun.uasset" 825
"../../../TechNoia/Content/SurvivorVision/Animations/ThirdPersonWalk.uasset" 826
"../../../TechNoia/Content/SurvivorVision/Animations/ThirdPerson_IdleRun_2D.uasset" 827
"../../../TechNoia/Content/SurvivorVision/Animations/ThirdPerson_AnimBP.uasset" 828
"../../../TechNoia/Content/SurvivorVision/Demo/Blueprints/AINode.uasset" 829
"../../../TechNoia/Content/SurvivorVision/Textures/Mannequin/T_ML_Rubber_Blue_01_D.uasset" 830
"../../../TechNoia/Content/SurvivorVision/Textures/Mannequin/T_ML_Rubber_Blue_01_N.uasset" 831
"../../../TechNoia/Content/SurvivorVision/Materials/Mannequin/ML_GlossyBlack_Latex_UE4.uasset" 832
"../../../TechNoia/Content/SurvivorVision/Materials/Mannequin/ML_Plastic_Shiny_Beige.uasset" 833
"../../../TechNoia/Content/SurvivorVision/Textures/Mannequin/UE4_LOGO_CARD.uasset" 834
"../../../TechNoia/Content/SurvivorVision/Materials/Mannequin/ML_Plastic_Shiny_Beige_LOGO.uasset" 835
"../../../TechNoia/Content/SurvivorVision/Textures/Mannequin/T_ML_Aluminum01.uasset" 836
"../../../TechNoia/Content/SurvivorVision/Textures/Mannequin/T_ML_Aluminum01_N.uasset" 837
"../../../TechNoia/Content/SurvivorVision/Materials/Mannequin/ML_SoftMetal_UE4.uasset" 838
"../../../TechNoia/Content/SurvivorVision/Textures/Mannequin/UE4_Mannequin__normals.uasset" 839
"../../../TechNoia/Content/SurvivorVision/Textures/Mannequin/UE4_Mannequin_MAT_MASKA.uasset" 840
"../../../TechNoia/Content/SurvivorVision/Materials/Mannequin/M_UE4Man_Body.uasset" 841
"../../../TechNoia/Content/SurvivorVision/Textures/Mannequin/UE4Man_Logo_N.uasset" 842
"../../../TechNoia/Content/SurvivorVision/Materials/Mannequin/M_UE4Man_ChestLogo.uasset" 843
"../../../TechNoia/Content/SurvivorVision/Meshes/Mannequin/SK_Mannequin_PhysicsAsset.uasset" 844
"../../../TechNoia/Content/SurvivorVision/Meshes/Mannequin/SK_Mannequin.uasset" 845
"../../../TechNoia/Content/SurvivorVision/Demo/Blueprints/WalkingGuy.uasset" 846
"../../../TechNoia/Content/SurvivorVision/Demo/Materials/M_SurvivorVision_DemoMaterial.uasset" 847
"../../../TechNoia/Content/SurvivorVision/Demo/Materials/MI_SurvivorVision_Demo_01.uasset" 848
"../../../TechNoia/Content/SurvivorVision/Demo/Blueprints/SurvivorVisionCharacter_Demo.uasset" 849
"../../../TechNoia/Content/SurvivorVision/Demo/Materials/M_DemoWall.uasset" 850
"../../../TechNoia/Content/SurvivorVision/Demo/Audio/Physical_Materials/Rubber.uasset" 851
"../../../TechNoia/Content/SurvivorVision/Demo/Materials/M_DemoWall_Inst.uasset" 852
"../../../TechNoia/Content/SurvivorVision/Demo/Materials/M_DemoWall_MattPlastic.uasset" 853
"../../../TechNoia/Content/SurvivorVision/Materials/World/CubeMaterial.uasset" 854
"../../../TechNoia/Content/SurvivorVision/Demo/Meshes/1M_Cube.uasset" 855
"../../../TechNoia/Content/SurvivorVision/Demo/Blueprints/AdvancedApplicationActor_Door.uasset" 856
"../../../TechNoia/Content/SurvivorVision/Demo/Blueprints/AdvancedApplicationActor_ShootingVolume.uasset" 857
"../../../Engine/Content/EngineFonts/RobotoDistanceField.uasset" 858
"../../../Engine/Content/EngineMaterials/DefaultTextMaterialOpaque.uasset" 859
"../../../TechNoia/Content/SurvivorVision/Demo/Materials/DefaultTextMaterialTranslucentUnlit.uasset" 860
"../../../TechNoia/Content/SurvivorVision/Demo/Audio/Physical_Materials/Metal.uasset" 861
"../../../TechNoia/Content/SurvivorVision/Demo/Materials/M_DemoWall_Inst_3.uasset" 862
"../../../TechNoia/Content/SurvivorVision/Demo/Materials/M_DemoWall_Inst_NamePlate.uasset" 863
"../../../TechNoia/Content/SurvivorVision/Demo/Materials/M_DemoWall_Inst_BaseFloor_Inst.uasset" 864
"../../../TechNoia/Content/SurvivorVision/Demo/Blueprints/Demoroom/BP_DemoDisplay_Enum.uasset" 865
"../../../TechNoia/Content/SurvivorVision/Demo/Materials/M_DemoWall_Inst2.uasset" 866
"../../../TechNoia/Content/SurvivorVision/Demo/Meshes/SM_Base.uasset" 867
"../../../TechNoia/Content/SurvivorVision/Demo/Meshes/SM_Base2.uasset" 868
"../../../TechNoia/Content/SurvivorVision/Demo/Meshes/SM_Base_FlatWall.uasset" 869
"../../../TechNoia/Content/SurvivorVision/Demo/Meshes/SM_BaseRoom.uasset" 870
"../../../TechNoia/Content/SurvivorVision/Demo/Meshes/SM_NamePlate.uasset" 871
"../../../TechNoia/Content/SurvivorVision/Demo/Blueprints/Demoroom/BP_DemoDisplay.uasset" 872
"../../../TechNoia/Content/SurvivorVision/Demo/Blueprints/Demoroom/BP_DemoRoom_Enum.uasset" 873
"../../../TechNoia/Content/SurvivorVision/Demo/Blueprints/Demoroom/DemoRoomStruct.uasset" 874
"../../../TechNoia/Content/SurvivorVision/Demo/Textures/T_UnrealEngineDecal.uasset" 875
"../../../TechNoia/Content/SurvivorVision/Demo/Materials/M_Glass.uasset" 876
"../../../TechNoia/Content/SurvivorVision/Demo/Textures/T_RoomTiles_M.uasset" 877
"../../../TechNoia/Content/SurvivorVision/Demo/Textures/T_RoomTiles_N.uasset" 878
"../../../TechNoia/Content/SurvivorVision/Demo/Materials/M_DemoRoomTiles.uasset" 879
"../../../TechNoia/Content/SurvivorVision/Demo/Audio/Physical_Materials/Concrete.uasset" 880
"../../../TechNoia/Content/SurvivorVision/Demo/Materials/M_DemoRoomTiles_Inst.uasset" 881
"../../../TechNoia/Content/SurvivorVision/Demo/Textures/T_Pattern_M.uasset" 882
"../../../TechNoia/Content/SurvivorVision/Demo/Materials/M_DemoWallPattern.uasset" 883
"../../../TechNoia/Content/SurvivorVision/Demo/Materials/M_DemoWallPattern_Inst.uasset" 884
"../../../TechNoia/Content/SurvivorVision/Demo/Materials/M_DemoWallPattern_Inst_Mirrored.uasset" 885
"../../../TechNoia/Content/SurvivorVision/Demo/Materials/M_DemoWallPattern_NoText.uasset" 886
"../../../TechNoia/Content/SurvivorVision/Demo/Materials/M_Glass_Inst.uasset" 887
"../../../TechNoia/Content/SurvivorVision/Demo/Meshes/SM_DemoDivider_1.uasset" 888
"../../../TechNoia/Content/SurvivorVision/Demo/Meshes/SM_DemoDivider_2.uasset" 889
"../../../TechNoia/Content/SurvivorVision/Demo/Meshes/SM_DemoRoomBackWall.uasset" 890
"../../../TechNoia/Content/SurvivorVision/Demo/Meshes/SM_DemoRoomBackWall2.uasset" 891
"../../../TechNoia/Content/SurvivorVision/Demo/Materials/M_LightTube.uasset" 892
"../../../TechNoia/Content/SurvivorVision/Demo/Materials/M_LightTube_Inst.uasset" 893
"../../../TechNoia/Content/SurvivorVision/Demo/Meshes/SM_DemoRoomClamp.uasset" 894
"../../../TechNoia/Content/SurvivorVision/Demo/Meshes/SM_DemoRoomClamp2.uasset" 895
"../../../TechNoia/Content/SurvivorVision/Demo/Meshes/SM_DemoRoomL.uasset" 896
"../../../TechNoia/Content/SurvivorVision/Demo/Meshes/SM_DemoRoomLTrim.uasset" 897
"../../../TechNoia/Content/SurvivorVision/Demo/Meshes/SM_DemoRoomTrim.uasset" 898
"../../../TechNoia/Content/SurvivorVision/Demo/Meshes/SM_DemoRoomTrim2.uasset" 899
"../../../TechNoia/Content/SurvivorVision/Demo/Meshes/SM_DemoRoomTrimAdd.uasset" 900
"../../../TechNoia/Content/SurvivorVision/Demo/Meshes/SM_DemoRoomU.uasset" 901
"../../../TechNoia/Content/SurvivorVision/Demo/Meshes/SM_DemoRoomU2.uasset" 902
"../../../TechNoia/Content/SurvivorVision/Demo/Meshes/SM_DemoRoomU_Hole.uasset" 903
"../../../TechNoia/Content/SurvivorVision/Demo/Meshes/SM_URoom_Wall.uasset" 904
"../../../TechNoia/Content/SurvivorVision/Demo/Meshes/SM_URoom_Wall2.uasset" 905
"../../../TechNoia/Content/SurvivorVision/Demo/Blueprints/Demoroom/BP_DemoRoom.uasset" 906
"../../../TechNoia/Content/SurvivorVision/Demo/Blueprints/Demoroom/RoomDescription.uasset" 907
"../../../TechNoia/Content/SurvivorVision/Demo/Overview_BuiltData.uasset" 908
"../../../TechNoia/Content/SurvivorVision/Demo/Materials/MI_SurvivorVision_Demo_02.uasset" 909
"../../../Engine/Content/MapTemplates/Bokeh_5Sides.uasset" 910
"../../../Engine/Content/MapTemplates/T_ScreenDirt02_w.uasset" 911
"../../../TechNoia/Content/SurvivorVision/Demo/Meshes/Hero/HeroTPP_Physics2.uasset" 912
"../../../TechNoia/Content/SurvivorVision/Demo/Meshes/Hero/HeroTPP_Skeleton.uasset" 913
"../../../TechNoia/Content/SurvivorVision/Demo/Meshes/Hero/HeroTPP.uasset" 914
"../../../TechNoia/Content/SurvivorVision/Demo/Overview.umap" 915
"../../../TechNoia/Content/TopDownBP/Maps/TopDownExampleMap_BuiltData.uasset" 916
"../../../TechNoia/Content/TopDownBP/Maps/TopDownExampleMap.umap" 917
"../../../Engine/Content/Maps/Entry.umap" 918
