Log file open, 02/26/18 20:09:25
LogWindows: Failed to load 'aqProf.dll' (GetLastError=126)
LogWindows: File 'aqProf.dll' does not exist
LogWindows: Failed to load 'VSPerf140.dll' (GetLastError=126)
LogWindows: File 'VSPerf140.dll' does not exist
LogWindows: Failed to load 'VtuneApi.dll' (GetLastError=126)
LogWindows: File 'VtuneApi.dll' does not exist
LogWindows: Failed to load 'VtuneApi32e.dll' (GetLastError=126)
LogWindows: File 'VtuneApi32e.dll' does not exist
LogInit: Display: Running engine for game: TechNoia
LogPlatformFile: Not using cached read wrapper
LogInit: Display: RandInit(1770259389) SRandInit(1770259389).
LogInit: Read version file with build ID '3709383'
LogInit: Overriding engine version to CL 3832480, compatible CL 3709383
LogInit: Registered custom module enumerator with build ID '3709383'
LogTaskGraph: Started task graph with 5 named threads and 20 total threads with 3 sets of task threads.
LogStats: Stats thread started at 0.260254
LogD3D11RHI: Aftermath initialized
LogModuleManager: Display: Found up-to-date module file ../../../Engine/Plugins/2D/Paper2D/Binaries/Win64/UE4Editor-Paper2D.dll (API version 3709383).
LogModuleManager: Display: Found up-to-date module file ../../../Engine/Plugins/2D/Paper2D/Binaries/Win64/UE4Editor-Paper2DEditor.dll (API version 3709383).
LogModuleManager: Display: Found up-to-date module file ../../../Engine/Plugins/2D/Paper2D/Binaries/Win64/UE4Editor-PaperSpriteSheetImporter.dll (API version 3709383).
LogModuleManager: Display: Found up-to-date module file ../../../Engine/Plugins/2D/Paper2D/Binaries/Win64/UE4Editor-PaperTiledImporter.dll (API version 3709383).
LogModuleManager: Display: Found up-to-date module file ../../../Engine/Plugins/2D/Paper2D/Binaries/Win64/UE4Editor-SmartSnapping.dll (API version 3709383).
LogModuleManager: Display: Found up-to-date module file ../../../Engine/Plugins/Blendables/LightPropagationVolume/Binaries/Win64/UE4Editor-LightPropagationVolumeRuntime.dll (API version 3709383).
LogModuleManager: Display: Found up-to-date module file ../../../Engine/Plugins/Blendables/LightPropagationVolume/Binaries/Win64/UE4Editor-LightPropagationVolumeEditor.dll (API version 3709383).
LogModuleManager: Display: Found up-to-date module file ../../../Engine/Plugins/Developer/GitSourceControl/Binaries/Win64/UE4Editor-GitSourceControl.dll (API version 3709383).
LogModuleManager: Display: Found up-to-date module file ../../../Engine/Plugins/Developer/PerforceSourceControl/Binaries/Win64/UE4Editor-PerforceSourceControl.dll (API version 3709383).
LogModuleManager: Display: Found up-to-date module file ../../../Engine/Plugins/Developer/SubversionSourceControl/Binaries/Win64/UE4Editor-SubversionSourceControl.dll (API version 3709383).
LogModuleManager: Display: Found up-to-date module file ../../../Engine/Plugins/Developer/UObjectPlugin/Binaries/Win64/UE4Editor-UObjectPlugin.dll (API version 3709383).
LogModuleManager: Display: Found up-to-date module file ../../../Engine/Plugins/Developer/VisualStudioCodeSourceCodeAccess/Binaries/Win64/UE4Editor-VisualStudioCodeSourceCodeAccess.dll (API version 3709383).
LogModuleManager: Display: Found up-to-date module file ../../../Engine/Plugins/Developer/VisualStudioSourceCodeAccess/Binaries/Win64/UE4Editor-VisualStudioSourceCodeAccess.dll (API version 3709383).
LogModuleManager: Display: Found up-to-date module file ../../../Engine/Plugins/Editor/AssetManagerEditor/Binaries/Win64/UE4Editor-AssetManagerEditor.dll (API version 3709383).
LogModuleManager: Display: Found up-to-date module file ../../../Engine/Plugins/Editor/AudioCapture/Binaries/Win64/UE4Editor-AudioCapture.dll (API version 3709383).
LogModuleManager: Display: Found up-to-date module file ../../../Engine/Plugins/Editor/FacialAnimation/Binaries/Win64/UE4Editor-FacialAnimation.dll (API version 3709383).
LogModuleManager: Display: Found up-to-date module file ../../../Engine/Plugins/Editor/FacialAnimation/Binaries/Win64/UE4Editor-FacialAnimationEditor.dll (API version 3709383).
LogModuleManager: Display: Found up-to-date module file ../../../Engine/Plugins/Editor/GameplayTagsEditor/Binaries/Win64/UE4Editor-GameplayTagsEditor.dll (API version 3709383).
LogModuleManager: Display: Found up-to-date module file ../../../Engine/Plugins/Editor/MobileLauncherProfileWizard/Binaries/Win64/UE4Editor-MobileLauncherProfileWizard.dll (API version 3709383).
LogModuleManager: Display: Found up-to-date module file ../../../Engine/Plugins/Editor/PluginBrowser/Binaries/Win64/UE4Editor-PluginBrowser.dll (API version 3709383).
LogModuleManager: Display: Found up-to-date module file ../../../Engine/Plugins/Editor/SpeedTreeImporter/Binaries/Win64/UE4Editor-SpeedTreeImporter.dll (API version 3709383).
LogModuleManager: Display: Found up-to-date module file ../../../Engine/Plugins/Experimental/AlembicImporter/Binaries/Win64/UE4Editor-AlembicImporter.dll (API version 3709383).
LogModuleManager: Display: Found up-to-date module file ../../../Engine/Plugins/Experimental/AlembicImporter/Binaries/Win64/UE4Editor-AlembicLibrary.dll (API version 3709383).
LogModuleManager: Display: Found up-to-date module file ../../../Engine/Plugins/Experimental/CharacterAI/Binaries/Win64/UE4Editor-CharacterAI.dll (API version 3709383).
LogModuleManager: Display: Found up-to-date module file ../../../Engine/Plugins/Experimental/HTML5Networking/Binaries/Win64/UE4Editor-HTML5Networking.dll (API version 3709383).
LogModuleManager: Display: Found up-to-date module file ../../../Engine/Plugins/Media/AndroidMedia/Binaries/Win64/UE4Editor-AndroidMediaEditor.dll (API version 3709383).
LogModuleManager: Display: Found up-to-date module file ../../../Engine/Plugins/Media/AndroidMedia/Binaries/Win64/UE4Editor-AndroidMediaFactory.dll (API version 3709383).
LogModuleManager: Display: Found up-to-date module file ../../../Engine/Plugins/Media/AvfMedia/Binaries/Win64/UE4Editor-AvfMediaEditor.dll (API version 3709383).
LogModuleManager: Display: Found up-to-date module file ../../../Engine/Plugins/Media/AvfMedia/Binaries/Win64/UE4Editor-AvfMediaFactory.dll (API version 3709383).
LogModuleManager: Display: Found up-to-date module file ../../../Engine/Plugins/Media/AvfMedia/Binaries/Win64/UE4Editor-AvfMediaFactory.dll (API version 3709383).
LogModuleManager: Display: Found up-to-date module file ../../../Engine/Plugins/Media/ImgMedia/Binaries/Win64/UE4Editor-ImgMedia.dll (API version 3709383).
LogModuleManager: Display: Found up-to-date module file ../../../Engine/Plugins/Media/ImgMedia/Binaries/Win64/UE4Editor-ImgMediaEditor.dll (API version 3709383).
LogModuleManager: Display: Found up-to-date module file ../../../Engine/Plugins/Media/ImgMedia/Binaries/Win64/UE4Editor-ImgMediaFactory.dll (API version 3709383).
LogModuleManager: Display: Found up-to-date module file ../../../Engine/Plugins/Media/ImgMedia/Binaries/Win64/UE4Editor-ImgMediaFactory.dll (API version 3709383).
LogModuleManager: Display: Found up-to-date module file ../../../Engine/Plugins/Media/ImgMedia/Binaries/Win64/UE4Editor-OpenExrWrapper.dll (API version 3709383).
LogModuleManager: Display: Found up-to-date module file ../../../Engine/Plugins/Media/MediaCompositing/Binaries/Win64/UE4Editor-MediaCompositing.dll (API version 3709383).
LogModuleManager: Display: Found up-to-date module file ../../../Engine/Plugins/Media/MediaCompositing/Binaries/Win64/UE4Editor-MediaCompositingEditor.dll (API version 3709383).
LogModuleManager: Display: Found up-to-date module file ../../../Engine/Plugins/Media/MediaPlayerEditor/Binaries/Win64/UE4Editor-MediaPlayerEditor.dll (API version 3709383).
LogModuleManager: Display: Found up-to-date module file ../../../Engine/Plugins/Media/WmfMedia/Binaries/Win64/UE4Editor-WmfMedia.dll (API version 3709383).
LogModuleManager: Display: Found up-to-date module file ../../../Engine/Plugins/Media/WmfMedia/Binaries/Win64/UE4Editor-WmfMediaEditor.dll (API version 3709383).
LogModuleManager: Display: Found up-to-date module file ../../../Engine/Plugins/Media/WmfMedia/Binaries/Win64/UE4Editor-WmfMediaFactory.dll (API version 3709383).
LogModuleManager: Display: Found up-to-date module file ../../../Engine/Plugins/Media/WmfMedia/Binaries/Win64/UE4Editor-WmfMediaFactory.dll (API version 3709383).
LogModuleManager: Display: Found up-to-date module file ../../../Engine/Plugins/Messaging/TcpMessaging/Binaries/Win64/UE4Editor-TcpMessaging.dll (API version 3709383).
LogModuleManager: Display: Found up-to-date module file ../../../Engine/Plugins/Messaging/UdpMessaging/Binaries/Win64/UE4Editor-UdpMessaging.dll (API version 3709383).
LogModuleManager: Display: Found up-to-date module file ../../../Engine/Plugins/MovieScene/ActorSequence/Binaries/Win64/UE4Editor-ActorSequence.dll (API version 3709383).
LogModuleManager: Display: Found up-to-date module file ../../../Engine/Plugins/MovieScene/LevelSequenceEditor/Binaries/Win64/UE4Editor-LevelSequenceEditor.dll (API version 3709383).
LogModuleManager: Display: Found up-to-date module file ../../../Engine/Plugins/MovieScene/MatineeToLevelSequence/Binaries/Win64/UE4Editor-MatineeToLevelSequence.dll (API version 3709383).
LogModuleManager: Display: Found up-to-date module file ../../../Engine/Plugins/Online/OnlineSubsystem/Binaries/Win64/UE4Editor-OnlineSubsystem.dll (API version 3709383).
LogModuleManager: Display: Found up-to-date module file ../../../Engine/Plugins/Runtime/AndroidPermission/Binaries/Win64/UE4Editor-AndroidPermission.dll (API version 3709383).
LogModuleManager: Display: Found up-to-date module file ../../../Engine/Plugins/Online/OnlineSubsystemNull/Binaries/Win64/UE4Editor-OnlineSubsystemNull.dll (API version 3709383).
LogModuleManager: Display: Found up-to-date module file ../../../Engine/Plugins/Online/OnlineSubsystemUtils/Binaries/Win64/UE4Editor-OnlineSubsystemUtils.dll (API version 3709383).
LogModuleManager: Display: Found up-to-date module file ../../../Engine/Plugins/Online/OnlineSubsystemUtils/Binaries/Win64/UE4Editor-OnlineBlueprintSupport.dll (API version 3709383).
LogModuleManager: Display: Found up-to-date module file ../../../Engine/Plugins/Runtime/AndroidDeviceProfileSelector/Binaries/Win64/UE4Editor-AndroidDeviceProfileSelector.dll (API version 3709383).
LogModuleManager: Display: Found up-to-date module file ../../../Engine/Plugins/Runtime/AppleARKit/Binaries/Win64/UE4Editor-AppleARKit.dll (API version 3709383).
LogModuleManager: Display: Found up-to-date module file ../../../Engine/Plugins/Runtime/ArchVisCharacter/Binaries/Win64/UE4Editor-ArchVisCharacter.dll (API version 3709383).
LogModuleManager: Display: Found up-to-date module file ../../../Engine/Plugins/Runtime/CableComponent/Binaries/Win64/UE4Editor-CableComponent.dll (API version 3709383).
LogModuleManager: Display: Found up-to-date module file ../../../Engine/Plugins/Runtime/CustomMeshComponent/Binaries/Win64/UE4Editor-CustomMeshComponent.dll (API version 3709383).
LogModuleManager: Display: Found up-to-date module file ../../../Engine/Plugins/Runtime/ExampleDeviceProfileSelector/Binaries/Win64/UE4Editor-ExampleDeviceProfileSelector.dll (API version 3709383).
LogModuleManager: Display: Found up-to-date module file ../../../Engine/Plugins/Runtime/ImmediatePhysics/Binaries/Win64/UE4Editor-ImmediatePhysics.dll (API version 3709383).
LogModuleManager: Display: Found up-to-date module file ../../../Engine/Plugins/Runtime/ImmediatePhysics/Binaries/Win64/UE4Editor-ImmediatePhysicsEditor.dll (API version 3709383).
LogModuleManager: Display: Found up-to-date module file ../../../Engine/Plugins/Runtime/LocationServicesBPLibrary/Binaries/Win64/UE4Editor-LocationServicesBPLibrary.dll (API version 3709383).
LogModuleManager: Display: Found up-to-date module file ../../../Engine/Plugins/Runtime/MobilePatchingUtils/Binaries/Win64/UE4Editor-MobilePatchingUtils.dll (API version 3709383).
LogModuleManager: Display: Found up-to-date module file ../../../Engine/Plugins/Runtime/Oculus/OculusVR/Binaries/Win64/UE4Editor-OculusHMD.dll (API version 3709383).
LogModuleManager: Display: Found up-to-date module file ../../../Engine/Plugins/Runtime/Oculus/OculusVR/Binaries/Win64/UE4Editor-OculusInput.dll (API version 3709383).
LogModuleManager: Display: Found up-to-date module file ../../../Engine/Plugins/Runtime/Oculus/OculusVR/Binaries/Win64/UE4Editor-OculusEditor.dll (API version 3709383).
LogModuleManager: Display: Found up-to-date module file ../../../Engine/Plugins/Runtime/PhysXVehicles/Binaries/Win64/UE4Editor-PhysXVehicles.dll (API version 3709383).
LogModuleManager: Display: Found up-to-date module file ../../../Engine/Plugins/Runtime/PhysXVehicles/Binaries/Win64/UE4Editor-PhysXVehiclesEditor.dll (API version 3709383).
LogModuleManager: Display: Found up-to-date module file ../../../Engine/Plugins/Runtime/ProceduralMeshComponent/Binaries/Win64/UE4Editor-ProceduralMeshComponent.dll (API version 3709383).
LogModuleManager: Display: Found up-to-date module file ../../../Engine/Plugins/Runtime/ProceduralMeshComponent/Binaries/Win64/UE4Editor-ProceduralMeshComponentEditor.dll (API version 3709383).
LogModuleManager: Display: Found up-to-date module file ../../../Engine/Plugins/Runtime/RuntimePhysXCooking/Binaries/Win64/UE4Editor-RuntimePhysXCooking.dll (API version 3709383).
LogModuleManager: Display: Found up-to-date module file ../../../Engine/Plugins/Runtime/Steam/SteamVR/Binaries/Win64/UE4Editor-SteamVR.dll (API version 3709383).
LogModuleManager: Display: Found up-to-date module file ../../../Engine/Plugins/Runtime/Steam/SteamVR/Binaries/Win64/UE4Editor-SteamVRController.dll (API version 3709383).
LogModuleManager: Display: Found up-to-date module file ../../../Engine/Plugins/Runtime/WindowsMoviePlayer/Binaries/Win64/UE4Editor-WindowsMoviePlayer.dll (API version 3709383).
LogPluginManager: Mounting plugin Paper2D
LogPluginManager: Mounting plugin LightPropagationVolume
LogPluginManager: Mounting plugin CodeLiteSourceCodeAccess
LogPluginManager: Mounting plugin GitSourceControl
LogPluginManager: Mounting plugin KDevelopSourceCodeAccess
LogPluginManager: Mounting plugin NullSourceCodeAccess
LogPluginManager: Mounting plugin PerforceSourceControl
LogPluginManager: Mounting plugin SubversionSourceControl
LogPluginManager: Mounting plugin UObjectPlugin
LogPluginManager: Mounting plugin VisualStudioCodeSourceCodeAccess
LogPluginManager: Mounting plugin VisualStudioSourceCodeAccess
LogPluginManager: Mounting plugin XCodeSourceCodeAccess
LogPluginManager: Mounting plugin AssetManagerEditor
LogPluginManager: Mounting plugin AudioCapture
LogPluginManager: Mounting plugin FacialAnimation
LogPluginManager: Mounting plugin GameplayTagsEditor
LogPluginManager: Mounting plugin MobileLauncherProfileWizard
LogPluginManager: Mounting plugin PluginBrowser
LogPluginManager: Mounting plugin SpeedTreeImporter
LogPluginManager: Mounting plugin AlembicImporter
LogPluginManager: Mounting plugin CharacterAI
LogPluginManager: Mounting plugin HTML5Networking
LogPluginManager: Mounting plugin AndroidMedia
LogPluginManager: Mounting plugin AvfMedia
LogPluginManager: Mounting plugin ImgMedia
LogPluginManager: Mounting plugin MediaCompositing
LogPluginManager: Mounting plugin MediaPlayerEditor
LogPluginManager: Mounting plugin WmfMedia
LogPluginManager: Mounting plugin TcpMessaging
LogPluginManager: Mounting plugin UdpMessaging
LogPluginManager: Mounting plugin ActorSequence
LogPluginManager: Mounting plugin LevelSequenceEditor
LogPluginManager: Mounting plugin MatineeToLevelSequence
LogPluginManager: Mounting plugin OnlineSubsystemGooglePlay
LogPluginManager: Mounting plugin OnlineSubsystemIOS
LogPluginManager: Mounting plugin OnlineSubsystem
LogPluginManager: Mounting plugin OnlineSubsystemNull
LogPluginManager: Mounting plugin OnlineSubsystemUtils
LogPluginManager: Mounting plugin AndroidDeviceProfileSelector
LogPluginManager: Mounting plugin AndroidMoviePlayer
LogPluginManager: Mounting plugin AndroidPermission
LogPluginManager: Mounting plugin AppleARKit
LogPluginManager: Mounting plugin AppleMoviePlayer
LogPluginManager: Mounting plugin ArchVisCharacter
LogPluginManager: Mounting plugin CableComponent
LogPluginManager: Mounting plugin CustomMeshComponent
LogPluginManager: Mounting plugin ExampleDeviceProfileSelector
LogPluginManager: Mounting plugin GoogleCloudMessaging
LogPluginManager: Mounting plugin ImmediatePhysics
LogPluginManager: Mounting plugin IOSDeviceProfileSelector
LogPluginManager: Mounting plugin LinuxDeviceProfileSelector
LogPluginManager: Mounting plugin LocationServicesBPLibrary
LogPluginManager: Mounting plugin MobilePatchingUtils
LogPluginManager: Mounting plugin OculusVR
LogPluginManager: Plugin shader directory ../../../Engine/Plugins/Runtime/Oculus/OculusVR/Shaders found
LogPluginManager: Mapping shader source directory ../../../Engine/Plugins/Runtime/Oculus/OculusVR/Shaders to virtual directory /Plugin/OculusVR
LogPluginManager: Mounting plugin PhysXVehicles
LogPluginManager: Mounting plugin ProceduralMeshComponent
LogPluginManager: Mounting plugin RuntimePhysXCooking
LogPluginManager: Mounting plugin SteamVR
LogPluginManager: Mounting plugin WindowsMoviePlayer
LogInit: Using libcurl 7.47.1
LogInit:  - built for x86_64-pc-win32
LogInit:  - supports SSL with OpenSSL/1.0.2g
LogInit:  - supports HTTP deflate (compression) using libz 1.2.8
LogInit:  - other features:
LogInit:      CURL_VERSION_SSL
LogInit:      CURL_VERSION_LIBZ
LogInit:      CURL_VERSION_IPV6
LogInit:      CURL_VERSION_ASYNCHDNS
LogInit:      CURL_VERSION_LARGEFILE
LogInit:      CURL_VERSION_IDN
LogInit:  CurlRequestOptions (configurable via config and command line):
LogInit:  - bVerifyPeer = false  - Libcurl will NOT verify peer certificate
LogInit:  - bUseHttpProxy = false  - Libcurl will NOT use HTTP proxy
LogInit:  - bDontReuseConnections = false  - Libcurl will reuse connections
LogInit:  - CertBundlePath = nullptr  - Libcurl will use whatever was configured at build time.
LogInit: Build: ++UE4+Release-4.18-CL-3832480
LogInit: Engine Version: 4.18.3-3832480+++UE4+Release-4.18
LogInit: Compatible Engine Version: 4.18.0-3709383+++UE4+Release-4.18
LogInit: Net CL: 3709383
LogDevObjectVersion: Number of dev versions registered: 16
LogDevObjectVersion:   Dev-Blueprints (B0D832E4-1F89-4F0D-ACCF-7EB736FD4AA2): 10
LogDevObjectVersion:   Dev-Build (E1C64328-A22C-4D53-A36C-8E866417BD8C): 0
LogDevObjectVersion:   Dev-Core (375EC13C-06E4-48FB-B500-84F0262A717E): 2
LogDevObjectVersion:   Dev-Editor (E4B068ED-F494-42E9-A231-DA0B2E46BB41): 20
LogDevObjectVersion:   Dev-Framework (CFFC743F-43B0-4480-9391-14DF171D2073): 30
LogDevObjectVersion:   Dev-Mobile (B02B49B5-BB20-44E9-A304-32B752E40360): 0
LogDevObjectVersion:   Dev-Networking (A4E4105C-59A1-49B5-A7C5-40C4547EDFEE): 0
LogDevObjectVersion:   Dev-Online (39C831C9-5AE6-47DC-9A44-9C173E1C8E7C): 0
LogDevObjectVersion:   Dev-Physics (78F01B33-EBEA-4F98-B9B4-84EACCB95AA2): 0
LogDevObjectVersion:   Dev-Platform (6631380F-2D4D-43E0-8009-CF276956A95A): 0
LogDevObjectVersion:   Dev-Rendering (12F88B9F-8875-4AFC-A67C-D90C383ABD29): 20
LogDevObjectVersion:   Dev-Sequencer (7B5AE74C-D270-4C10-A958-57980B212A5A): 4
LogDevObjectVersion:   Dev-VR (D7296918-1DD6-4BDD-9DE2-64A83CC13884): 0
LogDevObjectVersion:   Dev-LoadTimes (C2A15278-BFE7-4AFE-6C17-90FF531DF755): 1
LogDevObjectVersion:   Private-Geometry (6EACA3D4-40EC-4CC1-B786-8BED09428FC5): 1
LogDevObjectVersion:   Dev-AnimPhys (29E575DD-E0A3-4627-9D10-D276232CDCEA): 12
LogInit: Compiled (64-bit): Jan 12 2018 02:04:55
LogInit: Compiled with Visual C++: 19.00.24215.01
LogInit: Build Configuration: Development
LogInit: Branch Name: ++UE4+Release-4.18
LogInit: Command line:  
LogInit: Base directory: D:/UE_4.18/Engine/Binaries/Win64/
LogInit: Installed Engine Build: 1
LogInit: Presizing for max 8388607 objects, including 0 objects not considered by GC, pre-allocating 0 bytes for permanent pool.
LogInit: Object subsystem initialized
[2018.02.26-19.09.26:692][  0]LogInit: Selected Device Profile: [Windows]
[2018.02.26-19.09.26:692][  0]LogInit: Applying CVar settings loaded from the selected device profile: [Windows]
[2018.02.26-19.09.26:711][  0]LogInit: Computer: DESKTOP-JFBM7G4
[2018.02.26-19.09.26:711][  0]LogInit: User: ickle
[2018.02.26-19.09.26:711][  0]LogInit: CPU Page size=4096, Cores=6
[2018.02.26-19.09.26:711][  0]LogInit: High frequency timer resolution =3.415995 MHz
[2018.02.26-19.09.26:712][  0]LogMemory: Memory total: Physical=31.9GB (32GB approx)
[2018.02.26-19.09.26:712][  0]LogMemory: Platform Memory Stats for Windows
[2018.02.26-19.09.26:712][  0]LogMemory: Process Physical Memory: 274.86 MB used, 274.86 MB peak
[2018.02.26-19.09.26:712][  0]LogMemory: Process Virtual Memory: 270.34 MB used, 270.34 MB peak
[2018.02.26-19.09.26:712][  0]LogMemory: Physical Memory: 10157.42 MB used,  22521.68 MB free, 32679.09 MB total
[2018.02.26-19.09.26:712][  0]LogMemory: Virtual Memory: 683.46 MB used,  22521.68 MB free, 134217728.00 MB total
[2018.02.26-19.09.26:853][  0]LogInit: Using OS detected language (nb-NO).
[2018.02.26-19.09.26:853][  0]LogInit: Using OS detected locale (en-GB).
[2018.02.26-19.09.26:857][  0]LogTextLocalizationManager: No localization for 'nb-NO' exists, so 'en' will be used for the language.
[2018.02.26-19.09.27:583][  0]LogD3D11RHI: D3D11 adapters:
[2018.02.26-19.09.27:637][  0]LogD3D11RHI:    0. 'NVIDIA GeForce GTX 980 Ti' (Feature Level 11_0)
[2018.02.26-19.09.27:637][  0]LogD3D11RHI:       6103/0/16339 MB DedicatedVideo/DedicatedSystem/SharedSystem, Outputs:2, VendorId:0x10de
[2018.02.26-19.09.27:640][  0]LogD3D11RHI:    1. 'Microsoft Basic Render Driver' (Feature Level 11_0)
[2018.02.26-19.09.27:640][  0]LogD3D11RHI:       0/0/16339 MB DedicatedVideo/DedicatedSystem/SharedSystem, Outputs:0, VendorId:0x1414
[2018.02.26-19.09.27:640][  0]LogD3D11RHI: Chosen D3D11 Adapter: 0
[2018.02.26-19.09.27:652][  0]LogD3D11RHI: Creating new Direct3DDevice
[2018.02.26-19.09.27:652][  0]LogD3D11RHI:     GPU DeviceId: 0x17c8 (for the marketing name, search the web for "GPU Device Id")
[2018.02.26-19.09.27:652][  0]LogWindows: EnumDisplayDevices:
[2018.02.26-19.09.27:652][  0]LogWindows:    0. 'NVIDIA GeForce GTX 980 Ti' (P:1 D:1)
[2018.02.26-19.09.27:652][  0]LogWindows:    1. 'NVIDIA GeForce GTX 980 Ti' (P:0 D:1)
[2018.02.26-19.09.27:653][  0]LogWindows:    2. 'NVIDIA GeForce GTX 980 Ti' (P:0 D:0)
[2018.02.26-19.09.27:653][  0]LogWindows:    3. 'NVIDIA GeForce GTX 980 Ti' (P:0 D:0)
[2018.02.26-19.09.27:653][  0]LogWindows: DebugString: GetVideoDriverDetailsInvalid PrimaryIsNotTheChoosenAdapter GetVideoDriverDetailsInvalid PrimaryIsNotTheChoosenAdapter GetVideoDriverDetailsInvalid PrimaryIsNotTheChoosenAdapter GetVideoDriverDetailsInvalid PrimaryIsNotTheChoosenAdapter FoundDriverCount:0 
[2018.02.26-19.09.27:653][  0]LogD3D11RHI:     Adapter Name: NVIDIA GeForce GTX 980 Ti
[2018.02.26-19.09.27:653][  0]LogD3D11RHI:   Driver Version: Unknown (internal:Unknown, unified:Unknown)
[2018.02.26-19.09.27:653][  0]LogD3D11RHI:      Driver Date: Unknown
[2018.02.26-19.09.27:653][  0]LogRHI: Texture pool is 4272 MB (70% of 6103 MB)
[2018.02.26-19.09.27:690][  0]LogD3D11RHI: Async texture creation enabled
[2018.02.26-19.09.27:813][  0]LogD3D11RHI: GPU Timing Frequency: 1000.000000 (Debug: 2 1)
[2018.02.26-19.09.27:906][  0]LogShaderCompilers: Guid format shader working directory is 13 characters bigger than the processId version (../../../../Git/TechNoia/TechNoia/Intermediate/Shaders/WorkingDirectory/8628/).
[2018.02.26-19.09.27:906][  0]LogShaderCompilers: Cleaned the shader compiler working directory 'C:/Users/ickle/AppData/Local/Temp/UnrealShaderWorkingDir/AF1AE390488308E6EF4D238565A0D5AB/'.
[2018.02.26-19.09.27:906][  0]LogShaderCompilers: Display: Using Local Shader Compiler.
[2018.02.26-19.09.28:993][  0]LogTemp: Display: Loaded TP AllDesktopTargetPlatform
[2018.02.26-19.09.29:033][  0]LogTemp: Display: Loaded TP MacClientTargetPlatform
[2018.02.26-19.09.29:083][  0]LogTemp: Display: Loaded TP MacNoEditorTargetPlatform
[2018.02.26-19.09.29:123][  0]LogTemp: Display: Loaded TP MacServerTargetPlatform
[2018.02.26-19.09.29:162][  0]LogTemp: Display: Loaded TP MacTargetPlatform
[2018.02.26-19.09.29:218][  0]LogTemp: Display: Loaded TP WindowsClientTargetPlatform
[2018.02.26-19.09.29:262][  0]LogTemp: Display: Loaded TP WindowsNoEditorTargetPlatform
[2018.02.26-19.09.29:310][  0]LogTemp: Display: Loaded TP WindowsServerTargetPlatform
[2018.02.26-19.09.29:344][  0]LogTemp: Display: Loaded TP WindowsTargetPlatform
[2018.02.26-19.09.29:405][  0]LogTemp: Display: Loaded TP Android_ASTCTargetPlatform
[2018.02.26-19.09.29:468][  0]LogTemp: Display: Loaded TP Android_ATCTargetPlatform
[2018.02.26-19.09.29:511][  0]LogTemp: Display: Loaded TP Android_DXTTargetPlatform
[2018.02.26-19.09.29:551][  0]LogTemp: Display: Loaded TP Android_ETC1TargetPlatform
[2018.02.26-19.09.29:591][  0]LogTemp: Display: Loaded TP Android_ETC2TargetPlatform
[2018.02.26-19.09.29:696][  0]LogTemp: Display: Loaded TP Android_MultiTargetPlatform
[2018.02.26-19.09.29:696][  0]LogTemp: Display: Loaded TP Android_PVRTCTargetPlatform
[2018.02.26-19.09.29:740][  0]LogTemp: Display: Loaded TP AndroidTargetPlatform
[2018.02.26-19.09.29:769][  0]LogTemp: Display: Loaded TP HTML5TargetPlatform
[2018.02.26-19.09.29:842][  0]LogTemp: Display: Loaded TP IOSTargetPlatform
[2018.02.26-19.09.29:870][  0]LogTemp: Display: Loaded TP TVOSTargetPlatform
[2018.02.26-19.09.29:928][  0]LogTemp: Display: Loaded TP LinuxClientTargetPlatform
[2018.02.26-19.09.29:968][  0]LogTemp: Display: Loaded TP LinuxNoEditorTargetPlatform
[2018.02.26-19.09.30:009][  0]LogTemp: Display: Loaded TP LinuxServerTargetPlatform
[2018.02.26-19.09.30:049][  0]LogTemp: Display: Loaded TP LinuxTargetPlatform
[2018.02.26-19.09.30:049][  0]LogTargetPlatformManager: Display: Building Assets For Windows
[2018.02.26-19.09.30:457][  0]LogDerivedDataCache: Display: Max Cache Size: 512 MB
[2018.02.26-19.09.30:546][  0]LogDerivedDataCache: Loaded boot cache 0.09s 78MB C:/Users/ickle/AppData/Local/UnrealEngine/4.18/DerivedDataCache/Boot.ddc.
[2018.02.26-19.09.30:546][  0]LogDerivedDataCache: Display: Loaded Boot cache: C:/Users/ickle/AppData/Local/UnrealEngine/4.18/DerivedDataCache/Boot.ddc
[2018.02.26-19.09.30:547][  0]LogDerivedDataCache: FDerivedDataBackendGraph:  Pak pak cache file ../../../../Git/TechNoia/TechNoia/DerivedDataCache/DDC.ddp not found, will not use a pak cache.
[2018.02.26-19.09.30:547][  0]LogDerivedDataCache: Unable to find inner node Pak for hierarchical cache Hierarchy.
[2018.02.26-19.09.30:547][  0]LogDerivedDataCache: FDerivedDataBackendGraph:  CompressedPak pak cache file ../../../../Git/TechNoia/TechNoia/DerivedDataCache/Compressed.ddp not found, will not use a pak cache.
[2018.02.26-19.09.30:547][  0]LogDerivedDataCache: Unable to find inner node CompressedPak for hierarchical cache Hierarchy.
[2018.02.26-19.09.30:563][  0]LogDerivedDataCache: Display: Pak cache opened for reading ../../../Engine/DerivedDataCache/Compressed.ddp.
[2018.02.26-19.09.30:574][  0]LogDerivedDataCache: Using Local data cache path C:/Users/ickle/AppData/Local/UnrealEngine/Common/DerivedDataCache: Writable
[2018.02.26-19.09.30:585][  0]LogMaterial: Verifying Global Shaders for PCD3D_SM5
[2018.02.26-19.09.30:585][  0]LogSlate: Using Freetype 2.6.0
[2018.02.26-19.09.30:586][  0]LogSlate: SlateFontCache - WITH_FREETYPE: 1, WITH_HARFBUZZ: 1
[2018.02.26-19.09.30:586][  0]LogSlate: SlateFontCache - WITH_FREETYPE: 1, WITH_HARFBUZZ: 1
[2018.02.26-19.09.30:971][  0]LogInit: Selected Device Profile: [Windows]
[2018.02.26-19.09.31:292][  0]LogSimplygon: Simplygon DLL not present - disabling.
[2018.02.26-19.09.31:323][  0]LogMeshReduction: Using SimplygonSwarm for distributed automatic mesh merging
[2018.02.26-19.09.31:323][  0]LogMeshReduction: Using QuadricMeshReduction for automatic static mesh reduction
[2018.02.26-19.09.31:323][  0]LogMeshReduction: No automatic skeletal mesh reduction module available
[2018.02.26-19.09.31:323][  0]LogMeshReduction: No automatic mesh merging module available
[2018.02.26-19.09.31:323][  0]LogMeshMerging: No automatic mesh merging module available
[2018.02.26-19.09.31:358][  0]LogNetVersion: TechNoia , NetCL: 3709383, EngineNetVer: 2, GameNetVer: 0 (Checksum: 792596344)
[2018.02.26-19.09.31:515][  0]LogAssetRegistry: FAssetRegistry took 0.0269 seconds to start up
[2018.02.26-19.09.31:998][  0]LogPackageLocalizationCache: Processed 7 localized package path(s) for 1 prioritized culture(s) in 0.062064 seconds
[2018.02.26-19.09.32:005][  0]LogUObjectArray: 35870 objects as part of root set at end of initial load.
[2018.02.26-19.09.32:005][  0]LogUObjectAllocator: 7363696 out of 0 bytes used by permanent object pool.
[2018.02.26-19.09.32:005][  0]LogUObjectArray: CloseDisregardForGC: 0/0 objects in disregard for GC pool
[2018.02.26-19.09.32:045][  0]LogInit: WinSock: version 1.1 (2.2), MaxSocks=32767, MaxUdp=65467
[2018.02.26-19.09.34:325][  0]LogTcpMessaging: Initializing TcpMessaging bridge
[2018.02.26-19.09.34:360][  0]LogUdpMessaging: Initializing bridge on interface 0.0.0.0:0 to multicast group 230.0.0.1:6666.
[2018.02.26-19.09.34:885][  0]LogMaterial: Uniform references updated for custom material expression Custom.
[2018.02.26-19.09.35:225][  0]SourceControl: Source control is disabled
[2018.02.26-19.09.35:225][  0]SourceControl: Source control is disabled
[2018.02.26-19.09.35:265][  0]SourceControl: Source control is disabled
[2018.02.26-19.09.35:303][  0]SourceControl: Source control is disabled
[2018.02.26-19.09.35:929][  0]LogAndroidPermission: UAndroidPermissionCallbackProxy::GetInstance
[2018.02.26-19.09.36:134][  0]LogOcInput: OculusInput pre-init called
[2018.02.26-19.09.36:360][  0]LogEngine: Initializing Engine...
[2018.02.26-19.09.36:362][  0]LogHMD: Failed to initialize OpenVR with code 110
[2018.02.26-19.09.36:570][  0]LogStats: UGameplayTagsManager::ConstructGameplayTagTree: Construct from data asset -  0.000 s
[2018.02.26-19.09.36:570][  0]LogStats: UGameplayTagsManager::ConstructGameplayTagTree: GameplayTagTreeChangedEvent.Broadcast -  0.000 s
[2018.02.26-19.09.36:659][  0]LogAIModule: Creating AISystem for world Untitled
[2018.02.26-19.09.36:681][  0]LogInit: XAudio2 using 'Realtek Digital Output(Optical) (Realtek High Definition Audio)' : 2 channels at 48 kHz using 16 bits per sample (channel mask 0x3)
[2018.02.26-19.09.36:696][  0]LogInit: FAudioDevice initialized.
[2018.02.26-19.09.36:779][  0]LogDerivedDataCache: Saved boot cache 0.08s 78MB C:/Users/ickle/AppData/Local/UnrealEngine/4.18/DerivedDataCache/Boot.ddc.
[2018.02.26-19.09.36:793][  0]LogInit: Texture streaming: Enabled
[2018.02.26-19.09.36:859][  0]LogEngineSessionManager: EngineSessionManager initialized
[2018.02.26-19.09.36:963][  0]LogInit: Transaction tracking system initialized
[2018.02.26-19.09.37:186][  0]BlueprintLog: New page: Editor Load
[2018.02.26-19.09.37:866][  0]LocalizationService: Localization service is disabled
[2018.02.26-19.09.38:451][  0]LogConsoleResponse: Display: 
[2018.02.26-19.09.38:610][  0]LogCook: Display: Max memory allowance for cook 16384mb min free memory 0mb
[2018.02.26-19.09.38:610][  0]LogCook: Display: Mobile HDR setting 1
[2018.02.26-19.09.38:610][  0]LogGameplayTags: Display: UGameplayTagsManager::DoneAddingNativeTags. DelegateIsBound: 0
[2018.02.26-19.09.39:455][  0]LogFileCache: Scanning file cache for directory 'D:/Git/TechNoia/TechNoia/Content/' took 0.02s
[2018.02.26-19.09.39:490][  0]SourceControl: Source control is disabled
[2018.02.26-19.09.39:490][  0]Cmd: MAP LOAD FILE="../../../../Git/TechNoia/TechNoia/Content/TopDownBP/Maps/TopDownExampleMap.umap" TEMPLATE=0 SHOWPROGRESS=1 FEATURELEVEL=3
[2018.02.26-19.09.39:493][  0]LightingResults: New page: Lighting Build
[2018.02.26-19.09.39:523][  0]MapCheck: New page: Map Check
[2018.02.26-19.09.39:523][  0]LightingResults: New page: Lighting Build
[2018.02.26-19.09.40:158][  0]LogLinker: Warning: Asset '../../../../Git/TechNoia/TechNoia/Content/Materials/MF_ExtractDepth.uasset' has been saved with empty engine version. The asset will be loaded but may be incompatible.
[2018.02.26-19.09.40:164][  0]LogLinker: Warning: Asset '../../../../Git/TechNoia/TechNoia/Content/Materials/MF_SampleSceneTextureNeighbourUVs.uasset' has been saved with empty engine version. The asset will be loaded but may be incompatible.
[2018.02.26-19.09.40:542][  0]LogTexture: Display: Building textures: HQ_Lightmap0_2 (AutoDXT, 1024X1024)
[2018.02.26-19.09.40:696][  0]LogTexture: Display: Building textures: HQ_Lightmap0_6 (AutoDXT, 64X64)
[2018.02.26-19.09.40:696][  0]LogTexture: Display: Building textures: LQ_Lightmap_0_1 (DXT1, 1024X1024)
[2018.02.26-19.09.40:696][  0]LogTexture: Display: Building textures: LQ_Lightmap_0_2 (DXT1, 1024X1024)
[2018.02.26-19.09.40:696][  0]LogTexture: Display: Building textures: LQ_Lightmap_0_5 (DXT1, 1024X1024)
[2018.02.26-19.09.40:696][  0]LogTexture: Display: Building textures: HQ_Lightmap0_1 (AutoDXT, 1024X1024)
[2018.02.26-19.09.40:696][  0]LogTexture: Display: Building textures: LQ_Lightmap_0_4 (DXT1, 1024X1024)
[2018.02.26-19.09.40:696][  0]LogTexture: Display: Building textures: HQ_Lightmap0_5 (AutoDXT, 1024X1024)
[2018.02.26-19.09.40:696][  0]LogTexture: Display: Building textures: HQ_Lightmap0_4 (AutoDXT, 1024X1024)
[2018.02.26-19.09.40:696][  0]LogTexture: Display: Building textures: HQ_Lightmap0_3 (AutoDXT, 1024X1024)
[2018.02.26-19.09.40:696][  0]LogTexture: Display: Building textures: LQ_Lightmap_0_3 (DXT1, 1024X1024)
[2018.02.26-19.09.40:696][  0]LogMaterial: Missing cached shader map for material TechMat, compiling. 
[2018.02.26-19.09.40:956][  0]LogTexture: Display: Building textures: LQ_Lightmap_0_6 (DXT1, 64X64)
[2018.02.26-19.09.40:956][  0]LogTexture: Display: Building textures: SkyOcclusion0_1 (AutoDXT, 1024X512)
[2018.02.26-19.09.40:956][  0]LogStaticMesh: Building static mesh Door3...
[2018.02.26-19.09.40:986][  0]LogStaticMesh: Built static mesh [0.03s] /Game/LevelObjects/Door3.Door3
[2018.02.26-19.09.41:035][  0]LogMaterial: Missing cached shader map for material GlowOutline, compiling. 
[2018.02.26-19.09.41:136][  0]LogTexture: Display: Building textures: SkyOcclusion0_2 (AutoDXT, 1024X512)
[2018.02.26-19.09.41:136][  0]LogTexture: Display: Building textures: SkyOcclusion0_3 (AutoDXT, 1024X512)
[2018.02.26-19.09.41:136][  0]LogTexture: Display: Building textures: SkyOcclusion0_4 (AutoDXT, 1024X512)
[2018.02.26-19.09.41:136][  0]LogMaterial: Missing cached shader map for material PP_Outliner_M, compiling. 
[2018.02.26-19.09.41:166][  0]LogTexture: Display: Building textures: SkyOcclusion0_5 (AutoDXT, 1024X512)
[2018.02.26-19.09.41:166][  0]LogMaterial: Missing cached shader map for material GroundMat, compiling. 
[2018.02.26-19.09.41:782][  0]LogTexture: Display: Building textures: SkyOcclusion0_6 (AutoDXT, 64X32)
[2018.02.26-19.09.41:782][  0]LogTexture: Display: Building textures: ShadowMapTexture2D_0 (G8, 1024X1024)
[2018.02.26-19.09.41:782][  0]LogTexture: Display: Building textures: ShadowMapTexture2D_1 (G8, 1024X1024)
[2018.02.26-19.09.41:782][  0]LogTexture: Display: Building textures: ShadowMapTexture2D_2 (G8, 1024X512)
[2018.02.26-19.09.41:782][  0]LogTexture: Display: Building textures: ShadowMapTexture2D_3 (G8, 32X32)
[2018.02.26-19.09.41:782][  0]LogTexture: Display: Building textures: TechNoiaGameOver (BGRA8, 1090X259)
[2018.02.26-19.09.42:006][  0]LogMaterial: Missing cached shader map for material M_UE4Man_BodyEnemy, compiling. 
[2018.02.26-19.09.42:635][  0]LogMaterial: Missing cached shader map for material M_Cursor_Decal, compiling. 
[2018.02.26-19.09.42:782][  0]LogMaterial: Missing cached shader map for material TechNoiaLogo_MenuMat1, compiling. 
[2018.02.26-19.09.42:937][  0]LogAIModule: Creating AISystem for world TopDownExampleMap
[2018.02.26-19.09.43:679][  0]LogEditorServer: Finished looking for orphan Actors (0.000 secs)
[2018.02.26-19.09.43:794][  0]Cmd: MAP CHECKDEP NOCLEARLOG
[2018.02.26-19.09.43:870][  0]MapCheck: Map check complete: 0 Error(s), 0 Warning(s), took 75.262ms to complete.
[2018.02.26-19.09.43:870][  0]LogFileHelpers: Loading map 'TopDownExampleMap' took 4.380
[2018.02.26-19.09.44:081][  0]LogCollectionManager: Loaded 0 collections in 0.001447 seconds
[2018.02.26-19.09.44:192][  0]LogFileCache: Scanning file cache for directory 'D:/Git/TechNoia/TechNoia/Saved/Collections/' took 0.01s
[2018.02.26-19.09.44:192][  0]LogFileCache: Scanning file cache for directory 'D:/Git/TechNoia/TechNoia/Content/Developers/ickle/Collections/' took 0.01s
[2018.02.26-19.09.44:192][  0]LogFileCache: Scanning file cache for directory 'D:/Git/TechNoia/TechNoia/Content/Collections/' took 0.01s
[2018.02.26-19.09.44:192][  0]LogCollectionManager: Rebuilt the GUID cache for 0 collections in 0.000001 seconds
[2018.02.26-19.09.44:205][  0]LogContentBrowser: Native class hierarchy populated in 0.0131 seconds. Added 2363 classes and 519 folders.
[2018.02.26-19.09.44:285][  0]LogContentBrowser: Native class hierarchy updated for 'WidgetCarousel' in 0.0005 seconds. Added 0 classes and 0 folders.
[2018.02.26-19.09.44:342][  0]LogContentBrowser: Native class hierarchy updated for 'AddContentDialog' in 0.0004 seconds. Added 0 classes and 0 folders.
[2018.02.26-19.09.44:401][  0]LogContentBrowser: Native class hierarchy updated for 'SceneOutliner' in 0.0004 seconds. Added 1 classes and 2 folders.
[2018.02.26-19.09.44:548][  0]LogSlate: Took 0.000256 seconds to synchronously load lazily loaded font '../../../Engine/Content/Slate/Fonts/Roboto-Regular.ttf' (155K)
[2018.02.26-19.09.44:551][  0]LogSlate: Took 0.000244 seconds to synchronously load lazily loaded font '../../../Engine/Content/Slate/Fonts/Roboto-Bold.ttf' (160K)
[2018.02.26-19.09.44:558][  0]LogSlate: Took 0.000226 seconds to synchronously load lazily loaded font '../../../Engine/Content/Editor/Slate/Fonts/FontAwesome.ttf' (139K)
[2018.02.26-19.09.44:784][  0]LogRenderer: Reallocating scene render targets to support 1172x544 Format 10 NumSamples 1 (Frame:1).
[2018.02.26-19.09.45:153][  0]LogSlate: Took 0.000324 seconds to synchronously load lazily loaded font '../../../Engine/Content/Slate/Fonts/Roboto-Light.ttf' (159K)
[2018.02.26-19.09.45:384][  0]LogContentBrowser: Native class hierarchy updated for 'HierarchicalLODOutliner' in 0.0005 seconds. Added 1 classes and 2 folders.
[2018.02.26-19.09.45:384][  0]LogLoad: (Engine Initialization) Total time: 21.00 seconds
[2018.02.26-19.09.45:384][  0]LogLoad: (Engine Initialization) Total Blueprint compile time: 0.00 seconds
[2018.02.26-19.09.45:385][  0]LogExternalProfiler: No external profilers were discovered.  External profiling features will not be available.
[2018.02.26-19.09.45:394][  0]LogWindowsTextInputMethodSystem: Display: IME system now deactivated.
[2018.02.26-19.09.45:420][  0]LogContentStreaming: Texture pool size now 1000 MB
[2018.02.26-19.09.51:746][173]LogAssetRegistry: Asset discovery search completed in 20.2530 seconds
[2018.02.26-19.09.51:774][173]LogCollectionManager: Rebuilt the object cache for 0 collections in 0.000001 seconds (found 0 objects)
[2018.02.26-19.09.51:774][173]LogCollectionManager: Fixed up redirectors for 0 collections in 0.000108 seconds (updated 0 objects)
[2018.02.26-19.10.00:526][743]LogEditorViewport: Clicking on Actor (LMB): StaticMeshActor (Floor)
[2018.02.26-19.10.01:406][837]LogEditorViewport: Clicking on Actor (LMB): Emitter (TechParticles)
[2018.02.26-19.10.50:715][682]LogTemp: Repeating last play command: Selected Viewport
[2018.02.26-19.10.50:786][682]LogBlueprintUserMessages: Early PlayInEditor Detection: Level '/Game/TopDownBP/Maps/TopDownExampleMap.TopDownExampleMap:PersistentLevel' has LevelScriptBlueprint '/Game/TopDownBP/Maps/TopDownExampleMap.TopDownExampleMap:PersistentLevel.TopDownExampleMap' with GeneratedClass '/Game/TopDownBP/Maps/TopDownExampleMap.TopDownExampleMap_C' with ClassGeneratedBy '/Game/TopDownBP/Maps/TopDownExampleMap.TopDownExampleMap:PersistentLevel.TopDownExampleMap'
[2018.02.26-19.10.50:808][682]LogPlayLevel: PlayLevel: No blueprints needed recompiling
[2018.02.26-19.10.50:909][682]PIE: New page: PIE session: TopDownExampleMap (26 Feb 2018 21:10:50)
[2018.02.26-19.10.50:910][682]LogPlayLevel: Creating play world package: /Game/TopDownBP/Maps/UEDPIE_0_TopDownExampleMap
[2018.02.26-19.10.51:020][682]LogPlayLevel: PIE: StaticDuplicateObject took: (0.110776s)
[2018.02.26-19.10.51:021][682]LogAIModule: Creating AISystem for world TopDownExampleMap
[2018.02.26-19.10.51:036][682]LogPlayLevel: PIE: World Init took: (0.015936s)
[2018.02.26-19.10.51:047][682]LogPlayLevel: PIE: Created PIE world by copying editor world from /Game/TopDownBP/Maps/TopDownExampleMap.TopDownExampleMap to /Game/TopDownBP/Maps/UEDPIE_0_TopDownExampleMap.TopDownExampleMap (0.137709s)
[2018.02.26-19.10.51:134][682]LogInit: XAudio2 using 'Realtek Digital Output(Optical) (Realtek High Definition Audio)' : 2 channels at 48 kHz using 16 bits per sample (channel mask 0x3)
[2018.02.26-19.10.51:153][682]LogInit: FAudioDevice initialized.
[2018.02.26-19.10.51:232][682]LogLoad: Game class is 'TopDownGameMode_C'
[2018.02.26-19.10.51:367][682]LogWorld: Bringing World /Game/TopDownBP/Maps/UEDPIE_0_TopDownExampleMap.TopDownExampleMap up for play (max tick rate 0) at 2018.02.26-20.10.51
[2018.02.26-19.10.51:526][682]LogWorld: Bringing up level for play took: 0.207557
[2018.02.26-19.10.51:678][682]LogContentBrowser: Native class hierarchy updated for 'MovieSceneCapture' in 0.0003 seconds. Added 11 classes and 0 folders.
[2018.02.26-19.10.51:745][682]PIE: Play in editor start time for /Game/TopDownBP/Maps/UEDPIE_0_TopDownExampleMap 1.925
[2018.02.26-19.10.51:745][682]LogBlueprintUserMessages: Late PlayInEditor Detection: Level '/Game/TopDownBP/Maps/TopDownExampleMap.TopDownExampleMap:PersistentLevel' has LevelScriptBlueprint '/Game/TopDownBP/Maps/TopDownExampleMap.TopDownExampleMap:PersistentLevel.TopDownExampleMap' with GeneratedClass '/Game/TopDownBP/Maps/TopDownExampleMap.TopDownExampleMap_C' with ClassGeneratedBy '/Game/TopDownBP/Maps/TopDownExampleMap.TopDownExampleMap:PersistentLevel.TopDownExampleMap'
[2018.02.26-19.11.07:026][476]LogBlueprintUserMessages: [TechNoia_GI_C_0] GameOverTrigger
[2018.02.26-19.11.10:535][893]LogBlueprintUserMessages: [TechNoia_GI_C_0] RestartLevelTrigger
[2018.02.26-19.11.10:549][893]Cmd: RestartLevel
[2018.02.26-19.11.10:675][893]LogNet: Browse: /Game/TopDownBP/Maps/TopDownExampleMap?restart
[2018.02.26-19.11.10:676][893]LogLoad: LoadMap: /Game/TopDownBP/Maps/TopDownExampleMap
[2018.02.26-19.11.10:817][893]LogPlayLevel: Creating play world package: /Game/TopDownBP/Maps/UEDPIE_0_TopDownExampleMap
[2018.02.26-19.11.10:858][893]LogPlayLevel: PIE: StaticDuplicateObject took: (0.041144s)
[2018.02.26-19.11.10:859][893]LogAIModule: Creating AISystem for world TopDownExampleMap
[2018.02.26-19.11.10:859][893]LogPlayLevel: PIE: World Init took: (0.000908s)
[2018.02.26-19.11.10:860][893]LogPlayLevel: PIE: Created PIE world by copying editor world from /Game/TopDownBP/Maps/TopDownExampleMap.TopDownExampleMap to /Game/TopDownBP/Maps/UEDPIE_0_TopDownExampleMap.TopDownExampleMap (0.042620s)
[2018.02.26-19.11.10:860][893]LogLoad: Game class is 'TopDownGameMode_C'
[2018.02.26-19.11.10:882][893]LogWorld: Bringing World /Game/TopDownBP/Maps/UEDPIE_0_TopDownExampleMap.TopDownExampleMap up for play (max tick rate 0) at 2018.02.26-20.11.10
[2018.02.26-19.11.10:883][893]LogWorld: Bringing up level for play took: 0.022542
[2018.02.26-19.11.10:885][893]LogLoad: Took 0.209331 seconds to LoadMap(/Game/TopDownBP/Maps/UEDPIE_0_TopDownExampleMap)
[2018.02.26-19.11.29:728][150]LogBlueprintUserMessages: [TechNoia_GI_C_0] GameOverTrigger
[2018.02.26-19.11.30:645][260]LogBlueprintUserMessages: [TechNoia_GI_C_0] RestartLevelTrigger
[2018.02.26-19.11.30:645][260]Cmd: RestartLevel
[2018.02.26-19.11.30:645][260]LogNet: Browse: /Game/TopDownBP/Maps/TopDownExampleMap?restart
[2018.02.26-19.11.30:645][260]LogLoad: LoadMap: /Game/TopDownBP/Maps/TopDownExampleMap
[2018.02.26-19.11.30:667][260]LogPlayLevel: Creating play world package: /Game/TopDownBP/Maps/UEDPIE_0_TopDownExampleMap
[2018.02.26-19.11.30:702][260]LogPlayLevel: PIE: StaticDuplicateObject took: (0.035218s)
[2018.02.26-19.11.30:703][260]LogAIModule: Creating AISystem for world TopDownExampleMap
[2018.02.26-19.11.30:703][260]LogPlayLevel: PIE: World Init took: (0.000826s)
[2018.02.26-19.11.30:703][260]LogPlayLevel: PIE: Created PIE world by copying editor world from /Game/TopDownBP/Maps/TopDownExampleMap.TopDownExampleMap to /Game/TopDownBP/Maps/UEDPIE_0_TopDownExampleMap.TopDownExampleMap (0.036583s)
[2018.02.26-19.11.30:703][260]LogLoad: Game class is 'TopDownGameMode_C'
[2018.02.26-19.11.30:723][260]LogWorld: Bringing World /Game/TopDownBP/Maps/UEDPIE_0_TopDownExampleMap.TopDownExampleMap up for play (max tick rate 0) at 2018.02.26-20.11.30
[2018.02.26-19.11.30:724][260]LogWorld: Bringing up level for play took: 0.019889
[2018.02.26-19.11.30:726][260]LogLoad: Took 0.080640 seconds to LoadMap(/Game/TopDownBP/Maps/UEDPIE_0_TopDownExampleMap)
[2018.02.26-19.11.38:830][215]LogBlueprintUserMessages: [TechNoia_GI_C_0] GameOverTrigger
[2018.02.26-19.11.39:995][355]LogBlueprintUserMessages: [TechNoia_GI_C_0] RestartLevelTrigger
[2018.02.26-19.11.39:995][355]Cmd: RestartLevel
[2018.02.26-19.11.39:996][355]LogNet: Browse: /Game/TopDownBP/Maps/TopDownExampleMap?restart
[2018.02.26-19.11.39:996][355]LogLoad: LoadMap: /Game/TopDownBP/Maps/TopDownExampleMap
[2018.02.26-19.11.40:018][355]LogPlayLevel: Creating play world package: /Game/TopDownBP/Maps/UEDPIE_0_TopDownExampleMap
[2018.02.26-19.11.40:053][355]LogPlayLevel: PIE: StaticDuplicateObject took: (0.035258s)
[2018.02.26-19.11.40:054][355]LogAIModule: Creating AISystem for world TopDownExampleMap
[2018.02.26-19.11.40:054][355]LogPlayLevel: PIE: World Init took: (0.000782s)
[2018.02.26-19.11.40:054][355]LogPlayLevel: PIE: Created PIE world by copying editor world from /Game/TopDownBP/Maps/TopDownExampleMap.TopDownExampleMap to /Game/TopDownBP/Maps/UEDPIE_0_TopDownExampleMap.TopDownExampleMap (0.036597s)
[2018.02.26-19.11.40:054][355]LogLoad: Game class is 'TopDownGameMode_C'
[2018.02.26-19.11.40:074][355]LogWorld: Bringing World /Game/TopDownBP/Maps/UEDPIE_0_TopDownExampleMap.TopDownExampleMap up for play (max tick rate 0) at 2018.02.26-20.11.40
[2018.02.26-19.11.40:075][355]LogWorld: Bringing up level for play took: 0.019875
[2018.02.26-19.11.40:077][355]LogLoad: Took 0.080906 seconds to LoadMap(/Game/TopDownBP/Maps/UEDPIE_0_TopDownExampleMap)
[2018.02.26-19.11.41:938][576]LogBlueprintUserMessages: [TechNoia_GI_C_0] GameOverTrigger
[2018.02.26-19.11.45:112][957]LogBlueprintUserMessages: [TechNoia_GI_C_0] RestartLevelTrigger
[2018.02.26-19.11.45:112][957]Cmd: RestartLevel
[2018.02.26-19.11.45:112][957]LogNet: Browse: /Game/TopDownBP/Maps/TopDownExampleMap?restart
[2018.02.26-19.11.45:112][957]LogLoad: LoadMap: /Game/TopDownBP/Maps/TopDownExampleMap
[2018.02.26-19.11.45:133][957]LogPlayLevel: Creating play world package: /Game/TopDownBP/Maps/UEDPIE_0_TopDownExampleMap
[2018.02.26-19.11.45:168][957]LogPlayLevel: PIE: StaticDuplicateObject took: (0.035182s)
[2018.02.26-19.11.45:169][957]LogAIModule: Creating AISystem for world TopDownExampleMap
[2018.02.26-19.11.45:169][957]LogPlayLevel: PIE: World Init took: (0.000975s)
[2018.02.26-19.11.45:169][957]LogPlayLevel: PIE: Created PIE world by copying editor world from /Game/TopDownBP/Maps/TopDownExampleMap.TopDownExampleMap to /Game/TopDownBP/Maps/UEDPIE_0_TopDownExampleMap.TopDownExampleMap (0.036742s)
[2018.02.26-19.11.45:169][957]LogLoad: Game class is 'TopDownGameMode_C'
[2018.02.26-19.11.45:184][957]LogWorld: Bringing World /Game/TopDownBP/Maps/UEDPIE_0_TopDownExampleMap.TopDownExampleMap up for play (max tick rate 0) at 2018.02.26-20.11.45
[2018.02.26-19.11.45:185][957]LogWorld: Bringing up level for play took: 0.014492
[2018.02.26-19.11.45:186][957]LogLoad: Took 0.073990 seconds to LoadMap(/Game/TopDownBP/Maps/UEDPIE_0_TopDownExampleMap)
[2018.02.26-19.11.49:362][456]LogBlueprintUserMessages: [TechNoia_GI_C_0] GameOverTrigger
[2018.02.26-19.11.50:120][547]LogBlueprintUserMessages: [TechNoia_GI_C_0] RestartLevelTrigger
[2018.02.26-19.11.50:120][547]Cmd: RestartLevel
[2018.02.26-19.11.50:120][547]LogNet: Browse: /Game/TopDownBP/Maps/TopDownExampleMap?restart
[2018.02.26-19.11.50:121][547]LogLoad: LoadMap: /Game/TopDownBP/Maps/TopDownExampleMap
[2018.02.26-19.11.50:141][547]LogPlayLevel: Creating play world package: /Game/TopDownBP/Maps/UEDPIE_0_TopDownExampleMap
[2018.02.26-19.11.50:174][547]LogPlayLevel: PIE: StaticDuplicateObject took: (0.033033s)
[2018.02.26-19.11.50:175][547]LogAIModule: Creating AISystem for world TopDownExampleMap
[2018.02.26-19.11.50:175][547]LogPlayLevel: PIE: World Init took: (0.000750s)
[2018.02.26-19.11.50:175][547]LogPlayLevel: PIE: Created PIE world by copying editor world from /Game/TopDownBP/Maps/TopDownExampleMap.TopDownExampleMap to /Game/TopDownBP/Maps/UEDPIE_0_TopDownExampleMap.TopDownExampleMap (0.034250s)
[2018.02.26-19.11.50:175][547]LogLoad: Game class is 'TopDownGameMode_C'
[2018.02.26-19.11.50:191][547]LogWorld: Bringing World /Game/TopDownBP/Maps/UEDPIE_0_TopDownExampleMap.TopDownExampleMap up for play (max tick rate 0) at 2018.02.26-20.11.50
[2018.02.26-19.11.50:192][547]LogWorld: Bringing up level for play took: 0.016252
[2018.02.26-19.11.50:194][547]LogLoad: Took 0.073399 seconds to LoadMap(/Game/TopDownBP/Maps/UEDPIE_0_TopDownExampleMap)
[2018.02.26-19.11.54:102][ 12]LogBlueprintUserMessages: [TechNoia_GI_C_0] GameOverTrigger
[2018.02.26-19.11.55:001][120]LogBlueprintUserMessages: [TechNoia_GI_C_0] RestartLevelTrigger
[2018.02.26-19.11.55:001][120]Cmd: RestartLevel
[2018.02.26-19.11.55:002][120]LogNet: Browse: /Game/TopDownBP/Maps/TopDownExampleMap?restart
[2018.02.26-19.11.55:002][120]LogLoad: LoadMap: /Game/TopDownBP/Maps/TopDownExampleMap
[2018.02.26-19.11.55:022][120]LogPlayLevel: Creating play world package: /Game/TopDownBP/Maps/UEDPIE_0_TopDownExampleMap
[2018.02.26-19.11.55:056][120]LogPlayLevel: PIE: StaticDuplicateObject took: (0.033760s)
[2018.02.26-19.11.55:057][120]LogAIModule: Creating AISystem for world TopDownExampleMap
[2018.02.26-19.11.55:057][120]LogPlayLevel: PIE: World Init took: (0.000696s)
[2018.02.26-19.11.55:057][120]LogPlayLevel: PIE: Created PIE world by copying editor world from /Game/TopDownBP/Maps/TopDownExampleMap.TopDownExampleMap to /Game/TopDownBP/Maps/UEDPIE_0_TopDownExampleMap.TopDownExampleMap (0.034889s)
[2018.02.26-19.11.55:057][120]LogLoad: Game class is 'TopDownGameMode_C'
[2018.02.26-19.11.55:071][120]LogWorld: Bringing World /Game/TopDownBP/Maps/UEDPIE_0_TopDownExampleMap.TopDownExampleMap up for play (max tick rate 0) at 2018.02.26-20.11.55
[2018.02.26-19.11.55:072][120]LogWorld: Bringing up level for play took: 0.014043
[2018.02.26-19.11.55:074][120]LogLoad: Took 0.071950 seconds to LoadMap(/Game/TopDownBP/Maps/UEDPIE_0_TopDownExampleMap)
[2018.02.26-19.11.58:262][484]LogBlueprintUserMessages: Early EndPlayMap Detection: Level '/Game/TopDownBP/Maps/TopDownExampleMap.TopDownExampleMap:PersistentLevel' has LevelScriptBlueprint '/Game/TopDownBP/Maps/TopDownExampleMap.TopDownExampleMap:PersistentLevel.TopDownExampleMap' with GeneratedClass '/Game/TopDownBP/Maps/TopDownExampleMap.TopDownExampleMap_C' with ClassGeneratedBy '/Game/TopDownBP/Maps/TopDownExampleMap.TopDownExampleMap:PersistentLevel.TopDownExampleMap'
[2018.02.26-19.11.58:342][484]LogBlueprintUserMessages: Late EndPlayMap Detection: Level '/Game/TopDownBP/Maps/TopDownExampleMap.TopDownExampleMap:PersistentLevel' has LevelScriptBlueprint '/Game/TopDownBP/Maps/TopDownExampleMap.TopDownExampleMap:PersistentLevel.TopDownExampleMap' with GeneratedClass '/Game/TopDownBP/Maps/TopDownExampleMap.TopDownExampleMap_C' with ClassGeneratedBy '/Game/TopDownBP/Maps/TopDownExampleMap.TopDownExampleMap:PersistentLevel.TopDownExampleMap'
[2018.02.26-19.12.05:166][231]LogEditorViewport: Clicking on Actor (LMB): TopDownCharacter_C (TopDownCharacter)
[2018.02.26-19.12.06:702][345]LogSlate: Took 0.011541 seconds to synchronously load lazily loaded font '../../../Engine/Content/Editor/Slate/Fonts/Roboto-Italic.ttf' (157K)
[2018.02.26-19.12.08:608][453]LogSlate: Took 0.000157 seconds to synchronously load lazily loaded font '../../../Engine/Content/Slate/Fonts/Roboto-Light.ttf' (159K)
[2018.02.26-19.12.09:214][453]LogContentBrowser: Native class hierarchy updated for 'BlueprintGraph' in 0.0007 seconds. Added 116 classes and 0 folders.
[2018.02.26-19.12.10:913][453]LogSlate: Took 0.000222 seconds to synchronously load lazily loaded font '../../../Engine/Content/Editor/Slate/Fonts/Roboto-BoldCondensed.ttf' (158K)
[2018.02.26-19.12.48:761][210]BlueprintLog: New page: Compile TopDownCharacter
[2018.02.26-19.14.27:583][335]LogSlate: Took 0.000182 seconds to synchronously load lazily loaded font '../../../Engine/Content/Slate/Fonts/Roboto-Light.ttf' (159K)
[2018.02.26-19.15.17:079][178]BlueprintLog: New page: Compile TopDownCharacter
[2018.02.26-19.15.20:587][373]LogBlueprintUserMessages: Early PlayInEditor Detection: Level '/Game/TopDownBP/Maps/TopDownExampleMap.TopDownExampleMap:PersistentLevel' has LevelScriptBlueprint '/Game/TopDownBP/Maps/TopDownExampleMap.TopDownExampleMap:PersistentLevel.TopDownExampleMap' with GeneratedClass '/Game/TopDownBP/Maps/TopDownExampleMap.TopDownExampleMap_C' with ClassGeneratedBy '/Game/TopDownBP/Maps/TopDownExampleMap.TopDownExampleMap:PersistentLevel.TopDownExampleMap'
[2018.02.26-19.15.20:587][373]LogPlayLevel: PlayLevel: No blueprints needed recompiling
[2018.02.26-19.15.20:587][373]PIE: New page: PIE session: TopDownExampleMap (26 Feb 2018 21:15:20)
[2018.02.26-19.15.20:587][373]LogPlayLevel: Creating play world package: /Game/TopDownBP/Maps/UEDPIE_0_TopDownExampleMap
[2018.02.26-19.15.20:625][373]LogPlayLevel: PIE: StaticDuplicateObject took: (0.037661s)
[2018.02.26-19.15.20:626][373]LogAIModule: Creating AISystem for world TopDownExampleMap
[2018.02.26-19.15.20:626][373]LogPlayLevel: PIE: World Init took: (0.000907s)
[2018.02.26-19.15.20:626][373]LogPlayLevel: PIE: Created PIE world by copying editor world from /Game/TopDownBP/Maps/TopDownExampleMap.TopDownExampleMap to /Game/TopDownBP/Maps/UEDPIE_0_TopDownExampleMap.TopDownExampleMap (0.039115s)
[2018.02.26-19.15.20:666][373]LogInit: XAudio2 using 'Realtek Digital Output(Optical) (Realtek High Definition Audio)' : 2 channels at 48 kHz using 16 bits per sample (channel mask 0x3)
[2018.02.26-19.15.20:676][373]LogInit: FAudioDevice initialized.
[2018.02.26-19.15.20:733][373]LogLoad: Game class is 'TopDownGameMode_C'
[2018.02.26-19.15.20:749][373]LogWorld: Bringing World /Game/TopDownBP/Maps/UEDPIE_0_TopDownExampleMap.TopDownExampleMap up for play (max tick rate 0) at 2018.02.26-20.15.20
[2018.02.26-19.15.20:751][373]LogWorld: Bringing up level for play took: 0.016698
[2018.02.26-19.15.20:757][373]PIE: Play in editor start time for /Game/TopDownBP/Maps/UEDPIE_0_TopDownExampleMap 0.937
[2018.02.26-19.15.20:758][373]LogBlueprintUserMessages: Late PlayInEditor Detection: Level '/Game/TopDownBP/Maps/TopDownExampleMap.TopDownExampleMap:PersistentLevel' has LevelScriptBlueprint '/Game/TopDownBP/Maps/TopDownExampleMap.TopDownExampleMap:PersistentLevel.TopDownExampleMap' with GeneratedClass '/Game/TopDownBP/Maps/TopDownExampleMap.TopDownExampleMap_C' with ClassGeneratedBy '/Game/TopDownBP/Maps/TopDownExampleMap.TopDownExampleMap:PersistentLevel.TopDownExampleMap'
[2018.02.26-19.15.20:911][373]LogRenderer: Reallocating scene render targets to support 1292x756 Format 10 NumSamples 1 (Frame:1).
[2018.02.26-19.15.29:758][760]LogBlueprintUserMessages: [TechNoia_GI_C_1] GameOverTrigger
[2018.02.26-19.15.30:734][801]LogBlueprintUserMessages: [TechNoia_GI_C_1] RestartLevelTrigger
[2018.02.26-19.15.30:735][801]Cmd: RestartLevel
[2018.02.26-19.15.30:735][801]LogNet: Browse: /Game/TopDownBP/Maps/TopDownExampleMap?restart
[2018.02.26-19.15.30:759][801]LogLoad: LoadMap: /Game/TopDownBP/Maps/TopDownExampleMap
[2018.02.26-19.15.30:786][801]LogPlayLevel: Creating play world package: /Game/TopDownBP/Maps/UEDPIE_0_TopDownExampleMap
[2018.02.26-19.15.30:825][801]LogPlayLevel: PIE: StaticDuplicateObject took: (0.038425s)
[2018.02.26-19.15.30:825][801]LogAIModule: Creating AISystem for world TopDownExampleMap
[2018.02.26-19.15.30:826][801]LogPlayLevel: PIE: World Init took: (0.000746s)
[2018.02.26-19.15.30:826][801]LogPlayLevel: PIE: Created PIE world by copying editor world from /Game/TopDownBP/Maps/TopDownExampleMap.TopDownExampleMap to /Game/TopDownBP/Maps/UEDPIE_0_TopDownExampleMap.TopDownExampleMap (0.039683s)
[2018.02.26-19.15.30:826][801]LogLoad: Game class is 'TopDownGameMode_C'
[2018.02.26-19.15.30:847][801]LogWorld: Bringing World /Game/TopDownBP/Maps/UEDPIE_0_TopDownExampleMap.TopDownExampleMap up for play (max tick rate 0) at 2018.02.26-20.15.30
[2018.02.26-19.15.30:848][801]LogWorld: Bringing up level for play took: 0.021609
[2018.02.26-19.15.30:850][801]LogLoad: Took 0.091786 seconds to LoadMap(/Game/TopDownBP/Maps/UEDPIE_0_TopDownExampleMap)
[2018.02.26-19.15.49:936][613]LogBlueprintUserMessages: [TechNoia_GI_C_1] GameOverTrigger
[2018.02.26-19.15.51:020][660]LogBlueprintUserMessages: Early EndPlayMap Detection: Level '/Game/TopDownBP/Maps/TopDownExampleMap.TopDownExampleMap:PersistentLevel' has LevelScriptBlueprint '/Game/TopDownBP/Maps/TopDownExampleMap.TopDownExampleMap:PersistentLevel.TopDownExampleMap' with GeneratedClass '/Game/TopDownBP/Maps/TopDownExampleMap.TopDownExampleMap_C' with ClassGeneratedBy '/Game/TopDownBP/Maps/TopDownExampleMap.TopDownExampleMap:PersistentLevel.TopDownExampleMap'
[2018.02.26-19.15.51:078][660]LogBlueprintUserMessages: Late EndPlayMap Detection: Level '/Game/TopDownBP/Maps/TopDownExampleMap.TopDownExampleMap:PersistentLevel' has LevelScriptBlueprint '/Game/TopDownBP/Maps/TopDownExampleMap.TopDownExampleMap:PersistentLevel.TopDownExampleMap' with GeneratedClass '/Game/TopDownBP/Maps/TopDownExampleMap.TopDownExampleMap_C' with ClassGeneratedBy '/Game/TopDownBP/Maps/TopDownExampleMap.TopDownExampleMap:PersistentLevel.TopDownExampleMap'
[2018.02.26-19.16.46:323][396]BlueprintLog: New page: Compile TopDownCharacter
[2018.02.26-19.16.54:924][  5]Cmd: OBJ SAVEPACKAGE PACKAGE="/Game/TopDownBP/Maps/TopDownExampleMap" FILE="../../../../Git/TechNoia/TechNoia/Content/TopDownBP/Maps/TopDownExampleMap.umap" SILENT=true AUTOSAVING=false KEEPDIRTY=false
[2018.02.26-19.16.55:881][  5]LogSavePackage: Save=899.80ms
[2018.02.26-19.16.55:881][  5]LogSavePackage: Moving '../../../../Git/TechNoia/TechNoia/Saved/TopDownExampleMap3B8418D243E63725F4C9DA99F150D8BB.tmp' to '../../../../Git/TechNoia/TechNoia/Content/TopDownBP/Maps/TopDownExampleMap.umap'
[2018.02.26-19.16.55:885][  5]LogSavePackage: Display: Finished SavePackage ../../../../Git/TechNoia/TechNoia/Content/TopDownBP/Maps/TopDownExampleMap.umap
[2018.02.26-19.16.55:916][  5]Cmd: OBJ SAVEPACKAGE PACKAGE="/Game/TopDownBP/Maps/TopDownExampleMap_BuiltData" FILE="../../../../Git/TechNoia/TechNoia/Content/TopDownBP/Maps/TopDownExampleMap_BuiltData.uasset" SILENT=true
[2018.02.26-19.16.56:658][  5]LogSavePackage: Save=725.40ms
[2018.02.26-19.16.56:658][  5]LogSavePackage: Moving '../../../../Git/TechNoia/TechNoia/Saved/TopDownExampleMap_BuiltData6F6C9648489A4DF9BB9A7697FC385CCC.tmp' to '../../../../Git/TechNoia/TechNoia/Content/TopDownBP/Maps/TopDownExampleMap_BuiltData.uasset'
[2018.02.26-19.16.56:660][  5]LogSavePackage: Display: Finished SavePackage ../../../../Git/TechNoia/TechNoia/Content/TopDownBP/Maps/TopDownExampleMap_BuiltData.uasset
[2018.02.26-19.16.56:660][  5]LogSlate: Took 0.000174 seconds to synchronously load lazily loaded font '../../../Engine/Content/Slate/Fonts/Roboto-Regular.ttf' (155K)
[2018.02.26-19.17.49:328][314]Cmd: OBJ SAVEPACKAGE PACKAGE="/Game/TopDownBP/Blueprints/TopDownCharacter" FILE="../../../../Git/TechNoia/TechNoia/Content/TopDownBP/Blueprints/TopDownCharacter.uasset" SILENT=true
[2018.02.26-19.17.49:473][314]LogSavePackage: Save=137.46ms
[2018.02.26-19.17.49:474][314]LogSavePackage: Moving '../../../../Git/TechNoia/TechNoia/Saved/TopDownCharacter0FDC6663476C52387A5E39861D68F6CF.tmp' to '../../../../Git/TechNoia/TechNoia/Content/TopDownBP/Blueprints/TopDownCharacter.uasset'
[2018.02.26-19.17.49:476][314]LogSavePackage: Display: Finished SavePackage ../../../../Git/TechNoia/TechNoia/Content/TopDownBP/Blueprints/TopDownCharacter.uasset
[2018.02.26-19.17.49:559][314]LogWindowsTextInputMethodSystem: Display: IME system now deactivated.
[2018.02.26-19.17.49:784][315]Cmd: QUIT_EDITOR
[2018.02.26-19.17.50:520][315]LogExit: Preparing to exit.
[2018.02.26-19.17.51:564][315]LogDirectoryWatcher: A directory notification failed for 'D:/Git/TechNoia/TechNoia/Content/', and we were unable to create a new request.
[2018.02.26-19.17.51:627][315]LogExit: Editor shut down
[2018.02.26-19.17.51:632][315]LogExit: Transaction tracking system shut down
[2018.02.26-19.17.51:768][315]LogDirectoryWatcher: A directory notification for '../../../Engine/Content/' was aborted.
[2018.02.26-19.17.51:768][315]LogDirectoryWatcher: A directory notification for '../../../../Git/TechNoia/TechNoia/Content/' was aborted.
[2018.02.26-19.17.51:768][315]LogDirectoryWatcher: A directory notification for '../../../Engine/Plugins/2D/Paper2D/Content/' was aborted.
[2018.02.26-19.17.51:768][315]LogDirectoryWatcher: A directory notification for '../../../Engine/Plugins/Media/MediaCompositing/Content/' was aborted.
[2018.02.26-19.17.51:768][315]LogDirectoryWatcher: A directory notification for '../../../Engine/Plugins/Runtime/AppleARKit/Content/' was aborted.
[2018.02.26-19.17.51:768][315]LogDirectoryWatcher: A directory notification for '../../../Engine/Plugins/Runtime/Oculus/OculusVR/Content/' was aborted.
[2018.02.26-19.17.51:768][315]LogDirectoryWatcher: A directory notification for '../../../Engine/Plugins/Runtime/Steam/SteamVR/Content/' was aborted.
[2018.02.26-19.17.51:867][315]LogExit: Object subsystem successfully closed.
[2018.02.26-19.17.51:884][315]LogD3D11RHI: Shutdown
[2018.02.26-19.17.51:884][315]LogD3D11RHI: CleanupD3DDevice
[2018.02.26-19.17.51:887][315]LogD3D11RHI: ~FD3D11DynamicRHI
[2018.02.26-19.17.51:898][315]LogModuleManager: Shutting down and abandoning module BlueprintGraph (552)
[2018.02.26-19.17.51:898][315]LogModuleManager: Shutting down and abandoning module MovieSceneCapture (550)
[2018.02.26-19.17.51:929][315]LogModuleManager: Shutting down and abandoning module HierarchicalLODOutliner (548)
[2018.02.26-19.17.51:929][315]LogModuleManager: Shutting down and abandoning module SceneOutliner (546)
[2018.02.26-19.17.51:929][315]LogModuleManager: Shutting down and abandoning module AddContentDialog (544)
[2018.02.26-19.17.51:929][315]LogDirectoryWatcher: A directory notification for 'D:/UE_4.18/FeaturePacks/' was aborted.
[2018.02.26-19.17.51:934][315]LogModuleManager: Shutting down and abandoning module WidgetCarousel (543)
[2018.02.26-19.17.51:934][315]LogModuleManager: Shutting down and abandoning module EditorWidgets (540)
[2018.02.26-19.17.51:934][315]LogModuleManager: Shutting down and abandoning module CollectionManager (538)
[2018.02.26-19.17.51:934][315]LogDirectoryWatcher: A directory notification for 'D:/Git/TechNoia/TechNoia/Content/Collections/' was aborted.
[2018.02.26-19.17.51:934][315]LogDirectoryWatcher: A directory notification for 'D:/Git/TechNoia/TechNoia/Content/Developers/ickle/Collections/' was aborted.
[2018.02.26-19.17.51:934][315]LogDirectoryWatcher: A directory notification for 'D:/Git/TechNoia/TechNoia/Saved/Collections/' was aborted.
[2018.02.26-19.17.51:934][315]LogModuleManager: Shutting down and abandoning module StatsViewer (536)
[2018.02.26-19.17.51:934][315]LogModuleManager: Shutting down and abandoning module FoliageEdit (534)
[2018.02.26-19.17.51:934][315]LogModuleManager: Shutting down and abandoning module LandscapeEditor (532)
[2018.02.26-19.17.51:934][315]LogModuleManager: Shutting down and abandoning module MeshPaintMode (530)
[2018.02.26-19.17.51:934][315]LogModuleManager: Shutting down and abandoning module SceneDepthPickerMode (528)
[2018.02.26-19.17.51:934][315]LogModuleManager: Shutting down and abandoning module ActorPickerMode (526)
[2018.02.26-19.17.51:935][315]LogModuleManager: Shutting down and abandoning module GeometryMode (524)
[2018.02.26-19.17.51:935][315]LogModuleManager: Shutting down and abandoning module TextureAlignMode (522)
[2018.02.26-19.17.51:935][315]LogModuleManager: Shutting down and abandoning module BspMode (520)
[2018.02.26-19.17.51:935][315]LogModuleManager: Shutting down and abandoning module PIEPreviewDeviceProfileSelector (518)
[2018.02.26-19.17.51:935][315]LogModuleManager: Shutting down and abandoning module HardwareSurvey (516)
[2018.02.26-19.17.51:935][315]LogModuleManager: Shutting down and abandoning module SequenceRecorderSections (514)
[2018.02.26-19.17.51:935][315]LogModuleManager: Shutting down and abandoning module AutomationWorker (512)
[2018.02.26-19.17.51:935][315]LogModuleManager: Shutting down and abandoning module MatineeToLevelSequence (510)
[2018.02.26-19.17.51:935][315]LogModuleManager: Shutting down and abandoning module LevelSequenceEditor (508)
[2018.02.26-19.17.51:935][315]LogModuleManager: Shutting down and abandoning module PlacementMode (507)
[2018.02.26-19.17.51:935][315]LogModuleManager: Shutting down and abandoning module WmfMediaFactory (504)
[2018.02.26-19.17.51:935][315]LogModuleManager: Shutting down and abandoning module WmfMediaEditor (502)
[2018.02.26-19.17.51:935][315]LogModuleManager: Shutting down and abandoning module OpenExrWrapper (500)
[2018.02.26-19.17.51:935][315]LogModuleManager: Shutting down and abandoning module ImgMediaFactory (498)
[2018.02.26-19.17.51:935][315]LogModuleManager: Shutting down and abandoning module ImgMediaEditor (496)
[2018.02.26-19.17.51:935][315]LogModuleManager: Shutting down and abandoning module AvfMediaFactory (494)
[2018.02.26-19.17.51:935][315]LogModuleManager: Shutting down and abandoning module AvfMediaEditor (492)
[2018.02.26-19.17.51:935][315]LogModuleManager: Shutting down and abandoning module AndroidMediaFactory (490)
[2018.02.26-19.17.51:935][315]LogModuleManager: Shutting down and abandoning module AndroidMediaEditor (488)
[2018.02.26-19.17.51:935][315]LogModuleManager: Shutting down and abandoning module CharacterAI (486)
[2018.02.26-19.17.51:935][315]LogModuleManager: Shutting down and abandoning module AudioCapture (484)
[2018.02.26-19.17.51:935][315]LogModuleManager: Shutting down and abandoning module SequenceRecorder (483)
[2018.02.26-19.17.51:935][315]LogModuleManager: Shutting down and abandoning module SmartSnapping (480)
[2018.02.26-19.17.51:935][315]LogModuleManager: Shutting down and abandoning module SessionServices (478)
[2018.02.26-19.17.51:935][315]LogModuleManager: Shutting down and abandoning module ViewportSnapping (476)
[2018.02.26-19.17.51:935][315]LogModuleManager: Shutting down and abandoning module ViewportInteraction (474)
[2018.02.26-19.17.51:935][315]LogModuleManager: Shutting down and abandoning module ClothPainter (472)
[2018.02.26-19.17.51:935][315]LogModuleManager: Shutting down and abandoning module SkeletalMeshEditor (471)
[2018.02.26-19.17.51:935][315]LogModuleManager: Shutting down and abandoning module LogVisualizer (468)
[2018.02.26-19.17.51:935][315]LogModuleManager: Shutting down and abandoning module IntroTutorials (466)
[2018.02.26-19.17.51:935][315]LogModuleManager: Shutting down and abandoning module GameProjectGeneration (465)
[2018.02.26-19.17.51:935][315]LogModuleManager: Shutting down and abandoning module IOSPlatformEditor (462)
[2018.02.26-19.17.51:935][315]LogModuleManager: Shutting down and abandoning module HTML5PlatformEditor (460)
[2018.02.26-19.17.51:935][315]LogModuleManager: Shutting down and abandoning module AndroidPlatformEditor (458)
[2018.02.26-19.17.51:935][315]LogModuleManager: Shutting down and abandoning module AndroidDeviceDetection (457)
[2018.02.26-19.17.52:321][315]LogModuleManager: Shutting down and abandoning module WindowsPlatformEditor (454)
[2018.02.26-19.17.52:321][315]LogModuleManager: Shutting down and abandoning module IOSRuntimeSettings (452)
[2018.02.26-19.17.52:321][315]LogModuleManager: Shutting down and abandoning module AndroidRuntimeSettings (450)
[2018.02.26-19.17.52:321][315]LogModuleManager: Shutting down and abandoning module InputBindingEditor (448)
[2018.02.26-19.17.52:321][315]LogModuleManager: Shutting down and abandoning module MergeActors (446)
[2018.02.26-19.17.52:322][315]LogModuleManager: Shutting down and abandoning module SizeMap (444)
[2018.02.26-19.17.52:322][315]LogModuleManager: Shutting down and abandoning module TreeMap (442)
[2018.02.26-19.17.52:322][315]LogModuleManager: Shutting down and abandoning module ReferenceViewer (440)
[2018.02.26-19.17.52:322][315]LogModuleManager: Shutting down and abandoning module LocalizationDashboard (438)
[2018.02.26-19.17.52:322][315]LogModuleManager: Shutting down and abandoning module LocalizationService (437)
[2018.02.26-19.17.52:322][315]LogModuleManager: Shutting down and abandoning module HardwareTargeting (434)
[2018.02.26-19.17.52:322][315]LogModuleManager: Shutting down and abandoning module DeviceProfileEditor (432)
[2018.02.26-19.17.52:322][315]LogModuleManager: Shutting down and abandoning module UndoHistory (430)
[2018.02.26-19.17.52:322][315]LogModuleManager: Shutting down and abandoning module XmlParser (428)
[2018.02.26-19.17.52:322][315]LogModuleManager: Shutting down and abandoning module Blutility (426)
[2018.02.26-19.17.52:322][315]LogModuleManager: Shutting down and abandoning module ProjectSettingsViewer (424)
[2018.02.26-19.17.52:322][315]LogModuleManager: Shutting down and abandoning module ProjectTargetPlatformEditor (423)
[2018.02.26-19.17.52:322][315]LogModuleManager: Shutting down and abandoning module EditorSettingsViewer (420)
[2018.02.26-19.17.52:322][315]LogModuleManager: Shutting down and abandoning module SettingsEditor (418)
[2018.02.26-19.17.52:322][315]LogModuleManager: Shutting down and abandoning module ProjectLauncher (416)
[2018.02.26-19.17.52:322][315]LogModuleManager: Shutting down and abandoning module SessionFrontend (414)
[2018.02.26-19.17.52:322][315]LogModuleManager: Shutting down and abandoning module ProfilerClient (412)
[2018.02.26-19.17.52:322][315]LogModuleManager: Shutting down and abandoning module DeviceManager (410)
[2018.02.26-19.17.52:322][315]LogModuleManager: Shutting down and abandoning module TargetDeviceServices (409)
[2018.02.26-19.17.52:375][315]LogModuleManager: Shutting down and abandoning module AutomationController (406)
[2018.02.26-19.17.52:375][315]LogModuleManager: Shutting down and abandoning module AutomationWindow (404)
[2018.02.26-19.17.52:375][315]LogModuleManager: Shutting down and abandoning module Layers (402)
[2018.02.26-19.17.52:375][315]LogModuleManager: Shutting down and abandoning module ComponentVisualizers (400)
[2018.02.26-19.17.52:375][315]LogModuleManager: Shutting down and abandoning module DetailCustomizations (398)
[2018.02.26-19.17.52:375][315]LogModuleManager: Shutting down and abandoning module PackagesDialog (396)
[2018.02.26-19.17.52:375][315]LogModuleManager: Shutting down and abandoning module Persona (394)
[2018.02.26-19.17.52:375][315]LogModuleManager: Shutting down and abandoning module AdvancedPreviewScene (393)
[2018.02.26-19.17.52:375][315]LogModuleManager: Shutting down and abandoning module AnimGraph (391)
[2018.02.26-19.17.52:375][315]LogModuleManager: Shutting down and abandoning module Kismet (388)
[2018.02.26-19.17.52:385][315]LogModuleManager: Shutting down and abandoning module ClassViewer (386)
[2018.02.26-19.17.52:385][315]LogModuleManager: Shutting down and abandoning module Toolbox (384)
[2018.02.26-19.17.52:385][315]LogModuleManager: Shutting down and abandoning module ModuleUI (382)
[2018.02.26-19.17.52:385][315]LogModuleManager: Shutting down and abandoning module MovieSceneTools (380)
[2018.02.26-19.17.52:385][315]LogModuleManager: Shutting down and abandoning module OutputLog (378)
[2018.02.26-19.17.52:385][315]LogModuleManager: Shutting down and abandoning module GammaUI (376)
[2018.02.26-19.17.52:385][315]LogModuleManager: Shutting down and abandoning module Documentation (374)
[2018.02.26-19.17.52:385][315]LogModuleManager: Shutting down and abandoning module MovieSceneTracks (372)
[2018.02.26-19.17.52:385][315]LogModuleManager: Shutting down and abandoning module MovieScene (370)
[2018.02.26-19.17.52:385][315]LogModuleManager: Shutting down and abandoning module StreamingPauseRendering (368)
[2018.02.26-19.17.52:385][315]LogModuleManager: Shutting down and abandoning module LauncherPlatform (366)
[2018.02.26-19.17.52:385][315]LogModuleManager: Shutting down and abandoning module AnalyticsET (364)
[2018.02.26-19.17.52:385][315]LogModuleManager: Shutting down and abandoning module PortalServices (362)
[2018.02.26-19.17.52:385][315]LogModuleManager: Shutting down and abandoning module PortalRpc (360)
[2018.02.26-19.17.52:385][315]LogModuleManager: Shutting down and abandoning module MessagingRpc (358)
[2018.02.26-19.17.52:385][315]LogModuleManager: Shutting down and abandoning module AIModule (356)
[2018.02.26-19.17.52:385][315]LogModuleManager: Shutting down and abandoning module GameplayDebugger (355)
[2018.02.26-19.17.52:385][315]LogModuleManager: Shutting down and abandoning module AITestSuite (353)
[2018.02.26-19.17.52:386][315]LogModuleManager: Shutting down and abandoning module DesktopPlatform (350)
[2018.02.26-19.17.52:386][315]LogModuleManager: Shutting down and abandoning module ProfilerService (348)
[2018.02.26-19.17.52:447][315]LogModuleManager: Shutting down and abandoning module TaskGraph (346)
[2018.02.26-19.17.52:447][315]LogModuleManager: Shutting down and abandoning module SteamVRController (344)
[2018.02.26-19.17.52:447][315]LogModuleManager: Shutting down and abandoning module ProceduralMeshComponentEditor (342)
[2018.02.26-19.17.52:447][315]LogModuleManager: Shutting down and abandoning module ProceduralMeshComponent (340)
[2018.02.26-19.17.52:447][315]LogModuleManager: Shutting down and abandoning module OculusInput (338)
[2018.02.26-19.17.52:447][315]LogModuleManager: Shutting down and abandoning module MobilePatchingUtils (336)
[2018.02.26-19.17.52:447][315]LogModuleManager: Shutting down and abandoning module CustomMeshComponent (334)
[2018.02.26-19.17.52:447][315]LogModuleManager: Shutting down and abandoning module CableComponent (332)
[2018.02.26-19.17.52:447][315]LogModuleManager: Shutting down and abandoning module ArchVisCharacter (330)
[2018.02.26-19.17.52:447][315]LogModuleManager: Shutting down and abandoning module AndroidPermission (328)
[2018.02.26-19.17.52:447][315]LogModuleManager: Shutting down and abandoning module ActorSequence (324)
[2018.02.26-19.17.52:447][315]LogModuleManager: Shutting down and abandoning module MediaPlayerEditor (322)
[2018.02.26-19.17.52:447][315]LogModuleManager: Shutting down and abandoning module MediaCompositingEditor (320)
[2018.02.26-19.17.52:447][315]LogModuleManager: Shutting down and abandoning module MediaCompositing (318)
[2018.02.26-19.17.52:447][315]LogModuleManager: Shutting down and abandoning module HTML5Networking (316)
[2018.02.26-19.17.52:447][315]LogModuleManager: Shutting down and abandoning module AlembicImporter (314)
[2018.02.26-19.17.52:447][315]LogModuleManager: Shutting down and abandoning module AlembicLibrary (313)
[2018.02.26-19.17.52:447][315]LogModuleManager: Shutting down and abandoning module GeometryCache (312)
[2018.02.26-19.17.52:447][315]LogModuleManager: Shutting down and abandoning module GeometryCacheEd (311)
[2018.02.26-19.17.52:447][315]LogModuleManager: Shutting down and abandoning module SpeedTreeImporter (306)
[2018.02.26-19.17.52:447][315]LogModuleManager: Shutting down and abandoning module PluginBrowser (304)
[2018.02.26-19.17.52:447][315]LogModuleManager: Shutting down and abandoning module MobileLauncherProfileWizard (302)
[2018.02.26-19.17.52:447][315]LogModuleManager: Shutting down and abandoning module VisualStudioSourceCodeAccess (300)
[2018.02.26-19.17.52:447][315]LogModuleManager: Shutting down and abandoning module VisualStudioCodeSourceCodeAccess (298)
[2018.02.26-19.17.52:447][315]LogModuleManager: Shutting down and abandoning module UObjectPlugin (296)
[2018.02.26-19.17.52:447][315]LogModuleManager: Shutting down and abandoning module SubversionSourceControl (294)
[2018.02.26-19.17.52:447][315]LogModuleManager: Shutting down and abandoning module PerforceSourceControl (292)
[2018.02.26-19.17.52:448][315]LogModuleManager: Shutting down and abandoning module GitSourceControl (290)
[2018.02.26-19.17.52:448][315]LogModuleManager: Shutting down and abandoning module SourceControl (289)
[2018.02.26-19.17.52:448][315]LogModuleManager: Shutting down and abandoning module LightPropagationVolumeEditor (286)
[2018.02.26-19.17.52:448][315]LogModuleManager: Shutting down and abandoning module PaperTiledImporter (284)
[2018.02.26-19.17.52:448][315]LogModuleManager: Shutting down and abandoning module PaperSpriteSheetImporter (282)
[2018.02.26-19.17.52:448][315]LogModuleManager: Shutting down and abandoning module Paper2DEditor (280)
[2018.02.26-19.17.52:448][315]LogModuleManager: Shutting down and abandoning module MeshPaint (279)
[2018.02.26-19.17.52:448][315]LogModuleManager: Shutting down and abandoning module LevelEditor (277)
[2018.02.26-19.17.52:449][315]LogModuleManager: Shutting down and abandoning module PixelInspectorModule (276)
[2018.02.26-19.17.52:449][315]LogModuleManager: Shutting down and abandoning module MainFrame (274)
[2018.02.26-19.17.52:449][315]LogModuleManager: Shutting down and abandoning module HotReload (273)
[2018.02.26-19.17.52:449][315]LogModuleManager: Shutting down and abandoning module RuntimePhysXCooking (268)
[2018.02.26-19.17.52:449][315]LogModuleManager: Shutting down and abandoning module PhysXVehiclesEditor (266)
[2018.02.26-19.17.52:449][315]LogModuleManager: Shutting down and abandoning module PhysXVehicles (264)
[2018.02.26-19.17.52:449][315]LogModuleManager: Shutting down and abandoning module OculusEditor (262)
[2018.02.26-19.17.52:449][315]LogModuleManager: Shutting down and abandoning module LocationServicesBPLibrary (260)
[2018.02.26-19.17.52:449][315]LogModuleManager: Shutting down and abandoning module ImmediatePhysicsEditor (258)
[2018.02.26-19.17.52:449][315]LogModuleManager: Shutting down and abandoning module ImmediatePhysics (256)
[2018.02.26-19.17.52:449][315]LogModuleManager: Shutting down and abandoning module UdpMessaging (254)
[2018.02.26-19.17.52:550][315]LogModuleManager: Shutting down and abandoning module TcpMessaging (252)
[2018.02.26-19.17.52:651][315]LogModuleManager: Shutting down and abandoning module GameplayTagsEditor (250)
[2018.02.26-19.17.52:651][315]LogModuleManager: Shutting down and abandoning module FacialAnimationEditor (248)
[2018.02.26-19.17.52:651][315]LogModuleManager: Shutting down and abandoning module FacialAnimation (246)
[2018.02.26-19.17.52:651][315]LogModuleManager: Shutting down and abandoning module AssetManagerEditor (244)
[2018.02.26-19.17.52:651][315]LogModuleManager: Shutting down and abandoning module GraphEditor (243)
[2018.02.26-19.17.52:651][315]LogModuleManager: Shutting down and abandoning module ContentBrowser (241)
[2018.02.26-19.17.52:653][315]LogModuleManager: Shutting down and abandoning module LightPropagationVolumeRuntime (238)
[2018.02.26-19.17.52:653][315]LogModuleManager: Shutting down and abandoning module Paper2D (236)
[2018.02.26-19.17.52:653][315]LogModuleManager: Shutting down and abandoning module WindowsMoviePlayer (234)
[2018.02.26-19.17.52:653][315]LogModuleManager: Shutting down and abandoning module WmfMedia (232)
[2018.02.26-19.17.52:656][315]LogModuleManager: Shutting down and abandoning module ImgMedia (230)
[2018.02.26-19.17.52:656][315]LogModuleManager: Shutting down and abandoning module PacketHandler (228)
[2018.02.26-19.17.52:656][315]LogModuleManager: Shutting down and abandoning module ClothingSystemEditor (226)
[2018.02.26-19.17.52:656][315]LogModuleManager: Shutting down and abandoning module ClothingSystemRuntime (224)
[2018.02.26-19.17.52:656][315]LogModuleManager: Shutting down and abandoning module MediaAssets (222)
[2018.02.26-19.17.52:656][315]LogModuleManager: Shutting down and abandoning module Media (221)
[2018.02.26-19.17.52:662][315]LogModuleManager: Shutting down and abandoning module Overlay (218)
[2018.02.26-19.17.52:662][315]LogModuleManager: Shutting down and abandoning module OverlayEditor (217)
[2018.02.26-19.17.52:662][315]LogModuleManager: Shutting down and abandoning module VREditor (214)
[2018.02.26-19.17.52:662][315]LogModuleManager: Shutting down and abandoning module StringTableEditor (212)
[2018.02.26-19.17.52:662][315]LogModuleManager: Shutting down and abandoning module GameplayTasksEditor (210)
[2018.02.26-19.17.52:662][315]LogModuleManager: Shutting down and abandoning module BehaviorTreeEditor (208)
[2018.02.26-19.17.52:662][315]LogModuleManager: Shutting down and abandoning module FunctionalTesting (206)
[2018.02.26-19.17.52:662][315]LogModuleManager: Shutting down and abandoning module CollisionAnalyzer (204)
[2018.02.26-19.17.52:662][315]LogModuleManager: Shutting down and abandoning module WorkspaceMenuStructure (203)
[2018.02.26-19.17.52:662][315]LogModuleManager: Shutting down and abandoning module UMG (200)
[2018.02.26-19.17.52:662][315]LogModuleManager: Shutting down and abandoning module UMGEditor (199)
[2018.02.26-19.17.52:662][315]LogModuleManager: Shutting down and abandoning module Sequencer (198)
[2018.02.26-19.17.52:662][315]LogModuleManager: Shutting down and abandoning module MessageLog (195)
[2018.02.26-19.17.52:662][315]LogModuleManager: Shutting down and abandoning module SlateReflector (190)
[2018.02.26-19.17.52:662][315]LogModuleManager: Shutting down and abandoning module Slate (188)
[2018.02.26-19.17.52:662][315]LogModuleManager: Shutting down and abandoning module EditorStyle (186)
[2018.02.26-19.17.52:664][315]LogModuleManager: Shutting down and abandoning module MRMesh (184)
[2018.02.26-19.17.52:664][315]LogModuleManager: Shutting down and abandoning module SourceCodeAccess (182)
[2018.02.26-19.17.52:664][315]LogModuleManager: Shutting down and abandoning module HeadMountedDisplay (180)
[2018.02.26-19.17.52:664][315]LogModuleManager: Shutting down and abandoning module XAudio2 (178)
[2018.02.26-19.17.52:664][315]LogModuleManager: Shutting down and abandoning module Networking (176)
[2018.02.26-19.17.52:664][315]LogModuleManager: Shutting down and abandoning module Core (172)
[2018.02.26-19.17.52:664][315]LogModuleManager: Shutting down and abandoning module LevelSequence (168)
[2018.02.26-19.17.52:665][315]LogModuleManager: Shutting down and abandoning module DirectoryWatcher (166)
[2018.02.26-19.17.52:665][315]LogModuleManager: Shutting down and abandoning module KismetCompiler (164)
[2018.02.26-19.17.52:665][315]LogModuleManager: Shutting down and abandoning module MeshUtilities (162)
[2018.02.26-19.17.52:665][315]LogModuleManager: Shutting down and abandoning module MeshMergeUtilities (161)
[2018.02.26-19.17.52:666][315]LogModuleManager: Shutting down and abandoning module MeshReductionInterface (160)
[2018.02.26-19.17.52:666][315]LogModuleManager: Shutting down and abandoning module SimplygonSwarm (159)
[2018.02.26-19.17.52:666][315]LogModuleManager: Shutting down and abandoning module SimplygonMeshReduction (157)
[2018.02.26-19.17.52:666][315]LogModuleManager: Shutting down and abandoning module QuadricMeshReduction (155)
[2018.02.26-19.17.52:666][315]LogModuleManager: Shutting down and abandoning module MaterialBaking (151)
[2018.02.26-19.17.52:666][315]LogModuleManager: Shutting down and abandoning module DerivedDataCache (148)
[2018.02.26-19.17.52:667][315]LogDerivedDataCache: Shutdown
[2018.02.26-19.17.52:667][315]LogModuleManager: Shutting down and abandoning module TargetPlatform (146)
[2018.02.26-19.17.52:667][315]LogModuleManager: Shutting down and abandoning module VulkanShaderFormat (145)
[2018.02.26-19.17.52:667][315]LogModuleManager: Shutting down and abandoning module ShaderFormatVectorVM (143)
[2018.02.26-19.17.52:667][315]LogModuleManager: Shutting down and abandoning module ShaderFormatOpenGL (141)
[2018.02.26-19.17.52:667][315]LogModuleManager: Shutting down and abandoning module ShaderFormatD3D (139)
[2018.02.26-19.17.52:667][315]LogModuleManager: Shutting down and abandoning module MetalShaderFormat (137)
[2018.02.26-19.17.52:667][315]LogModuleManager: Shutting down and abandoning module TextureFormatUncompressed (135)
[2018.02.26-19.17.52:668][315]LogModuleManager: Shutting down and abandoning module TextureFormatPVR (133)
[2018.02.26-19.17.52:668][315]LogModuleManager: Shutting down and abandoning module TextureFormatDXT (131)
[2018.02.26-19.17.52:668][315]LogModuleManager: Shutting down and abandoning module TextureFormatIntelISPCTexComp (129)
[2018.02.26-19.17.52:668][315]LogModuleManager: Shutting down and abandoning module TextureFormatASTC (127)
[2018.02.26-19.17.52:668][315]LogModuleManager: Shutting down and abandoning module ImageWrapper (126)
[2018.02.26-19.17.52:668][315]LogModuleManager: Shutting down and abandoning module TextureFormatAndroid (123)
[2018.02.26-19.17.52:668][315]LogModuleManager: Shutting down and abandoning module AudioFormatOpus (121)
[2018.02.26-19.17.52:668][315]LogModuleManager: Shutting down and abandoning module AudioFormatOgg (119)
[2018.02.26-19.17.52:668][315]LogModuleManager: Shutting down and abandoning module AudioFormatADPCM (117)
[2018.02.26-19.17.52:668][315]LogModuleManager: Shutting down and abandoning module LinuxTargetPlatform (115)
[2018.02.26-19.17.52:668][315]LogModuleManager: Shutting down and abandoning module LinuxServerTargetPlatform (113)
[2018.02.26-19.17.52:668][315]LogModuleManager: Shutting down and abandoning module LinuxNoEditorTargetPlatform (111)
[2018.02.26-19.17.52:668][315]LogModuleManager: Shutting down and abandoning module LinuxClientTargetPlatform (109)
[2018.02.26-19.17.52:668][315]LogModuleManager: Shutting down and abandoning module TVOSTargetPlatform (107)
[2018.02.26-19.17.52:668][315]LogModuleManager: Shutting down and abandoning module Messaging (105)
[2018.02.26-19.17.52:668][315]LogModuleManager: Shutting down and abandoning module IOSTargetPlatform (103)
[2018.02.26-19.17.52:668][315]LogModuleManager: Shutting down and abandoning module HTML5TargetPlatform (101)
[2018.02.26-19.17.52:668][315]LogModuleManager: Shutting down and abandoning module AndroidTargetPlatform (99)
[2018.02.26-19.17.52:668][315]LogModuleManager: Shutting down and abandoning module Android_PVRTCTargetPlatform (97)
[2018.02.26-19.17.52:668][315]LogModuleManager: Shutting down and abandoning module Android_MultiTargetPlatform (95)
[2018.02.26-19.17.52:668][315]LogModuleManager: Shutting down and abandoning module Android_ETC2TargetPlatform (93)
[2018.02.26-19.17.52:668][315]LogModuleManager: Shutting down and abandoning module Android_ETC1TargetPlatform (91)
[2018.02.26-19.17.52:668][315]LogModuleManager: Shutting down and abandoning module Android_DXTTargetPlatform (89)
[2018.02.26-19.17.52:668][315]LogModuleManager: Shutting down and abandoning module Android_ATCTargetPlatform (87)
[2018.02.26-19.17.52:668][315]LogModuleManager: Shutting down and abandoning module Android_ASTCTargetPlatform (85)
[2018.02.26-19.17.52:668][315]LogModuleManager: Shutting down and abandoning module WindowsTargetPlatform (83)
[2018.02.26-19.17.52:668][315]LogModuleManager: Shutting down and abandoning module WindowsServerTargetPlatform (81)
[2018.02.26-19.17.52:668][315]LogModuleManager: Shutting down and abandoning module WindowsNoEditorTargetPlatform (79)
[2018.02.26-19.17.52:668][315]LogModuleManager: Shutting down and abandoning module WindowsClientTargetPlatform (77)
[2018.02.26-19.17.52:668][315]LogModuleManager: Shutting down and abandoning module MacTargetPlatform (75)
[2018.02.26-19.17.52:668][315]LogModuleManager: Shutting down and abandoning module MacServerTargetPlatform (73)
[2018.02.26-19.17.52:668][315]LogModuleManager: Shutting down and abandoning module MacNoEditorTargetPlatform (71)
[2018.02.26-19.17.52:668][315]LogModuleManager: Shutting down and abandoning module MacClientTargetPlatform (69)
[2018.02.26-19.17.52:668][315]LogModuleManager: Shutting down and abandoning module AllDesktopTargetPlatform (67)
[2018.02.26-19.17.52:668][315]LogModuleManager: Shutting down and abandoning module InputCore (64)
[2018.02.26-19.17.52:668][315]LogModuleManager: Shutting down and abandoning module Settings (62)
[2018.02.26-19.17.52:668][315]LogModuleManager: Shutting down and abandoning module PhysXCooking (60)
[2018.02.26-19.17.52:668][315]LogModuleManager: Shutting down and abandoning module SteamVR (58)
[2018.02.26-19.17.52:668][315]LogModuleManager: Shutting down and abandoning module OculusHMD (56)
[2018.02.26-19.17.52:668][315]LogModuleManager: Shutting down and abandoning module ExampleDeviceProfileSelector (54)
[2018.02.26-19.17.52:668][315]LogModuleManager: Shutting down and abandoning module AppleARKit (52)
[2018.02.26-19.17.52:668][315]LogModuleManager: Shutting down and abandoning module AugmentedReality (51)
[2018.02.26-19.17.52:668][315]LogModuleManager: Shutting down and abandoning module OnlineBlueprintSupport (48)
[2018.02.26-19.17.52:668][315]LogModuleManager: Shutting down and abandoning module OnlineSubsystem (44)
[2018.02.26-19.17.52:668][315]LogModuleManager: Shutting down and abandoning module XMPP (43)
[2018.02.26-19.17.52:668][315]LogModuleManager: Shutting down and abandoning module HTTP (41)
[2018.02.26-19.17.52:668][315]LogHttp: Display: Http module shutting down, but needs to wait on 1 outstanding Http requests:
[2018.02.26-19.17.52:668][315]LogHttp: Display: 	verb=[POST] url=[https://datarouter.ol.epicgames.com/datarouter/api/v1/public/data?SessionID=%7BAA99FD90-4C3C-8740-8C75-44921F5725C0%7D&AppID=UEEditor.Rocket.Release&AppVersion=4.18.3-3832480%2B%2B%2BUE4%2BRelease-4.18&UserID=32ebdd9b416db7e57598d4b7799896d1%7C44ee715628ff44798ee51605e722e43f%7C028612ea-cec5-41cf-8940-089e5df20176&AppEnvironment=datacollector-binary&UploadType=eteventstream] status=Processing
[2018.02.26-19.17.52:698][315]LogModuleManager: Shutting down and abandoning module SSL (40)
[2018.02.26-19.17.52:700][315]LogModuleManager: Shutting down and abandoning module AnimationModifiers (36)
[2018.02.26-19.17.52:700][315]LogModuleManager: Shutting down and abandoning module PropertyEditor (35)
[2018.02.26-19.17.52:700][315]LogModuleManager: Shutting down and abandoning module AudioEditor (32)
[2018.02.26-19.17.52:700][315]LogModuleManager: Shutting down and abandoning module TextureCompressor (30)
[2018.02.26-19.17.52:700][315]LogModuleManager: Shutting down and abandoning module ShaderCore (28)
[2018.02.26-19.17.52:700][315]LogModuleManager: Shutting down and abandoning module Landscape (26)
[2018.02.26-19.17.52:700][315]LogModuleManager: Shutting down and abandoning module SlateRHIRenderer (24)
[2018.02.26-19.17.52:702][315]LogModuleManager: Shutting down and abandoning module OpenGLDrv (22)
[2018.02.26-19.17.52:702][315]LogModuleManager: Shutting down and abandoning module D3D11RHI (20)
[2018.02.26-19.17.52:702][315]LogModuleManager: Shutting down and abandoning module AnimGraphRuntime (18)
[2018.02.26-19.17.52:702][315]LogModuleManager: Shutting down and abandoning module Renderer (16)
[2018.02.26-19.17.52:702][315]LogModuleManager: Shutting down and abandoning module Engine (14)
[2018.02.26-19.17.52:702][315]LogModuleManager: Shutting down and abandoning module CoreUObject (12)
[2018.02.26-19.17.52:702][315]LogModuleManager: Shutting down and abandoning module NetworkFile (10)
[2018.02.26-19.17.52:702][315]LogModuleManager: Shutting down and abandoning module CookedIterativeFile (8)
[2018.02.26-19.17.52:702][315]LogModuleManager: Shutting down and abandoning module StreamingFile (6)
[2018.02.26-19.17.52:702][315]LogModuleManager: Shutting down and abandoning module SandboxFile (4)
[2018.02.26-19.17.52:702][315]LogModuleManager: Shutting down and abandoning module PakFile (2)
[2018.02.26-19.17.52:721][315]LogExit: Exiting.
[2018.02.26-19.17.52:732][315]Log file closed, 02/26/18 20:17:52
